#
# There is insufficient memory for the Java Runtime Environment to continue.
# Native memory allocation (malloc) failed to allocate 729008 bytes for Chunk::new
# Possible reasons:
#   The system is out of physical RAM or swap space
#   The process is running with CompressedOops enabled, and the Java Heap may be blocking the growth of the native heap
# Possible solutions:
#   Reduce memory load on the system
#   Increase physical memory or swap space
#   Check if swap backing store is full
#   Decrease Java heap size (-Xmx/-Xms)
#   Decrease number of Java threads
#   Decrease Java thread stack sizes (-Xss)
#   Set larger code cache with -XX:ReservedCodeCacheSize=
#   JVM is running with Unscaled Compressed Oops mode in which the Java heap is
#     placed in the first 4GB address space. The Java Heap base address is the
#     maximum limit for the native heap growth. Please use -XX:HeapBaseMinAddress
#     to set the Java Heap base and to place the Java Heap above 4GB virtual address.
# This output file may be truncated or incomplete.
#
#  Out of Memory Error (arena.cpp:184), pid=15440, tid=26500
#
# JRE version: Java(TM) SE Runtime Environment (20.0+36) (build 20+36-2344)
# Java VM: Java HotSpot(TM) 64-Bit Server VM (20+36-2344, mixed mode, sharing, tiered, compressed oops, compressed class ptrs, g1 gc, windows-amd64)
# No core dump will be written. Minidumps are not enabled by default on client versions of Windows
#

---------------  S U M M A R Y ------------

Command Line: --add-opens=java.base/java.util=ALL-UNNAMED --add-opens=java.base/java.lang=ALL-UNNAMED --add-opens=java.base/java.lang.invoke=ALL-UNNAMED --add-opens=java.prefs/java.util.prefs=ALL-UNNAMED --add-opens=java.base/java.nio.charset=ALL-UNNAMED --add-opens=java.base/java.net=ALL-UNNAMED --add-opens=java.base/java.util.concurrent.atomic=ALL-UNNAMED -XX:MaxMetaspaceSize=384m -XX:+HeapDumpOnOutOfMemoryError -Xms256m -Xmx512m -Dfile.encoding=windows-1252 -Duser.country=IN -Duser.language=en -Duser.variant -javaagent:C:\Users\MI\.gradle\wrapper\dists\gradle-8.5-bin\5t9huq95ubn472n8rpzujfbqh\gradle-8.5\lib\agents\gradle-instrumentation-agent-8.5.jar org.gradle.launcher.daemon.bootstrap.GradleDaemon 8.5

Host: Intel(R) Core(TM) i5-10210U CPU @ 1.60GHz, 8 cores, 7G,  Windows 11 , 64 bit Build 22621 (10.0.22621.3672)
Time: Mon Jul 15 16:27:32 2024 India Standard Time elapsed time: 11.562907 seconds (0d 0h 0m 11s)

---------------  T H R E A D  ---------------

Current thread (0x000002c1c32cf440):  JavaThread "C2 CompilerThread1" daemon [_thread_in_native, id=26500, stack(0x000000fb6d200000,0x000000fb6d300000)]


Current CompileTask:
C2:  11563 4870       4       jdk.internal.loader.URLClassPath::getResource (74 bytes)

Stack: [0x000000fb6d200000,0x000000fb6d300000]
Native frames: (J=compiled Java code, j=interpreted, Vv=VM code, C=native code)
V  [jvm.dll+0x6bb95a]
V  [jvm.dll+0x8483aa]
V  [jvm.dll+0x849fa5]
V  [jvm.dll+0x84a6a3]
V  [jvm.dll+0x280b0f]
V  [jvm.dll+0xc2b11]
V  [jvm.dll+0xc2e35]
V  [jvm.dll+0x3bb17c]
V  [jvm.dll+0x3857f5]
V  [jvm.dll+0x384c6a]
V  [jvm.dll+0x24b259]
V  [jvm.dll+0x24a651]
V  [jvm.dll+0x1ce491]
V  [jvm.dll+0x259e1b]
V  [jvm.dll+0x2584f0]
V  [jvm.dll+0x3f2895]
V  [jvm.dll+0x7f4906]
V  [jvm.dll+0x6ba5cb]
C  [ucrtbase.dll+0x29333]
C  [KERNEL32.DLL+0x1257d]
C  [ntdll.dll+0x5af28]


---------------  P R O C E S S  ---------------

Threads class SMR info:
_java_thread_list=0x000002c1c2871c10, length=45, elements={
0x000002c1a1bf0800, 0x000002c1be493a30, 0x000002c1be494830, 0x000002c1be497fe0,
0x000002c1be498de0, 0x000002c1be49c740, 0x000002c1be49e1c0, 0x000002c1c280e5f0,
0x000002c1c280ef70, 0x000002c1be452be0, 0x000002c1c2a40310, 0x000002c1c3f40700,
0x000002c1c45e88b0, 0x000002c1c4290890, 0x000002c1c45f0410, 0x000002c1c45ef990,
0x000002c1c45ee450, 0x000002c1c45ee9a0, 0x000002c1c45eeef0, 0x000002c1c45ef440,
0x000002c1c4738b70, 0x000002c1c4732bd0, 0x000002c1c4733670, 0x000002c1c4735100,
0x000002c1c4737b80, 0x000002c1c4735650, 0x000002c1c4734bb0, 0x000002c1c47390c0,
0x000002c1c4733120, 0x000002c1c4739610, 0x000002c1c4739b60, 0x000002c1c4736b90,
0x000002c1c4733bc0, 0x000002c1c47360f0, 0x000002c1c4734110, 0x000002c1c4738620,
0x000002c1c4732680, 0x000002c1c4734660, 0x000002c1c47370e0, 0x000002c1c4736640,
0x000002c1c47380d0, 0x000002c1c3ae3300, 0x000002c1c3ade350, 0x000002c1c3adf890,
0x000002c1c32cf440
}

Java Threads: ( => current thread )
  0x000002c1a1bf0800 JavaThread "main" [_thread_blocked, id=25088, stack(0x000000fb6a000000,0x000000fb6a100000)]
  0x000002c1be493a30 JavaThread "Reference Handler" daemon [_thread_blocked, id=28100, stack(0x000000fb6a700000,0x000000fb6a800000)]
  0x000002c1be494830 JavaThread "Finalizer" daemon [_thread_blocked, id=19736, stack(0x000000fb6a800000,0x000000fb6a900000)]
  0x000002c1be497fe0 JavaThread "Signal Dispatcher" daemon [_thread_blocked, id=16844, stack(0x000000fb6a900000,0x000000fb6aa00000)]
  0x000002c1be498de0 JavaThread "Attach Listener" daemon [_thread_blocked, id=17868, stack(0x000000fb6aa00000,0x000000fb6ab00000)]
  0x000002c1be49c740 JavaThread "Service Thread" daemon [_thread_blocked, id=1516, stack(0x000000fb6ab00000,0x000000fb6ac00000)]
  0x000002c1be49e1c0 JavaThread "Monitor Deflation Thread" daemon [_thread_blocked, id=14456, stack(0x000000fb6ac00000,0x000000fb6ad00000)]
  0x000002c1c280e5f0 JavaThread "C2 CompilerThread0" daemon [_thread_blocked, id=25144, stack(0x000000fb6ad00000,0x000000fb6ae00000)]
  0x000002c1c280ef70 JavaThread "C1 CompilerThread0" daemon [_thread_blocked, id=28552, stack(0x000000fb6ae00000,0x000000fb6af00000)]
  0x000002c1be452be0 JavaThread "Common-Cleaner" daemon [_thread_blocked, id=6992, stack(0x000000fb6af00000,0x000000fb6b000000)]
  0x000002c1c2a40310 JavaThread "Notification Thread" daemon [_thread_blocked, id=29864, stack(0x000000fb6b000000,0x000000fb6b100000)]
  0x000002c1c3f40700 JavaThread "Daemon health stats" [_thread_blocked, id=2004, stack(0x000000fb6b700000,0x000000fb6b800000)]
  0x000002c1c45e88b0 JavaThread "Incoming local TCP Connector on port 53053" [_thread_in_native, id=32956, stack(0x000000fb6b800000,0x000000fb6b900000)]
  0x000002c1c4290890 JavaThread "Daemon periodic checks" [_thread_blocked, id=2952, stack(0x000000fb6b900000,0x000000fb6ba00000)]
  0x000002c1c45f0410 JavaThread "Daemon" [_thread_blocked, id=28484, stack(0x000000fb6ba00000,0x000000fb6bb00000)]
  0x000002c1c45ef990 JavaThread "Handler for socket connection from /127.0.0.1:53053 to /127.0.0.1:53054" [_thread_in_native, id=21912, stack(0x000000fb6bb00000,0x000000fb6bc00000)]
  0x000002c1c45ee450 JavaThread "Cancel handler" [_thread_blocked, id=18324, stack(0x000000fb6bc00000,0x000000fb6bd00000)]
  0x000002c1c45ee9a0 JavaThread "Daemon worker" [_thread_in_vm, id=28772, stack(0x000000fb6bd00000,0x000000fb6be00000)]
  0x000002c1c45eeef0 JavaThread "Asynchronous log dispatcher for DefaultDaemonConnection: socket connection from /127.0.0.1:53053 to /127.0.0.1:53054" [_thread_blocked, id=13032, stack(0x000000fb6be00000,0x000000fb6bf00000)]
  0x000002c1c45ef440 JavaThread "Stdin handler" [_thread_blocked, id=18456, stack(0x000000fb6bf00000,0x000000fb6c000000)]
  0x000002c1c4738b70 JavaThread "Daemon client event forwarder" [_thread_blocked, id=32176, stack(0x000000fb6c000000,0x000000fb6c100000)]
  0x000002c1c4732bd0 JavaThread "Cache worker for journal cache (C:\Users\MI\.gradle\caches\journal-1)" [_thread_blocked, id=21568, stack(0x000000fb6c100000,0x000000fb6c200000)]
  0x000002c1c4733670 JavaThread "File lock request listener" [_thread_in_native, id=31852, stack(0x000000fb6c200000,0x000000fb6c300000)]
  0x000002c1c4735100 JavaThread "File lock release action executor" [_thread_blocked, id=17412, stack(0x000000fb6c300000,0x000000fb6c400000)]
  0x000002c1c4737b80 JavaThread "Cache worker for file hash cache (C:\Users\MI\.gradle\caches\8.5\fileHashes)" [_thread_blocked, id=12972, stack(0x000000fb6c400000,0x000000fb6c500000)]
  0x000002c1c4735650 JavaThread "File watcher server" daemon [_thread_in_native, id=8324, stack(0x000000fb6c800000,0x000000fb6c900000)]
  0x000002c1c4734bb0 JavaThread "File watcher consumer" daemon [_thread_blocked, id=29492, stack(0x000000fb6c900000,0x000000fb6ca00000)]
  0x000002c1c47390c0 JavaThread "Cache worker for checksums cache (C:\Users\MI\Downloads\starter\.gradle\8.5\checksums)" [_thread_blocked, id=22028, stack(0x000000fb6ca00000,0x000000fb6cb00000)]
  0x000002c1c4733120 JavaThread "Cache worker for file hash cache (C:\Users\MI\Downloads\starter\.gradle\8.5\fileHashes)" [_thread_blocked, id=5440, stack(0x000000fb6cb00000,0x000000fb6cc00000)]
  0x000002c1c4739610 JavaThread "Cache worker for cache directory md-supplier (C:\Users\MI\.gradle\caches\8.5\md-supplier)" [_thread_blocked, id=34016, stack(0x000000fb6cc00000,0x000000fb6cd00000)]
  0x000002c1c4739b60 JavaThread "Cache worker for cache directory md-rule (C:\Users\MI\.gradle\caches\8.5\md-rule)" [_thread_blocked, id=8260, stack(0x000000fb6cd00000,0x000000fb6ce00000)]
  0x000002c1c4736b90 JavaThread "Cache worker for file content cache (C:\Users\MI\.gradle\caches\8.5\fileContent)" [_thread_blocked, id=26020, stack(0x000000fb6ce00000,0x000000fb6cf00000)]
  0x000002c1c4733bc0 JavaThread "Cache worker for execution history cache (C:\Users\MI\.gradle\caches\8.5\executionHistory)" [_thread_blocked, id=14612, stack(0x000000fb6cf00000,0x000000fb6d000000)]
  0x000002c1c47360f0 JavaThread "jar transforms" [_thread_blocked, id=29456, stack(0x000000fb6d100000,0x000000fb6d200000)]
  0x000002c1c4734110 JavaThread "jar transforms Thread 2" [_thread_blocked, id=26972, stack(0x000000fb6d000000,0x000000fb6d100000)]
  0x000002c1c4738620 JavaThread "jar transforms Thread 3" [_thread_blocked, id=24384, stack(0x000000fb6d400000,0x000000fb6d500000)]
  0x000002c1c4732680 JavaThread "jar transforms Thread 4" [_thread_blocked, id=32036, stack(0x000000fb6d500000,0x000000fb6d600000)]
  0x000002c1c4734660 JavaThread "Cache worker for kotlin-dsl (C:\Users\MI\.gradle\caches\8.5\kotlin-dsl)" [_thread_blocked, id=12148, stack(0x000000fb6d600000,0x000000fb6d700000)]
  0x000002c1c47370e0 JavaThread "jar transforms Thread 5" [_thread_blocked, id=34312, stack(0x000000fb6d700000,0x000000fb6d800000)]
  0x000002c1c4736640 JavaThread "jar transforms Thread 6" [_thread_blocked, id=12868, stack(0x000000fb6d800000,0x000000fb6d900000)]
  0x000002c1c47380d0 JavaThread "Cache worker for dependencies-accessors (C:\Users\MI\Downloads\starter\.gradle\8.5\dependencies-accessors)" [_thread_blocked, id=30672, stack(0x000000fb6d900000,0x000000fb6da00000)]
  0x000002c1c3ae3300 JavaThread "Cache worker for Build Output Cleanup Cache (C:\Users\MI\Downloads\starter\.gradle\buildOutputCleanup)" [_thread_blocked, id=20916, stack(0x000000fb6da00000,0x000000fb6db00000)]
  0x000002c1c3ade350 JavaThread "jar transforms Thread 7" [_thread_blocked, id=10948, stack(0x000000fb6db00000,0x000000fb6dc00000)]
  0x000002c1c3adf890 JavaThread "jar transforms Thread 8" [_thread_blocked, id=27428, stack(0x000000fb6dc00000,0x000000fb6dd00000)]
=>0x000002c1c32cf440 JavaThread "C2 CompilerThread1" daemon [_thread_in_native, id=26500, stack(0x000000fb6d200000,0x000000fb6d300000)]

Other Threads:
  0x000002c1be468fb0 VMThread "VM Thread" [stack: 0x000000fb6a600000,0x000000fb6a700000] [id=21040]
  0x000002c1c2a3a3d0 WatcherThread "VM Periodic Task Thread" [stack: 0x000000fb6b100000,0x000000fb6b200000] [id=20128]
  0x000002c1a1c23850 WorkerThread "GC Thread#0" [stack: 0x000000fb6a100000,0x000000fb6a200000] [id=26168]
  0x000002c1c32132f0 WorkerThread "GC Thread#1" [stack: 0x000000fb6b200000,0x000000fb6b300000] [id=29068]
  0x000002c1c3213020 WorkerThread "GC Thread#2" [stack: 0x000000fb6b300000,0x000000fb6b400000] [id=18192]
  0x000002c1c3212a80 WorkerThread "GC Thread#3" [stack: 0x000000fb6b400000,0x000000fb6b500000] [id=24680]
  0x000002c1c3212210 WorkerThread "GC Thread#4" [stack: 0x000000fb6b500000,0x000000fb6b600000] [id=31540]
  0x000002c1c32116d0 WorkerThread "GC Thread#5" [stack: 0x000000fb6b600000,0x000000fb6b700000] [id=25924]
  0x000002c1c46b1610 WorkerThread "GC Thread#6" [stack: 0x000000fb6c500000,0x000000fb6c600000] [id=24736]
  0x000002c1c46ae370 WorkerThread "GC Thread#7" [stack: 0x000000fb6c600000,0x000000fb6c700000] [id=21800]
  0x000002c1a1c28760 ConcurrentGCThread "G1 Main Marker" [stack: 0x000000fb6a200000,0x000000fb6a300000] [id=30820]
  0x000002c1a1c2a340 WorkerThread "G1 Conc#0" [stack: 0x000000fb6a300000,0x000000fb6a400000] [id=33996]
  0x000002c1c46aeeb0 WorkerThread "G1 Conc#1" [stack: 0x000000fb6c700000,0x000000fb6c800000] [id=8512]
  0x000002c1be32d180 ConcurrentGCThread "G1 Refine#0" [stack: 0x000000fb6a400000,0x000000fb6a500000] [id=13120]
  0x000002c1be32da30 ConcurrentGCThread "G1 Service" [stack: 0x000000fb6a500000,0x000000fb6a600000] [id=21320]

Threads with active compile tasks:
C2 CompilerThread1    11641 4870       4       jdk.internal.loader.URLClassPath::getResource (74 bytes)

VM state: not at safepoint (normal execution)

VM Mutex/Monitor currently owned by a thread: None

Heap address: 0x00000000e0000000, size: 512 MB, Compressed Oops mode: 32-bit

CDS archive(s) mapped at: [0x0000000800000000-0x0000000800c60000-0x0000000800c60000), size 12976128, SharedBaseAddress: 0x0000000800000000, ArchiveRelocationMode: 0.
Compressed class space mapped at: 0x0000000801000000-0x0000000814400000, reserved size: 322961408
Narrow klass base: 0x0000000800000000, Narrow klass shift: 0, Narrow klass range: 0x100000000

GC Precious Log:
 CardTable entry size: 512
 Card Set container configuration: InlinePtr #cards 5 size 8 Array Of Cards #cards 12 size 40 Howl #buckets 4 coarsen threshold 1843 Howl Bitmap #cards 512 size 80 coarsen threshold 460 Card regions per heap region 1 cards per card region 2048
 CPUs: 8 total, 8 available
 Memory: 8022M
 Large Page Support: Disabled
 NUMA Support: Disabled
 Compressed Oops: Enabled (32-bit)
 Heap Region Size: 1M
 Heap Min Capacity: 256M
 Heap Initial Capacity: 256M
 Heap Max Capacity: 512M
 Pre-touch: Disabled
 Parallel Workers: 8
 Concurrent Workers: 2
 Concurrent Refinement Workers: 8
 Periodic GC: Disabled

Heap:
 garbage-first heap   total 262144K, used 110051K [0x00000000e0000000, 0x0000000100000000)
  region size 1024K, 85 young (87040K), 8 survivors (8192K)
 Metaspace       used 43478K, committed 45056K, reserved 380928K
  class space    used 6183K, committed 6976K, reserved 315392K

Heap Regions: E=young(eden), S=young(survivor), O=old, HS=humongous(starts), HC=humongous(continues), CS=collection set, F=free, OA=open archive, CA=closed archive, TAMS=top-at-mark-start, PB=parsable bottom
|   0|0x00000000e0000000, 0x00000000e0100000, 0x00000000e0100000|100%|HS|  |TAMS 0x00000000e0000000| PB 0x00000000e0000000| Complete 
|   1|0x00000000e0100000, 0x00000000e0200000, 0x00000000e0200000|100%|HC|  |TAMS 0x00000000e0100000| PB 0x00000000e0100000| Complete 
|   2|0x00000000e0200000, 0x00000000e0300000, 0x00000000e0300000|100%|HC|  |TAMS 0x00000000e0200000| PB 0x00000000e0200000| Complete 
|   3|0x00000000e0300000, 0x00000000e0400000, 0x00000000e0400000|100%|HC|  |TAMS 0x00000000e0300000| PB 0x00000000e0300000| Complete 
|   4|0x00000000e0400000, 0x00000000e0500000, 0x00000000e0500000|100%| O|  |TAMS 0x00000000e0400000| PB 0x00000000e0400000| Untracked 
|   5|0x00000000e0500000, 0x00000000e0600000, 0x00000000e0600000|100%| O|  |TAMS 0x00000000e0500000| PB 0x00000000e0500000| Untracked 
|   6|0x00000000e0600000, 0x00000000e0700000, 0x00000000e0700000|100%| O|  |TAMS 0x00000000e0600000| PB 0x00000000e0600000| Untracked 
|   7|0x00000000e0700000, 0x00000000e0800000, 0x00000000e0800000|100%| O|  |TAMS 0x00000000e0700000| PB 0x00000000e0700000| Untracked 
|   8|0x00000000e0800000, 0x00000000e0900000, 0x00000000e0900000|100%|HS|  |TAMS 0x00000000e0800000| PB 0x00000000e0800000| Complete 
|   9|0x00000000e0900000, 0x00000000e0a00000, 0x00000000e0a00000|100%| O|  |TAMS 0x00000000e0900000| PB 0x00000000e0900000| Untracked 
|  10|0x00000000e0a00000, 0x00000000e0b00000, 0x00000000e0b00000|100%| O|  |TAMS 0x00000000e0a00000| PB 0x00000000e0a00000| Untracked 
|  11|0x00000000e0b00000, 0x00000000e0bc7a00, 0x00000000e0c00000| 77%| O|  |TAMS 0x00000000e0b00000| PB 0x00000000e0b00000| Untracked 
|  12|0x00000000e0c00000, 0x00000000e0d00000, 0x00000000e0d00000|100%|HS|  |TAMS 0x00000000e0c00000| PB 0x00000000e0c00000| Complete 
|  13|0x00000000e0d00000, 0x00000000e0d00000, 0x00000000e0e00000|  0%| F|  |TAMS 0x00000000e0d00000| PB 0x00000000e0d00000| Untracked 
|  14|0x00000000e0e00000, 0x00000000e0e00000, 0x00000000e0f00000|  0%| F|  |TAMS 0x00000000e0e00000| PB 0x00000000e0e00000| Untracked 
|  15|0x00000000e0f00000, 0x00000000e0f00000, 0x00000000e1000000|  0%| F|  |TAMS 0x00000000e0f00000| PB 0x00000000e0f00000| Untracked 
|  16|0x00000000e1000000, 0x00000000e1100000, 0x00000000e1100000|100%| O|  |TAMS 0x00000000e1000000| PB 0x00000000e1000000| Untracked 
|  17|0x00000000e1100000, 0x00000000e1200000, 0x00000000e1200000|100%| O|  |TAMS 0x00000000e1100000| PB 0x00000000e1100000| Untracked 
|  18|0x00000000e1200000, 0x00000000e1300000, 0x00000000e1300000|100%| O|  |TAMS 0x00000000e1200000| PB 0x00000000e1200000| Untracked 
|  19|0x00000000e1300000, 0x00000000e1400000, 0x00000000e1400000|100%| O|  |TAMS 0x00000000e1300000| PB 0x00000000e1300000| Untracked 
|  20|0x00000000e1400000, 0x00000000e1500000, 0x00000000e1500000|100%| O|  |TAMS 0x00000000e1400000| PB 0x00000000e1400000| Untracked 
|  21|0x00000000e1500000, 0x00000000e1600000, 0x00000000e1600000|100%| O|  |TAMS 0x00000000e1500000| PB 0x00000000e1500000| Untracked 
|  22|0x00000000e1600000, 0x00000000e1700000, 0x00000000e1700000|100%| O|  |TAMS 0x00000000e1600000| PB 0x00000000e1600000| Untracked 
|  23|0x00000000e1700000, 0x00000000e1800000, 0x00000000e1800000|100%| O|  |TAMS 0x00000000e1700000| PB 0x00000000e1700000| Untracked 
|  24|0x00000000e1800000, 0x00000000e1900000, 0x00000000e1900000|100%| O|  |TAMS 0x00000000e1800000| PB 0x00000000e1800000| Untracked 
|  25|0x00000000e1900000, 0x00000000e1a00000, 0x00000000e1a00000|100%| O|  |TAMS 0x00000000e1900000| PB 0x00000000e1900000| Untracked 
|  26|0x00000000e1a00000, 0x00000000e1b00000, 0x00000000e1b00000|100%| O|  |TAMS 0x00000000e1a00000| PB 0x00000000e1a00000| Complete 
|  27|0x00000000e1b00000, 0x00000000e1c00000, 0x00000000e1c00000|100%| O|  |TAMS 0x00000000e1b00000| PB 0x00000000e1b00000| Untracked 
|  28|0x00000000e1c00000, 0x00000000e1c00000, 0x00000000e1d00000|  0%| F|  |TAMS 0x00000000e1c00000| PB 0x00000000e1c00000| Untracked 
|  29|0x00000000e1d00000, 0x00000000e1d00000, 0x00000000e1e00000|  0%| F|  |TAMS 0x00000000e1d00000| PB 0x00000000e1d00000| Untracked 
|  30|0x00000000e1e00000, 0x00000000e1e00000, 0x00000000e1f00000|  0%| F|  |TAMS 0x00000000e1e00000| PB 0x00000000e1e00000| Untracked 
|  31|0x00000000e1f00000, 0x00000000e1f00000, 0x00000000e2000000|  0%| F|  |TAMS 0x00000000e1f00000| PB 0x00000000e1f00000| Untracked 
|  32|0x00000000e2000000, 0x00000000e2000000, 0x00000000e2100000|  0%| F|  |TAMS 0x00000000e2000000| PB 0x00000000e2000000| Untracked 
|  33|0x00000000e2100000, 0x00000000e2100000, 0x00000000e2200000|  0%| F|  |TAMS 0x00000000e2100000| PB 0x00000000e2100000| Untracked 
|  34|0x00000000e2200000, 0x00000000e2200000, 0x00000000e2300000|  0%| F|  |TAMS 0x00000000e2200000| PB 0x00000000e2200000| Untracked 
|  35|0x00000000e2300000, 0x00000000e2300000, 0x00000000e2400000|  0%| F|  |TAMS 0x00000000e2300000| PB 0x00000000e2300000| Untracked 
|  36|0x00000000e2400000, 0x00000000e2400000, 0x00000000e2500000|  0%| F|  |TAMS 0x00000000e2400000| PB 0x00000000e2400000| Untracked 
|  37|0x00000000e2500000, 0x00000000e2500000, 0x00000000e2600000|  0%| F|  |TAMS 0x00000000e2500000| PB 0x00000000e2500000| Untracked 
|  38|0x00000000e2600000, 0x00000000e2600000, 0x00000000e2700000|  0%| F|  |TAMS 0x00000000e2600000| PB 0x00000000e2600000| Untracked 
|  39|0x00000000e2700000, 0x00000000e2700000, 0x00000000e2800000|  0%| F|  |TAMS 0x00000000e2700000| PB 0x00000000e2700000| Untracked 
|  40|0x00000000e2800000, 0x00000000e2800000, 0x00000000e2900000|  0%| F|  |TAMS 0x00000000e2800000| PB 0x00000000e2800000| Untracked 
|  41|0x00000000e2900000, 0x00000000e2900000, 0x00000000e2a00000|  0%| F|  |TAMS 0x00000000e2900000| PB 0x00000000e2900000| Untracked 
|  42|0x00000000e2a00000, 0x00000000e2a00000, 0x00000000e2b00000|  0%| F|  |TAMS 0x00000000e2a00000| PB 0x00000000e2a00000| Untracked 
|  43|0x00000000e2b00000, 0x00000000e2b00000, 0x00000000e2c00000|  0%| F|  |TAMS 0x00000000e2b00000| PB 0x00000000e2b00000| Untracked 
|  44|0x00000000e2c00000, 0x00000000e2c00000, 0x00000000e2d00000|  0%| F|  |TAMS 0x00000000e2c00000| PB 0x00000000e2c00000| Untracked 
|  45|0x00000000e2d00000, 0x00000000e2d00000, 0x00000000e2e00000|  0%| F|  |TAMS 0x00000000e2d00000| PB 0x00000000e2d00000| Untracked 
|  46|0x00000000e2e00000, 0x00000000e2e00000, 0x00000000e2f00000|  0%| F|  |TAMS 0x00000000e2e00000| PB 0x00000000e2e00000| Untracked 
|  47|0x00000000e2f00000, 0x00000000e2f00000, 0x00000000e3000000|  0%| F|  |TAMS 0x00000000e2f00000| PB 0x00000000e2f00000| Untracked 
|  48|0x00000000e3000000, 0x00000000e3000000, 0x00000000e3100000|  0%| F|  |TAMS 0x00000000e3000000| PB 0x00000000e3000000| Untracked 
|  49|0x00000000e3100000, 0x00000000e3100000, 0x00000000e3200000|  0%| F|  |TAMS 0x00000000e3100000| PB 0x00000000e3100000| Untracked 
|  50|0x00000000e3200000, 0x00000000e3200000, 0x00000000e3300000|  0%| F|  |TAMS 0x00000000e3200000| PB 0x00000000e3200000| Untracked 
|  51|0x00000000e3300000, 0x00000000e3300000, 0x00000000e3400000|  0%| F|  |TAMS 0x00000000e3300000| PB 0x00000000e3300000| Untracked 
|  52|0x00000000e3400000, 0x00000000e3400000, 0x00000000e3500000|  0%| F|  |TAMS 0x00000000e3400000| PB 0x00000000e3400000| Untracked 
|  53|0x00000000e3500000, 0x00000000e3500000, 0x00000000e3600000|  0%| F|  |TAMS 0x00000000e3500000| PB 0x00000000e3500000| Untracked 
|  54|0x00000000e3600000, 0x00000000e3600000, 0x00000000e3700000|  0%| F|  |TAMS 0x00000000e3600000| PB 0x00000000e3600000| Untracked 
|  55|0x00000000e3700000, 0x00000000e3700000, 0x00000000e3800000|  0%| F|  |TAMS 0x00000000e3700000| PB 0x00000000e3700000| Untracked 
|  56|0x00000000e3800000, 0x00000000e3800000, 0x00000000e3900000|  0%| F|  |TAMS 0x00000000e3800000| PB 0x00000000e3800000| Untracked 
|  57|0x00000000e3900000, 0x00000000e3900000, 0x00000000e3a00000|  0%| F|  |TAMS 0x00000000e3900000| PB 0x00000000e3900000| Untracked 
|  58|0x00000000e3a00000, 0x00000000e3a00000, 0x00000000e3b00000|  0%| F|  |TAMS 0x00000000e3a00000| PB 0x00000000e3a00000| Untracked 
|  59|0x00000000e3b00000, 0x00000000e3b00000, 0x00000000e3c00000|  0%| F|  |TAMS 0x00000000e3b00000| PB 0x00000000e3b00000| Untracked 
|  60|0x00000000e3c00000, 0x00000000e3c00000, 0x00000000e3d00000|  0%| F|  |TAMS 0x00000000e3c00000| PB 0x00000000e3c00000| Untracked 
|  61|0x00000000e3d00000, 0x00000000e3d00000, 0x00000000e3e00000|  0%| F|  |TAMS 0x00000000e3d00000| PB 0x00000000e3d00000| Untracked 
|  62|0x00000000e3e00000, 0x00000000e3e00000, 0x00000000e3f00000|  0%| F|  |TAMS 0x00000000e3e00000| PB 0x00000000e3e00000| Untracked 
|  63|0x00000000e3f00000, 0x00000000e3f00000, 0x00000000e4000000|  0%| F|  |TAMS 0x00000000e3f00000| PB 0x00000000e3f00000| Untracked 
|  64|0x00000000e4000000, 0x00000000e4000000, 0x00000000e4100000|  0%| F|  |TAMS 0x00000000e4000000| PB 0x00000000e4000000| Untracked 
|  65|0x00000000e4100000, 0x00000000e4100000, 0x00000000e4200000|  0%| F|  |TAMS 0x00000000e4100000| PB 0x00000000e4100000| Untracked 
|  66|0x00000000e4200000, 0x00000000e4200000, 0x00000000e4300000|  0%| F|  |TAMS 0x00000000e4200000| PB 0x00000000e4200000| Untracked 
|  67|0x00000000e4300000, 0x00000000e4300000, 0x00000000e4400000|  0%| F|  |TAMS 0x00000000e4300000| PB 0x00000000e4300000| Untracked 
|  68|0x00000000e4400000, 0x00000000e4400000, 0x00000000e4500000|  0%| F|  |TAMS 0x00000000e4400000| PB 0x00000000e4400000| Untracked 
|  69|0x00000000e4500000, 0x00000000e4500000, 0x00000000e4600000|  0%| F|  |TAMS 0x00000000e4500000| PB 0x00000000e4500000| Untracked 
|  70|0x00000000e4600000, 0x00000000e4600000, 0x00000000e4700000|  0%| F|  |TAMS 0x00000000e4600000| PB 0x00000000e4600000| Untracked 
|  71|0x00000000e4700000, 0x00000000e4700000, 0x00000000e4800000|  0%| F|  |TAMS 0x00000000e4700000| PB 0x00000000e4700000| Untracked 
|  72|0x00000000e4800000, 0x00000000e4800000, 0x00000000e4900000|  0%| F|  |TAMS 0x00000000e4800000| PB 0x00000000e4800000| Untracked 
|  73|0x00000000e4900000, 0x00000000e4900000, 0x00000000e4a00000|  0%| F|  |TAMS 0x00000000e4900000| PB 0x00000000e4900000| Untracked 
|  74|0x00000000e4a00000, 0x00000000e4a00000, 0x00000000e4b00000|  0%| F|  |TAMS 0x00000000e4a00000| PB 0x00000000e4a00000| Untracked 
|  75|0x00000000e4b00000, 0x00000000e4b00000, 0x00000000e4c00000|  0%| F|  |TAMS 0x00000000e4b00000| PB 0x00000000e4b00000| Untracked 
|  76|0x00000000e4c00000, 0x00000000e4c00000, 0x00000000e4d00000|  0%| F|  |TAMS 0x00000000e4c00000| PB 0x00000000e4c00000| Untracked 
|  77|0x00000000e4d00000, 0x00000000e4d00000, 0x00000000e4e00000|  0%| F|  |TAMS 0x00000000e4d00000| PB 0x00000000e4d00000| Untracked 
|  78|0x00000000e4e00000, 0x00000000e4e00000, 0x00000000e4f00000|  0%| F|  |TAMS 0x00000000e4e00000| PB 0x00000000e4e00000| Untracked 
|  79|0x00000000e4f00000, 0x00000000e4f00000, 0x00000000e5000000|  0%| F|  |TAMS 0x00000000e4f00000| PB 0x00000000e4f00000| Untracked 
|  80|0x00000000e5000000, 0x00000000e5000000, 0x00000000e5100000|  0%| F|  |TAMS 0x00000000e5000000| PB 0x00000000e5000000| Untracked 
|  81|0x00000000e5100000, 0x00000000e5100000, 0x00000000e5200000|  0%| F|  |TAMS 0x00000000e5100000| PB 0x00000000e5100000| Untracked 
|  82|0x00000000e5200000, 0x00000000e5200000, 0x00000000e5300000|  0%| F|  |TAMS 0x00000000e5200000| PB 0x00000000e5200000| Untracked 
|  83|0x00000000e5300000, 0x00000000e5300000, 0x00000000e5400000|  0%| F|  |TAMS 0x00000000e5300000| PB 0x00000000e5300000| Untracked 
|  84|0x00000000e5400000, 0x00000000e5400000, 0x00000000e5500000|  0%| F|  |TAMS 0x00000000e5400000| PB 0x00000000e5400000| Untracked 
|  85|0x00000000e5500000, 0x00000000e5500000, 0x00000000e5600000|  0%| F|  |TAMS 0x00000000e5500000| PB 0x00000000e5500000| Untracked 
|  86|0x00000000e5600000, 0x00000000e5600000, 0x00000000e5700000|  0%| F|  |TAMS 0x00000000e5600000| PB 0x00000000e5600000| Untracked 
|  87|0x00000000e5700000, 0x00000000e5700000, 0x00000000e5800000|  0%| F|  |TAMS 0x00000000e5700000| PB 0x00000000e5700000| Untracked 
|  88|0x00000000e5800000, 0x00000000e5800000, 0x00000000e5900000|  0%| F|  |TAMS 0x00000000e5800000| PB 0x00000000e5800000| Untracked 
|  89|0x00000000e5900000, 0x00000000e5900000, 0x00000000e5a00000|  0%| F|  |TAMS 0x00000000e5900000| PB 0x00000000e5900000| Untracked 
|  90|0x00000000e5a00000, 0x00000000e5a00000, 0x00000000e5b00000|  0%| F|  |TAMS 0x00000000e5a00000| PB 0x00000000e5a00000| Untracked 
|  91|0x00000000e5b00000, 0x00000000e5b00000, 0x00000000e5c00000|  0%| F|  |TAMS 0x00000000e5b00000| PB 0x00000000e5b00000| Untracked 
|  92|0x00000000e5c00000, 0x00000000e5c00000, 0x00000000e5d00000|  0%| F|  |TAMS 0x00000000e5c00000| PB 0x00000000e5c00000| Untracked 
|  93|0x00000000e5d00000, 0x00000000e5d00000, 0x00000000e5e00000|  0%| F|  |TAMS 0x00000000e5d00000| PB 0x00000000e5d00000| Untracked 
|  94|0x00000000e5e00000, 0x00000000e5e00000, 0x00000000e5f00000|  0%| F|  |TAMS 0x00000000e5e00000| PB 0x00000000e5e00000| Untracked 
|  95|0x00000000e5f00000, 0x00000000e5f00000, 0x00000000e6000000|  0%| F|  |TAMS 0x00000000e5f00000| PB 0x00000000e5f00000| Untracked 
|  96|0x00000000e6000000, 0x00000000e6000000, 0x00000000e6100000|  0%| F|  |TAMS 0x00000000e6000000| PB 0x00000000e6000000| Untracked 
|  97|0x00000000e6100000, 0x00000000e6100000, 0x00000000e6200000|  0%| F|  |TAMS 0x00000000e6100000| PB 0x00000000e6100000| Untracked 
|  98|0x00000000e6200000, 0x00000000e6200000, 0x00000000e6300000|  0%| F|  |TAMS 0x00000000e6200000| PB 0x00000000e6200000| Untracked 
|  99|0x00000000e6300000, 0x00000000e6300000, 0x00000000e6400000|  0%| F|  |TAMS 0x00000000e6300000| PB 0x00000000e6300000| Untracked 
| 100|0x00000000e6400000, 0x00000000e6400000, 0x00000000e6500000|  0%| F|  |TAMS 0x00000000e6400000| PB 0x00000000e6400000| Untracked 
| 101|0x00000000e6500000, 0x00000000e6500000, 0x00000000e6600000|  0%| F|  |TAMS 0x00000000e6500000| PB 0x00000000e6500000| Untracked 
| 102|0x00000000e6600000, 0x00000000e6600000, 0x00000000e6700000|  0%| F|  |TAMS 0x00000000e6600000| PB 0x00000000e6600000| Untracked 
| 103|0x00000000e6700000, 0x00000000e6700000, 0x00000000e6800000|  0%| F|  |TAMS 0x00000000e6700000| PB 0x00000000e6700000| Untracked 
| 104|0x00000000e6800000, 0x00000000e6800000, 0x00000000e6900000|  0%| F|  |TAMS 0x00000000e6800000| PB 0x00000000e6800000| Untracked 
| 105|0x00000000e6900000, 0x00000000e6900000, 0x00000000e6a00000|  0%| F|  |TAMS 0x00000000e6900000| PB 0x00000000e6900000| Untracked 
| 106|0x00000000e6a00000, 0x00000000e6a00000, 0x00000000e6b00000|  0%| F|  |TAMS 0x00000000e6a00000| PB 0x00000000e6a00000| Untracked 
| 107|0x00000000e6b00000, 0x00000000e6b00000, 0x00000000e6c00000|  0%| F|  |TAMS 0x00000000e6b00000| PB 0x00000000e6b00000| Untracked 
| 108|0x00000000e6c00000, 0x00000000e6c00000, 0x00000000e6d00000|  0%| F|  |TAMS 0x00000000e6c00000| PB 0x00000000e6c00000| Untracked 
| 109|0x00000000e6d00000, 0x00000000e6d00000, 0x00000000e6e00000|  0%| F|  |TAMS 0x00000000e6d00000| PB 0x00000000e6d00000| Untracked 
| 110|0x00000000e6e00000, 0x00000000e6e00000, 0x00000000e6f00000|  0%| F|  |TAMS 0x00000000e6e00000| PB 0x00000000e6e00000| Untracked 
| 111|0x00000000e6f00000, 0x00000000e6f00000, 0x00000000e7000000|  0%| F|  |TAMS 0x00000000e6f00000| PB 0x00000000e6f00000| Untracked 
| 112|0x00000000e7000000, 0x00000000e7000000, 0x00000000e7100000|  0%| F|  |TAMS 0x00000000e7000000| PB 0x00000000e7000000| Untracked 
| 113|0x00000000e7100000, 0x00000000e7100000, 0x00000000e7200000|  0%| F|  |TAMS 0x00000000e7100000| PB 0x00000000e7100000| Untracked 
| 114|0x00000000e7200000, 0x00000000e7200000, 0x00000000e7300000|  0%| F|  |TAMS 0x00000000e7200000| PB 0x00000000e7200000| Untracked 
| 115|0x00000000e7300000, 0x00000000e7300000, 0x00000000e7400000|  0%| F|  |TAMS 0x00000000e7300000| PB 0x00000000e7300000| Untracked 
| 116|0x00000000e7400000, 0x00000000e7400000, 0x00000000e7500000|  0%| F|  |TAMS 0x00000000e7400000| PB 0x00000000e7400000| Untracked 
| 117|0x00000000e7500000, 0x00000000e7500000, 0x00000000e7600000|  0%| F|  |TAMS 0x00000000e7500000| PB 0x00000000e7500000| Untracked 
| 118|0x00000000e7600000, 0x00000000e7600000, 0x00000000e7700000|  0%| F|  |TAMS 0x00000000e7600000| PB 0x00000000e7600000| Untracked 
| 119|0x00000000e7700000, 0x00000000e7700000, 0x00000000e7800000|  0%| F|  |TAMS 0x00000000e7700000| PB 0x00000000e7700000| Untracked 
| 120|0x00000000e7800000, 0x00000000e7800000, 0x00000000e7900000|  0%| F|  |TAMS 0x00000000e7800000| PB 0x00000000e7800000| Untracked 
| 121|0x00000000e7900000, 0x00000000e7900000, 0x00000000e7a00000|  0%| F|  |TAMS 0x00000000e7900000| PB 0x00000000e7900000| Untracked 
| 122|0x00000000e7a00000, 0x00000000e7a00000, 0x00000000e7b00000|  0%| F|  |TAMS 0x00000000e7a00000| PB 0x00000000e7a00000| Untracked 
| 123|0x00000000e7b00000, 0x00000000e7b00000, 0x00000000e7c00000|  0%| F|  |TAMS 0x00000000e7b00000| PB 0x00000000e7b00000| Untracked 
| 124|0x00000000e7c00000, 0x00000000e7c00000, 0x00000000e7d00000|  0%| F|  |TAMS 0x00000000e7c00000| PB 0x00000000e7c00000| Untracked 
| 125|0x00000000e7d00000, 0x00000000e7d00000, 0x00000000e7e00000|  0%| F|  |TAMS 0x00000000e7d00000| PB 0x00000000e7d00000| Untracked 
| 126|0x00000000e7e00000, 0x00000000e7e00000, 0x00000000e7f00000|  0%| F|  |TAMS 0x00000000e7e00000| PB 0x00000000e7e00000| Untracked 
| 127|0x00000000e7f00000, 0x00000000e7f00000, 0x00000000e8000000|  0%| F|  |TAMS 0x00000000e7f00000| PB 0x00000000e7f00000| Untracked 
| 128|0x00000000e8000000, 0x00000000e8000000, 0x00000000e8100000|  0%| F|  |TAMS 0x00000000e8000000| PB 0x00000000e8000000| Untracked 
| 129|0x00000000e8100000, 0x00000000e8100000, 0x00000000e8200000|  0%| F|  |TAMS 0x00000000e8100000| PB 0x00000000e8100000| Untracked 
| 130|0x00000000e8200000, 0x00000000e8200000, 0x00000000e8300000|  0%| F|  |TAMS 0x00000000e8200000| PB 0x00000000e8200000| Untracked 
| 131|0x00000000e8300000, 0x00000000e8300000, 0x00000000e8400000|  0%| F|  |TAMS 0x00000000e8300000| PB 0x00000000e8300000| Untracked 
| 132|0x00000000e8400000, 0x00000000e8400000, 0x00000000e8500000|  0%| F|  |TAMS 0x00000000e8400000| PB 0x00000000e8400000| Untracked 
| 133|0x00000000e8500000, 0x00000000e8500000, 0x00000000e8600000|  0%| F|  |TAMS 0x00000000e8500000| PB 0x00000000e8500000| Untracked 
| 134|0x00000000e8600000, 0x00000000e8600000, 0x00000000e8700000|  0%| F|  |TAMS 0x00000000e8600000| PB 0x00000000e8600000| Untracked 
| 135|0x00000000e8700000, 0x00000000e8700000, 0x00000000e8800000|  0%| F|  |TAMS 0x00000000e8700000| PB 0x00000000e8700000| Untracked 
| 136|0x00000000e8800000, 0x00000000e8800000, 0x00000000e8900000|  0%| F|  |TAMS 0x00000000e8800000| PB 0x00000000e8800000| Untracked 
| 137|0x00000000e8900000, 0x00000000e8900000, 0x00000000e8a00000|  0%| F|  |TAMS 0x00000000e8900000| PB 0x00000000e8900000| Untracked 
| 138|0x00000000e8a00000, 0x00000000e8a00000, 0x00000000e8b00000|  0%| F|  |TAMS 0x00000000e8a00000| PB 0x00000000e8a00000| Untracked 
| 139|0x00000000e8b00000, 0x00000000e8b00000, 0x00000000e8c00000|  0%| F|  |TAMS 0x00000000e8b00000| PB 0x00000000e8b00000| Untracked 
| 140|0x00000000e8c00000, 0x00000000e8c00000, 0x00000000e8d00000|  0%| F|  |TAMS 0x00000000e8c00000| PB 0x00000000e8c00000| Untracked 
| 141|0x00000000e8d00000, 0x00000000e8d00000, 0x00000000e8e00000|  0%| F|  |TAMS 0x00000000e8d00000| PB 0x00000000e8d00000| Untracked 
| 142|0x00000000e8e00000, 0x00000000e8e00000, 0x00000000e8f00000|  0%| F|  |TAMS 0x00000000e8e00000| PB 0x00000000e8e00000| Untracked 
| 143|0x00000000e8f00000, 0x00000000e8f00000, 0x00000000e9000000|  0%| F|  |TAMS 0x00000000e8f00000| PB 0x00000000e8f00000| Untracked 
| 144|0x00000000e9000000, 0x00000000e9000000, 0x00000000e9100000|  0%| F|  |TAMS 0x00000000e9000000| PB 0x00000000e9000000| Untracked 
| 145|0x00000000e9100000, 0x00000000e9100000, 0x00000000e9200000|  0%| F|  |TAMS 0x00000000e9100000| PB 0x00000000e9100000| Untracked 
| 146|0x00000000e9200000, 0x00000000e9200000, 0x00000000e9300000|  0%| F|  |TAMS 0x00000000e9200000| PB 0x00000000e9200000| Untracked 
| 147|0x00000000e9300000, 0x00000000e9300000, 0x00000000e9400000|  0%| F|  |TAMS 0x00000000e9300000| PB 0x00000000e9300000| Untracked 
| 148|0x00000000e9400000, 0x00000000e9400000, 0x00000000e9500000|  0%| F|  |TAMS 0x00000000e9400000| PB 0x00000000e9400000| Untracked 
| 149|0x00000000e9500000, 0x00000000e9500000, 0x00000000e9600000|  0%| F|  |TAMS 0x00000000e9500000| PB 0x00000000e9500000| Untracked 
| 150|0x00000000e9600000, 0x00000000e9600000, 0x00000000e9700000|  0%| F|  |TAMS 0x00000000e9600000| PB 0x00000000e9600000| Untracked 
| 151|0x00000000e9700000, 0x00000000e9700000, 0x00000000e9800000|  0%| F|  |TAMS 0x00000000e9700000| PB 0x00000000e9700000| Untracked 
| 152|0x00000000e9800000, 0x00000000e9800000, 0x00000000e9900000|  0%| F|  |TAMS 0x00000000e9800000| PB 0x00000000e9800000| Untracked 
| 153|0x00000000e9900000, 0x00000000e9900000, 0x00000000e9a00000|  0%| F|  |TAMS 0x00000000e9900000| PB 0x00000000e9900000| Untracked 
| 154|0x00000000e9a00000, 0x00000000e9a00000, 0x00000000e9b00000|  0%| F|  |TAMS 0x00000000e9a00000| PB 0x00000000e9a00000| Untracked 
| 155|0x00000000e9b00000, 0x00000000e9b00000, 0x00000000e9c00000|  0%| F|  |TAMS 0x00000000e9b00000| PB 0x00000000e9b00000| Untracked 
| 156|0x00000000e9c00000, 0x00000000e9c00000, 0x00000000e9d00000|  0%| F|  |TAMS 0x00000000e9c00000| PB 0x00000000e9c00000| Untracked 
| 157|0x00000000e9d00000, 0x00000000e9d00000, 0x00000000e9e00000|  0%| F|  |TAMS 0x00000000e9d00000| PB 0x00000000e9d00000| Untracked 
| 158|0x00000000e9e00000, 0x00000000e9e00000, 0x00000000e9f00000|  0%| F|  |TAMS 0x00000000e9e00000| PB 0x00000000e9e00000| Untracked 
| 159|0x00000000e9f00000, 0x00000000e9f00000, 0x00000000ea000000|  0%| F|  |TAMS 0x00000000e9f00000| PB 0x00000000e9f00000| Untracked 
| 160|0x00000000ea000000, 0x00000000ea000000, 0x00000000ea100000|  0%| F|  |TAMS 0x00000000ea000000| PB 0x00000000ea000000| Untracked 
| 161|0x00000000ea100000, 0x00000000ea100000, 0x00000000ea200000|  0%| F|  |TAMS 0x00000000ea100000| PB 0x00000000ea100000| Untracked 
| 162|0x00000000ea200000, 0x00000000ea200000, 0x00000000ea300000|  0%| F|  |TAMS 0x00000000ea200000| PB 0x00000000ea200000| Untracked 
| 163|0x00000000ea300000, 0x00000000ea300000, 0x00000000ea400000|  0%| F|  |TAMS 0x00000000ea300000| PB 0x00000000ea300000| Untracked 
| 164|0x00000000ea400000, 0x00000000ea400000, 0x00000000ea500000|  0%| F|  |TAMS 0x00000000ea400000| PB 0x00000000ea400000| Untracked 
| 165|0x00000000ea500000, 0x00000000ea500000, 0x00000000ea600000|  0%| F|  |TAMS 0x00000000ea500000| PB 0x00000000ea500000| Untracked 
| 166|0x00000000ea600000, 0x00000000ea600000, 0x00000000ea700000|  0%| F|  |TAMS 0x00000000ea600000| PB 0x00000000ea600000| Untracked 
| 167|0x00000000ea700000, 0x00000000ea700000, 0x00000000ea800000|  0%| F|  |TAMS 0x00000000ea700000| PB 0x00000000ea700000| Untracked 
| 168|0x00000000ea800000, 0x00000000ea800000, 0x00000000ea900000|  0%| F|  |TAMS 0x00000000ea800000| PB 0x00000000ea800000| Untracked 
| 169|0x00000000ea900000, 0x00000000ea900000, 0x00000000eaa00000|  0%| F|  |TAMS 0x00000000ea900000| PB 0x00000000ea900000| Untracked 
| 170|0x00000000eaa00000, 0x00000000eaa00000, 0x00000000eab00000|  0%| F|  |TAMS 0x00000000eaa00000| PB 0x00000000eaa00000| Untracked 
| 171|0x00000000eab00000, 0x00000000eac00000, 0x00000000eac00000|100%| E|  |TAMS 0x00000000eab00000| PB 0x00000000eab00000| Complete 
| 172|0x00000000eac00000, 0x00000000ead00000, 0x00000000ead00000|100%| E|CS|TAMS 0x00000000eac00000| PB 0x00000000eac00000| Complete 
| 173|0x00000000ead00000, 0x00000000eae00000, 0x00000000eae00000|100%| E|CS|TAMS 0x00000000ead00000| PB 0x00000000ead00000| Complete 
| 174|0x00000000eae00000, 0x00000000eaf00000, 0x00000000eaf00000|100%| E|CS|TAMS 0x00000000eae00000| PB 0x00000000eae00000| Complete 
| 175|0x00000000eaf00000, 0x00000000eb000000, 0x00000000eb000000|100%| E|CS|TAMS 0x00000000eaf00000| PB 0x00000000eaf00000| Complete 
| 176|0x00000000eb000000, 0x00000000eb100000, 0x00000000eb100000|100%| E|CS|TAMS 0x00000000eb000000| PB 0x00000000eb000000| Complete 
| 177|0x00000000eb100000, 0x00000000eb200000, 0x00000000eb200000|100%| E|CS|TAMS 0x00000000eb100000| PB 0x00000000eb100000| Complete 
| 178|0x00000000eb200000, 0x00000000eb300000, 0x00000000eb300000|100%| E|CS|TAMS 0x00000000eb200000| PB 0x00000000eb200000| Complete 
| 179|0x00000000eb300000, 0x00000000eb400000, 0x00000000eb400000|100%| E|CS|TAMS 0x00000000eb300000| PB 0x00000000eb300000| Complete 
| 180|0x00000000eb400000, 0x00000000eb500000, 0x00000000eb500000|100%| E|CS|TAMS 0x00000000eb400000| PB 0x00000000eb400000| Complete 
| 181|0x00000000eb500000, 0x00000000eb600000, 0x00000000eb600000|100%| E|CS|TAMS 0x00000000eb500000| PB 0x00000000eb500000| Complete 
| 182|0x00000000eb600000, 0x00000000eb700000, 0x00000000eb700000|100%| E|CS|TAMS 0x00000000eb600000| PB 0x00000000eb600000| Complete 
| 183|0x00000000eb700000, 0x00000000eb800000, 0x00000000eb800000|100%| E|CS|TAMS 0x00000000eb700000| PB 0x00000000eb700000| Complete 
| 184|0x00000000eb800000, 0x00000000eb900000, 0x00000000eb900000|100%| E|CS|TAMS 0x00000000eb800000| PB 0x00000000eb800000| Complete 
| 185|0x00000000eb900000, 0x00000000eba00000, 0x00000000eba00000|100%| E|CS|TAMS 0x00000000eb900000| PB 0x00000000eb900000| Complete 
| 186|0x00000000eba00000, 0x00000000ebb00000, 0x00000000ebb00000|100%| E|CS|TAMS 0x00000000eba00000| PB 0x00000000eba00000| Complete 
| 187|0x00000000ebb00000, 0x00000000ebc00000, 0x00000000ebc00000|100%| E|CS|TAMS 0x00000000ebb00000| PB 0x00000000ebb00000| Complete 
| 188|0x00000000ebc00000, 0x00000000ebd00000, 0x00000000ebd00000|100%| E|CS|TAMS 0x00000000ebc00000| PB 0x00000000ebc00000| Complete 
| 189|0x00000000ebd00000, 0x00000000ebe00000, 0x00000000ebe00000|100%| E|CS|TAMS 0x00000000ebd00000| PB 0x00000000ebd00000| Complete 
| 190|0x00000000ebe00000, 0x00000000ebf00000, 0x00000000ebf00000|100%| E|CS|TAMS 0x00000000ebe00000| PB 0x00000000ebe00000| Complete 
| 191|0x00000000ebf00000, 0x00000000ec000000, 0x00000000ec000000|100%| E|CS|TAMS 0x00000000ebf00000| PB 0x00000000ebf00000| Complete 
| 192|0x00000000ec000000, 0x00000000ec100000, 0x00000000ec100000|100%| E|CS|TAMS 0x00000000ec000000| PB 0x00000000ec000000| Complete 
| 193|0x00000000ec100000, 0x00000000ec200000, 0x00000000ec200000|100%| E|CS|TAMS 0x00000000ec100000| PB 0x00000000ec100000| Complete 
| 194|0x00000000ec200000, 0x00000000ec300000, 0x00000000ec300000|100%| E|CS|TAMS 0x00000000ec200000| PB 0x00000000ec200000| Complete 
| 195|0x00000000ec300000, 0x00000000ec400000, 0x00000000ec400000|100%| E|CS|TAMS 0x00000000ec300000| PB 0x00000000ec300000| Complete 
| 196|0x00000000ec400000, 0x00000000ec500000, 0x00000000ec500000|100%| E|CS|TAMS 0x00000000ec400000| PB 0x00000000ec400000| Complete 
| 197|0x00000000ec500000, 0x00000000ec600000, 0x00000000ec600000|100%| E|CS|TAMS 0x00000000ec500000| PB 0x00000000ec500000| Complete 
| 198|0x00000000ec600000, 0x00000000ec700000, 0x00000000ec700000|100%| E|CS|TAMS 0x00000000ec600000| PB 0x00000000ec600000| Complete 
| 199|0x00000000ec700000, 0x00000000ec800000, 0x00000000ec800000|100%| E|CS|TAMS 0x00000000ec700000| PB 0x00000000ec700000| Complete 
| 200|0x00000000ec800000, 0x00000000ec900000, 0x00000000ec900000|100%| E|CS|TAMS 0x00000000ec800000| PB 0x00000000ec800000| Complete 
| 201|0x00000000ec900000, 0x00000000eca00000, 0x00000000eca00000|100%| E|CS|TAMS 0x00000000ec900000| PB 0x00000000ec900000| Complete 
| 202|0x00000000eca00000, 0x00000000ecb00000, 0x00000000ecb00000|100%| E|CS|TAMS 0x00000000eca00000| PB 0x00000000eca00000| Complete 
| 203|0x00000000ecb00000, 0x00000000ecc00000, 0x00000000ecc00000|100%| E|CS|TAMS 0x00000000ecb00000| PB 0x00000000ecb00000| Complete 
| 204|0x00000000ecc00000, 0x00000000ecd00000, 0x00000000ecd00000|100%| E|CS|TAMS 0x00000000ecc00000| PB 0x00000000ecc00000| Complete 
| 205|0x00000000ecd00000, 0x00000000ece00000, 0x00000000ece00000|100%| E|CS|TAMS 0x00000000ecd00000| PB 0x00000000ecd00000| Complete 
| 206|0x00000000ece00000, 0x00000000ecf00000, 0x00000000ecf00000|100%| E|CS|TAMS 0x00000000ece00000| PB 0x00000000ece00000| Complete 
| 207|0x00000000ecf00000, 0x00000000ed000000, 0x00000000ed000000|100%| E|CS|TAMS 0x00000000ecf00000| PB 0x00000000ecf00000| Complete 
| 208|0x00000000ed000000, 0x00000000ed100000, 0x00000000ed100000|100%| E|CS|TAMS 0x00000000ed000000| PB 0x00000000ed000000| Complete 
| 209|0x00000000ed100000, 0x00000000ed200000, 0x00000000ed200000|100%| E|CS|TAMS 0x00000000ed100000| PB 0x00000000ed100000| Complete 
| 210|0x00000000ed200000, 0x00000000ed300000, 0x00000000ed300000|100%| E|CS|TAMS 0x00000000ed200000| PB 0x00000000ed200000| Complete 
| 211|0x00000000ed300000, 0x00000000ed400000, 0x00000000ed400000|100%| E|CS|TAMS 0x00000000ed300000| PB 0x00000000ed300000| Complete 
| 212|0x00000000ed400000, 0x00000000ed500000, 0x00000000ed500000|100%| E|CS|TAMS 0x00000000ed400000| PB 0x00000000ed400000| Complete 
| 213|0x00000000ed500000, 0x00000000ed600000, 0x00000000ed600000|100%| E|CS|TAMS 0x00000000ed500000| PB 0x00000000ed500000| Complete 
| 214|0x00000000ed600000, 0x00000000ed700000, 0x00000000ed700000|100%| E|CS|TAMS 0x00000000ed600000| PB 0x00000000ed600000| Complete 
| 215|0x00000000ed700000, 0x00000000ed800000, 0x00000000ed800000|100%| E|CS|TAMS 0x00000000ed700000| PB 0x00000000ed700000| Complete 
| 216|0x00000000ed800000, 0x00000000ed900000, 0x00000000ed900000|100%| E|CS|TAMS 0x00000000ed800000| PB 0x00000000ed800000| Complete 
| 217|0x00000000ed900000, 0x00000000eda00000, 0x00000000eda00000|100%| E|CS|TAMS 0x00000000ed900000| PB 0x00000000ed900000| Complete 
| 218|0x00000000eda00000, 0x00000000edb00000, 0x00000000edb00000|100%| E|CS|TAMS 0x00000000eda00000| PB 0x00000000eda00000| Complete 
| 219|0x00000000edb00000, 0x00000000edc00000, 0x00000000edc00000|100%| E|CS|TAMS 0x00000000edb00000| PB 0x00000000edb00000| Complete 
| 220|0x00000000edc00000, 0x00000000edd00000, 0x00000000edd00000|100%| E|CS|TAMS 0x00000000edc00000| PB 0x00000000edc00000| Complete 
| 221|0x00000000edd00000, 0x00000000ede00000, 0x00000000ede00000|100%| E|  |TAMS 0x00000000edd00000| PB 0x00000000edd00000| Complete 
| 222|0x00000000ede00000, 0x00000000edf00000, 0x00000000edf00000|100%| E|CS|TAMS 0x00000000ede00000| PB 0x00000000ede00000| Complete 
| 223|0x00000000edf00000, 0x00000000ee000000, 0x00000000ee000000|100%| E|CS|TAMS 0x00000000edf00000| PB 0x00000000edf00000| Complete 
| 224|0x00000000ee000000, 0x00000000ee100000, 0x00000000ee100000|100%| E|CS|TAMS 0x00000000ee000000| PB 0x00000000ee000000| Complete 
| 225|0x00000000ee100000, 0x00000000ee200000, 0x00000000ee200000|100%| E|CS|TAMS 0x00000000ee100000| PB 0x00000000ee100000| Complete 
| 226|0x00000000ee200000, 0x00000000ee300000, 0x00000000ee300000|100%| E|CS|TAMS 0x00000000ee200000| PB 0x00000000ee200000| Complete 
| 227|0x00000000ee300000, 0x00000000ee400000, 0x00000000ee400000|100%| E|CS|TAMS 0x00000000ee300000| PB 0x00000000ee300000| Complete 
| 228|0x00000000ee400000, 0x00000000ee500000, 0x00000000ee500000|100%| E|CS|TAMS 0x00000000ee400000| PB 0x00000000ee400000| Complete 
| 229|0x00000000ee500000, 0x00000000ee600000, 0x00000000ee600000|100%| E|CS|TAMS 0x00000000ee500000| PB 0x00000000ee500000| Complete 
| 230|0x00000000ee600000, 0x00000000ee700000, 0x00000000ee700000|100%| E|CS|TAMS 0x00000000ee600000| PB 0x00000000ee600000| Complete 
| 231|0x00000000ee700000, 0x00000000ee800000, 0x00000000ee800000|100%| E|CS|TAMS 0x00000000ee700000| PB 0x00000000ee700000| Complete 
| 232|0x00000000ee800000, 0x00000000ee900000, 0x00000000ee900000|100%| E|CS|TAMS 0x00000000ee800000| PB 0x00000000ee800000| Complete 
| 233|0x00000000ee900000, 0x00000000eea00000, 0x00000000eea00000|100%| E|CS|TAMS 0x00000000ee900000| PB 0x00000000ee900000| Complete 
| 234|0x00000000eea00000, 0x00000000eeb00000, 0x00000000eeb00000|100%| E|CS|TAMS 0x00000000eea00000| PB 0x00000000eea00000| Complete 
| 235|0x00000000eeb00000, 0x00000000eec00000, 0x00000000eec00000|100%| E|CS|TAMS 0x00000000eeb00000| PB 0x00000000eeb00000| Complete 
| 236|0x00000000eec00000, 0x00000000eed00000, 0x00000000eed00000|100%| E|CS|TAMS 0x00000000eec00000| PB 0x00000000eec00000| Complete 
| 237|0x00000000eed00000, 0x00000000eee00000, 0x00000000eee00000|100%| E|CS|TAMS 0x00000000eed00000| PB 0x00000000eed00000| Complete 
| 238|0x00000000eee00000, 0x00000000eeeb1500, 0x00000000eef00000| 69%| S|CS|TAMS 0x00000000eee00000| PB 0x00000000eee00000| Complete 
| 239|0x00000000eef00000, 0x00000000ef000000, 0x00000000ef000000|100%| S|CS|TAMS 0x00000000eef00000| PB 0x00000000eef00000| Complete 
| 240|0x00000000ef000000, 0x00000000ef100000, 0x00000000ef100000|100%| S|CS|TAMS 0x00000000ef000000| PB 0x00000000ef000000| Complete 
| 241|0x00000000ef100000, 0x00000000ef200000, 0x00000000ef200000|100%| S|CS|TAMS 0x00000000ef100000| PB 0x00000000ef100000| Complete 
| 242|0x00000000ef200000, 0x00000000ef300000, 0x00000000ef300000|100%| S|CS|TAMS 0x00000000ef200000| PB 0x00000000ef200000| Complete 
| 243|0x00000000ef300000, 0x00000000ef400000, 0x00000000ef400000|100%| S|CS|TAMS 0x00000000ef300000| PB 0x00000000ef300000| Complete 
| 244|0x00000000ef400000, 0x00000000ef500000, 0x00000000ef500000|100%| S|CS|TAMS 0x00000000ef400000| PB 0x00000000ef400000| Complete 
| 245|0x00000000ef500000, 0x00000000ef600000, 0x00000000ef600000|100%| S|CS|TAMS 0x00000000ef500000| PB 0x00000000ef500000| Complete 
| 246|0x00000000ef600000, 0x00000000ef700000, 0x00000000ef700000|100%| E|CS|TAMS 0x00000000ef600000| PB 0x00000000ef600000| Complete 
| 247|0x00000000ef700000, 0x00000000ef800000, 0x00000000ef800000|100%| E|CS|TAMS 0x00000000ef700000| PB 0x00000000ef700000| Complete 
| 248|0x00000000ef800000, 0x00000000ef900000, 0x00000000ef900000|100%| E|CS|TAMS 0x00000000ef800000| PB 0x00000000ef800000| Complete 
| 249|0x00000000ef900000, 0x00000000efa00000, 0x00000000efa00000|100%| E|CS|TAMS 0x00000000ef900000| PB 0x00000000ef900000| Complete 
| 250|0x00000000efa00000, 0x00000000efb00000, 0x00000000efb00000|100%| E|CS|TAMS 0x00000000efa00000| PB 0x00000000efa00000| Complete 
| 251|0x00000000efb00000, 0x00000000efc00000, 0x00000000efc00000|100%| E|CS|TAMS 0x00000000efb00000| PB 0x00000000efb00000| Complete 
| 252|0x00000000efc00000, 0x00000000efd00000, 0x00000000efd00000|100%| E|CS|TAMS 0x00000000efc00000| PB 0x00000000efc00000| Complete 
| 253|0x00000000efd00000, 0x00000000efe00000, 0x00000000efe00000|100%| E|CS|TAMS 0x00000000efd00000| PB 0x00000000efd00000| Complete 
| 254|0x00000000efe00000, 0x00000000eff00000, 0x00000000eff00000|100%| E|CS|TAMS 0x00000000efe00000| PB 0x00000000efe00000| Complete 
| 255|0x00000000eff00000, 0x00000000f0000000, 0x00000000f0000000|100%| E|CS|TAMS 0x00000000eff00000| PB 0x00000000eff00000| Complete 

Card table byte_map: [0x000002c1bafe0000,0x000002c1bb0e0000] _byte_map_base: 0x000002c1ba8e0000

Marking Bits: (CMBitMap*) 0x000002c1a1c23e80
 Bits: [0x000002c1bb1e0000, 0x000002c1bb9e0000)

Polling page: 0x000002c1ab450000

Metaspace:

Usage:
  Non-class:     36.45 MB used.
      Class:      6.04 MB used.
       Both:     42.49 MB used.

Virtual space:
  Non-class space:       64.00 MB reserved,      37.25 MB ( 58%) committed,  1 nodes.
      Class space:      308.00 MB reserved,       6.81 MB (  2%) committed,  1 nodes.
             Both:      372.00 MB reserved,      44.06 MB ( 12%) committed. 

Chunk freelists:
   Non-Class:  2.30 MB
       Class:  1.15 MB
        Both:  3.45 MB

MaxMetaspaceSize: 384.00 MB
CompressedClassSpaceSize: 308.00 MB
Initial GC threshold: 21.00 MB
Current GC threshold: 60.00 MB
CDS: on
MetaspaceReclaimPolicy: balanced
 - commit_granule_bytes: 65536.
 - commit_granule_words: 8192.
 - virtual_space_node_default_size: 8388608.
 - enlarge_chunks_in_place: 1.
 - new_chunks_are_fully_committed: 0.
 - uncommit_free_chunks: 1.
 - use_allocation_guard: 0.


Internal statistics:

num_allocs_failed_limit: 12.
num_arena_births: 2802.
num_arena_deaths: 0.
num_vsnodes_births: 2.
num_vsnodes_deaths: 0.
num_space_committed: 705.
num_space_uncommitted: 0.
num_chunks_returned_to_freelist: 12.
num_chunks_taken_from_freelist: 4699.
num_chunk_merges: 12.
num_chunk_splits: 3127.
num_chunks_enlarged: 1989.
num_inconsistent_stats: 0.

CodeHeap 'non-profiled nmethods': size=120000Kb used=2596Kb max_used=2596Kb free=117403Kb
 bounds [0x000002c1b2f40000, 0x000002c1b31d0000, 0x000002c1ba470000]
CodeHeap 'profiled nmethods': size=120000Kb used=8667Kb max_used=8667Kb free=111332Kb
 bounds [0x000002c1ab470000, 0x000002c1abcf0000, 0x000002c1b29a0000]
CodeHeap 'non-nmethods': size=5760Kb used=2740Kb max_used=2797Kb free=3019Kb
 bounds [0x000002c1b29a0000, 0x000002c1b2c70000, 0x000002c1b2f40000]
 total_blobs=5305 nmethods=4479 adapters=735
 compilation: enabled
              stopped_count=0, restarted_count=0
 full_count=0

Compilation events (20 events):
Event: 11.540 Thread 0x000002c1c280ef70 4886       3       com.google.common.collect.LinkedHashMultimap::get (6 bytes)
Event: 11.541 Thread 0x000002c1c280ef70 nmethod 4886 0x000002c1abcdd990 code [0x000002c1abcddb60, 0x000002c1abcde158]
Event: 11.541 Thread 0x000002c1c280ef70 4888       3       org.gradle.internal.instantiation.generator.AbstractClassGenerator$DslMixInPropertyType::findClosureOverload (109 bytes)
Event: 11.542 Thread 0x000002c1c280ef70 nmethod 4888 0x000002c1abcde310 code [0x000002c1abcde560, 0x000002c1abcdf1d8]
Event: 11.542 Thread 0x000002c1c280ef70 4887       3       com.google.common.collect.AbstractSetMultimap::get (9 bytes)
Event: 11.543 Thread 0x000002c1c280ef70 nmethod 4887 0x000002c1abcdf610 code [0x000002c1abcdf7e0, 0x000002c1abcdfe00]
Event: 11.543 Thread 0x000002c1c280ef70 4889       3       com.google.common.collect.LinkedHashMultimap$ValueSet$1::hasNext (21 bytes)
Event: 11.543 Thread 0x000002c1c280ef70 nmethod 4889 0x000002c1abcdff90 code [0x000002c1abce0140, 0x000002c1abce0440]
Event: 11.543 Thread 0x000002c1c280e5f0 nmethod 4880 0x000002c1b31c4690 code [0x000002c1b31c4800, 0x000002c1b31c4978]
Event: 11.543 Thread 0x000002c1c280ef70 4890       3       com.google.common.collect.LinkedHashMultimap$ValueSet$1::checkForComodification (23 bytes)
Event: 11.544 Thread 0x000002c1c280e5f0 4891       4       org.objectweb.asm.Frame::execute (2318 bytes)
Event: 11.544 Thread 0x000002c1c280ef70 nmethod 4890 0x000002c1abce0590 code [0x000002c1abce0740, 0x000002c1abce0980]
Event: 11.544 Thread 0x000002c1c280ef70 4892       3       com.google.common.collect.ImmutableList$Builder::<init> (18 bytes)
Event: 11.544 Thread 0x000002c1c280ef70 nmethod 4892 0x000002c1abce0a90 code [0x000002c1abce0c20, 0x000002c1abce0ef0]
Event: 11.544 Thread 0x000002c1c280ef70 4893       3       com.google.common.collect.ImmutableList$Builder::build (17 bytes)
Event: 11.545 Thread 0x000002c1c280ef70 nmethod 4893 0x000002c1abce1010 code [0x000002c1abce11a0, 0x000002c1abce12e8]
Event: 11.549 Thread 0x000002c1c280ef70 4895       3       java.io.FilterOutputStream::<init> (21 bytes)
Event: 11.549 Thread 0x000002c1c280ef70 nmethod 4895 0x000002c1abce1390 code [0x000002c1abce1540, 0x000002c1abce1880]
Event: 11.549 Thread 0x000002c1c280ef70 4894       1       org.gradle.cache.internal.DefaultFileLockManager::access$200 (5 bytes)
Event: 11.550 Thread 0x000002c1c280ef70 nmethod 4894 0x000002c1b31c4a90 code [0x000002c1b31c4c00, 0x000002c1b31c4cb0]

GC Heap History (12 events):
Event: 0.922 GC heap before
{Heap before GC invocations=0 (full 0):
 garbage-first heap   total 262144K, used 26624K [0x00000000e0000000, 0x0000000100000000)
  region size 1024K, 23 young (23552K), 0 survivors (0K)
 Metaspace       used 3146K, committed 3264K, reserved 380928K
  class space    used 396K, committed 448K, reserved 315392K
}
Event: 0.930 GC heap after
{Heap after GC invocations=1 (full 0):
 garbage-first heap   total 262144K, used 10283K [0x00000000e0000000, 0x0000000100000000)
  region size 1024K, 3 young (3072K), 3 survivors (3072K)
 Metaspace       used 3146K, committed 3264K, reserved 380928K
  class space    used 396K, committed 448K, reserved 315392K
}
Event: 1.542 GC heap before
{Heap before GC invocations=1 (full 0):
 garbage-first heap   total 262144K, used 39979K [0x00000000e0000000, 0x0000000100000000)
  region size 1024K, 32 young (32768K), 3 survivors (3072K)
 Metaspace       used 4051K, committed 4224K, reserved 380928K
  class space    used 490K, committed 576K, reserved 315392K
}
Event: 1.548 GC heap after
{Heap after GC invocations=2 (full 0):
 garbage-first heap   total 262144K, used 11261K [0x00000000e0000000, 0x0000000100000000)
  region size 1024K, 1 young (1024K), 1 survivors (1024K)
 Metaspace       used 4051K, committed 4224K, reserved 380928K
  class space    used 490K, committed 576K, reserved 315392K
}
Event: 5.007 GC heap before
{Heap before GC invocations=2 (full 0):
 garbage-first heap   total 262144K, used 117757K [0x00000000e0000000, 0x0000000100000000)
  region size 1024K, 106 young (108544K), 1 survivors (1024K)
 Metaspace       used 20839K, committed 21504K, reserved 380928K
  class space    used 3037K, committed 3328K, reserved 315392K
}
Event: 5.028 GC heap after
{Heap after GC invocations=3 (full 0):
 garbage-first heap   total 262144K, used 22968K [0x00000000e0000000, 0x0000000100000000)
  region size 1024K, 13 young (13312K), 13 survivors (13312K)
 Metaspace       used 20839K, committed 21504K, reserved 380928K
  class space    used 3037K, committed 3328K, reserved 315392K
}
Event: 9.205 GC heap before
{Heap before GC invocations=4 (full 0):
 garbage-first heap   total 262144K, used 133560K [0x00000000e0000000, 0x0000000100000000)
  region size 1024K, 118 young (120832K), 13 survivors (13312K)
 Metaspace       used 34827K, committed 36096K, reserved 380928K
  class space    used 4913K, committed 5568K, reserved 315392K
}
Event: 9.228 GC heap after
{Heap after GC invocations=5 (full 0):
 garbage-first heap   total 262144K, used 33478K [0x00000000e0000000, 0x0000000100000000)
  region size 1024K, 9 young (9216K), 9 survivors (9216K)
 Metaspace       used 34827K, committed 36096K, reserved 380928K
  class space    used 4913K, committed 5568K, reserved 315392K
}
Event: 9.236 GC heap before
{Heap before GC invocations=5 (full 0):
 garbage-first heap   total 262144K, used 33478K [0x00000000e0000000, 0x0000000100000000)
  region size 1024K, 10 young (10240K), 9 survivors (9216K)
 Metaspace       used 35149K, committed 36416K, reserved 380928K
  class space    used 4913K, committed 5568K, reserved 315392K
}
Event: 9.245 GC heap after
{Heap after GC invocations=6 (full 0):
 garbage-first heap   total 262144K, used 33406K [0x00000000e0000000, 0x0000000100000000)
  region size 1024K, 8 young (8192K), 8 survivors (8192K)
 Metaspace       used 35149K, committed 36416K, reserved 380928K
  class space    used 4913K, committed 5568K, reserved 315392K
}
Event: 9.359 GC heap before
{Heap before GC invocations=6 (full 0):
 garbage-first heap   total 262144K, used 34430K [0x00000000e0000000, 0x0000000100000000)
  region size 1024K, 10 young (10240K), 8 survivors (8192K)
 Metaspace       used 35503K, committed 36736K, reserved 380928K
  class space    used 4942K, committed 5568K, reserved 315392K
}
Event: 9.370 GC heap after
{Heap after GC invocations=7 (full 0):
 garbage-first heap   total 262144K, used 31203K [0x00000000e0000000, 0x0000000100000000)
  region size 1024K, 8 young (8192K), 8 survivors (8192K)
 Metaspace       used 35503K, committed 36736K, reserved 380928K
  class space    used 4942K, committed 5568K, reserved 315392K
}

Dll operation events (15 events):
Event: 0.020 Loaded shared library C:\Program Files\Java\jdk-20\bin\java.dll
Event: 0.040 Loaded shared library C:\Program Files\Java\jdk-20\bin\jsvml.dll
Event: 0.119 Loaded shared library C:\Program Files\Java\jdk-20\bin\zip.dll
Event: 0.122 Loaded shared library C:\Program Files\Java\jdk-20\bin\instrument.dll
Event: 0.127 Loaded shared library C:\Program Files\Java\jdk-20\bin\net.dll
Event: 0.128 Loaded shared library C:\Program Files\Java\jdk-20\bin\nio.dll
Event: 0.134 Loaded shared library C:\Program Files\Java\jdk-20\bin\zip.dll
Event: 0.413 Loaded shared library C:\Program Files\Java\jdk-20\bin\jimage.dll
Event: 0.499 Loaded shared library C:\Program Files\Java\jdk-20\bin\verify.dll
Event: 0.751 Loaded shared library C:\Users\MI\.gradle\native\c067742578af261105cb4f569cf0c3c89f3d7b1fecec35dd04571415982c5e48\windows-amd64\native-platform.dll
Event: 0.757 Loaded shared library C:\Users\MI\.gradle\native\38dada09dfb8b06ba9b0570ebf7e218e3eb74d4ef43ca46872605cf95ebc2f47\windows-amd64\native-platform-file-events.dll
Event: 2.076 Loaded shared library C:\Program Files\Java\jdk-20\bin\management.dll
Event: 2.082 Loaded shared library C:\Program Files\Java\jdk-20\bin\management_ext.dll
Event: 2.433 Loaded shared library C:\Program Files\Java\jdk-20\bin\extnet.dll
Event: 2.764 Loaded shared library C:\Program Files\Java\jdk-20\bin\sunmscapi.dll

Deoptimization events (20 events):
Event: 11.159 Thread 0x000002c1c45ee9a0 Uncommon trap: trap_request=0xffffffde fr.pc=0x000002c1b3140aa8 relative=0x0000000000000348
Event: 11.159 Thread 0x000002c1c45ee9a0 Uncommon trap: reason=class_check action=maybe_recompile pc=0x000002c1b3140aa8 method=jdk.internal.loader.URLClassPath.getResource(Ljava/lang/String;Z)Ljdk/internal/loader/Resource; @ 53 c2
Event: 11.159 Thread 0x000002c1c45ee9a0 DEOPT PACKING pc=0x000002c1b3140aa8 sp=0x000000fb6bdf9720
Event: 11.159 Thread 0x000002c1c45ee9a0 DEOPT UNPACKING pc=0x000002c1b2a09d22 sp=0x000000fb6bdf96b0 mode 2
Event: 11.219 Thread 0x000002c1c45ee9a0 Uncommon trap: trap_request=0xffffff45 fr.pc=0x000002c1b317bc64 relative=0x0000000000000264
Event: 11.219 Thread 0x000002c1c45ee9a0 Uncommon trap: reason=unstable_if action=reinterpret pc=0x000002c1b317bc64 method=org.objectweb.asm.Frame.push(I)V @ 26 c2
Event: 11.219 Thread 0x000002c1c45ee9a0 DEOPT PACKING pc=0x000002c1b317bc64 sp=0x000000fb6bdf83f0
Event: 11.219 Thread 0x000002c1c45ee9a0 DEOPT UNPACKING pc=0x000002c1b2a09d22 sp=0x000000fb6bdf8398 mode 2
Event: 11.471 Thread 0x000002c1c45ee9a0 Uncommon trap: trap_request=0xffffffde fr.pc=0x000002c1b30f9e04 relative=0x0000000000000764
Event: 11.471 Thread 0x000002c1c45ee9a0 Uncommon trap: reason=class_check action=maybe_recompile pc=0x000002c1b30f9e04 method=jdk.internal.loader.URLClassPath.getLoader(I)Ljdk/internal/loader/URLClassPath$Loader; @ 190 c2
Event: 11.471 Thread 0x000002c1c45ee9a0 DEOPT PACKING pc=0x000002c1b30f9e04 sp=0x000000fb6bdf8ea0
Event: 11.471 Thread 0x000002c1c45ee9a0 DEOPT UNPACKING pc=0x000002c1b2a09d22 sp=0x000000fb6bdf8e60 mode 2
Event: 11.471 Thread 0x000002c1c45ee9a0 Uncommon trap: trap_request=0xffffffde fr.pc=0x000002c1b3140aa8 relative=0x0000000000000348
Event: 11.471 Thread 0x000002c1c45ee9a0 Uncommon trap: reason=class_check action=maybe_recompile pc=0x000002c1b3140aa8 method=jdk.internal.loader.URLClassPath.getResource(Ljava/lang/String;Z)Ljdk/internal/loader/Resource; @ 53 c2
Event: 11.471 Thread 0x000002c1c45ee9a0 DEOPT PACKING pc=0x000002c1b3140aa8 sp=0x000000fb6bdf8f30
Event: 11.471 Thread 0x000002c1c45ee9a0 DEOPT UNPACKING pc=0x000002c1b2a09d22 sp=0x000000fb6bdf8ec0 mode 2
Event: 11.491 Thread 0x000002c1c45ee9a0 Uncommon trap: trap_request=0xffffff76 fr.pc=0x000002c1b3084ae0 relative=0x00000000000002c0
Event: 11.491 Thread 0x000002c1c45ee9a0 Uncommon trap: reason=predicate action=maybe_recompile pc=0x000002c1b3084ae0 method=com.google.common.base.CharMatcher.indexIn(Ljava/lang/CharSequence;I)I @ 19 c2
Event: 11.491 Thread 0x000002c1c45ee9a0 DEOPT PACKING pc=0x000002c1b3084ae0 sp=0x000000fb6bdf9640
Event: 11.491 Thread 0x000002c1c45ee9a0 DEOPT UNPACKING pc=0x000002c1b2a09d22 sp=0x000000fb6bdf95e8 mode 2

Classes loaded (20 events):
Event: 10.775 Loading class javax/net/ssl/HostnameVerifier
Event: 10.776 Loading class javax/net/ssl/HostnameVerifier done
Event: 10.781 Loading class javax/net/ssl/TrustManager
Event: 10.782 Loading class javax/net/ssl/TrustManager done
Event: 10.783 Loading class javax/net/ssl/X509TrustManager
Event: 10.784 Loading class javax/net/ssl/X509TrustManager done
Event: 10.787 Loading class javax/net/ssl/SSLException
Event: 10.788 Loading class javax/net/ssl/SSLException done
Event: 10.788 Loading class javax/net/ssl/SSLPeerUnverifiedException
Event: 10.788 Loading class javax/net/ssl/SSLPeerUnverifiedException done
Event: 10.788 Loading class java/security/cert/CertificateParsingException
Event: 10.789 Loading class java/security/cert/CertificateException
Event: 10.789 Loading class java/security/cert/CertificateException done
Event: 10.789 Loading class java/security/cert/CertificateParsingException done
Event: 10.789 Loading class javax/naming/NamingException
Event: 10.790 Loading class javax/naming/NamingException done
Event: 10.790 Loading class javax/naming/InvalidNameException
Event: 10.791 Loading class javax/naming/InvalidNameException done
Event: 11.327 Loading class java/lang/invoke/BoundMethodHandle$Species_LLLLLLLLLLLLLLLLLLLLLLLLLL
Event: 11.327 Loading class java/lang/invoke/BoundMethodHandle$Species_LLLLLLLLLLLLLLLLLLLLLLLLLL done

Classes unloaded (0 events):
No events

Classes redefined (0 events):
No events

Internal exceptions (20 events):
Event: 9.642 Thread 0x000002c1c45ee9a0 Exception <a 'java/lang/NoSuchMethodError'{0x00000000ef671710}: 'java.lang.Object java.lang.invoke.Invokers$Holder.invoker(java.lang.Object, java.lang.Object, java.lang.Object, java.lang.Object, java.lang.Object, java.lang.Object)'> (0x00000000ef671710) 
thrown [s\open\src\hotspot\share\interpreter\linkResolver.cpp, line 773]
Event: 9.671 Thread 0x000002c1c45ee9a0 Exception <a 'java/lang/NoSuchMethodError'{0x00000000eedeef28}: 'java.lang.Object java.lang.invoke.DirectMethodHandle$Holder.invokeSpecial(java.lang.Object, java.lang.Object, java.lang.Object, java.lang.Object, java.lang.Object, java.lang.Object, java.lang.Object, java.lang.Object, java.lang.Object, java.lang.Object, java.lang.Object, java.lang.Object, java.lang.Object, java.lang.Object, java.lang.Object, java.lang.Object, java.lang.Object, java.lang.Object, java.lang.Object, java.lang.Object, java.lang.Ob
Event: 9.672 Thread 0x000002c1c45ee9a0 Exception <a 'java/lang/NoSuchMethodError'{0x00000000eedf4a18}: 'java.lang.Object java.lang.invoke.DelegatingMethodHandle$Holder.reinvoke_L(java.lang.Object, java.lang.Object, java.lang.Object, java.lang.Object, java.lang.Object, java.lang.Object, java.lang.Object, java.lang.Object, java.lang.Object, java.lang.Object, java.lang.Object, java.lang.Object, java.lang.Object, java.lang.Object, java.lang.Object, java.lang.Object, java.lang.Object, java.lang.Object, java.lang.Object, java.lang.Object, java.lang.O
Event: 9.672 Thread 0x000002c1c45ee9a0 Exception <a 'java/lang/NoSuchMethodError'{0x00000000eedffb10}: 'java.lang.Object java.lang.invoke.Invokers$Holder.invoker(java.lang.Object, java.lang.Object, java.lang.Object, java.lang.Object, java.lang.Object, java.lang.Object, java.lang.Object, java.lang.Object, java.lang.Object, java.lang.Object, java.lang.Object, java.lang.Object, java.lang.Object, java.lang.Object, java.lang.Object, java.lang.Object, java.lang.Object, java.lang.Object, java.lang.Object, java.lang.Object, java.lang.Object, java.lang.
Event: 9.672 Thread 0x000002c1c45ee9a0 Exception <a 'java/lang/NoSuchMethodError'{0x00000000eec06398}: 'java.lang.Object java.lang.invoke.DelegatingMethodHandle$Holder.delegate(java.lang.Object, java.lang.Object, java.lang.Object, java.lang.Object, java.lang.Object, java.lang.Object, java.lang.Object, java.lang.Object, java.lang.Object, java.lang.Object, java.lang.Object, java.lang.Object, java.lang.Object, java.lang.Object, java.lang.Object, java.lang.Object, java.lang.Object, java.lang.Object, java.lang.Object, java.lang.Object, java.lang.Obj
Event: 9.979 Thread 0x000002c1c45ee9a0 Exception <a 'java/lang/IncompatibleClassChangeError'{0x00000000edc86c60}: Found class java.lang.Object, but interface was expected> (0x00000000edc86c60) 
thrown [s\open\src\hotspot\share\interpreter\linkResolver.cpp, line 840]
Event: 10.080 Thread 0x000002c1c45ee9a0 Exception <a 'java/lang/IncompatibleClassChangeError'{0x00000000ed939368}: Found class java.lang.Object, but interface was expected> (0x00000000ed939368) 
thrown [s\open\src\hotspot\share\interpreter\linkResolver.cpp, line 840]
Event: 10.088 Thread 0x000002c1c45ee9a0 Exception <a 'java/lang/NoSuchMethodError'{0x00000000ed986de0}: 'void java.lang.invoke.DirectMethodHandle$Holder.invokeStatic(java.lang.Object, java.lang.Object, java.lang.Object, java.lang.Object, java.lang.Object, java.lang.Object)'> (0x00000000ed986de0) 
thrown [s\open\src\hotspot\share\interpreter\linkResolver.cpp, line 773]
Event: 10.118 Thread 0x000002c1c45ee9a0 Exception <a 'java/lang/NoSuchMethodError'{0x00000000ed8a3350}: 'int java.lang.invoke.DirectMethodHandle$Holder.invokeStaticInit(java.lang.Object, java.lang.Object, java.lang.Object, java.lang.Object, java.lang.Object)'> (0x00000000ed8a3350) 
thrown [s\open\src\hotspot\share\interpreter\linkResolver.cpp, line 773]
Event: 10.161 Thread 0x000002c1c45ee9a0 Exception <a 'java/lang/IncompatibleClassChangeError'{0x00000000ed69e6d8}: Found class java.lang.Object, but interface was expected> (0x00000000ed69e6d8) 
thrown [s\open\src\hotspot\share\interpreter\linkResolver.cpp, line 840]
Event: 10.246 Thread 0x000002c1c45ee9a0 Implicit null exception at 0x000002c1b31145e0 to 0x000002c1b3114688
Event: 10.600 Thread 0x000002c1c45ee9a0 Exception <a 'java/lang/NoSuchMethodError'{0x00000000ec3179b8}: 'long java.lang.invoke.DirectMethodHandle$Holder.invokeStatic(java.lang.Object, long)'> (0x00000000ec3179b8) 
thrown [s\open\src\hotspot\share\interpreter\linkResolver.cpp, line 773]
Event: 10.750 Thread 0x000002c1c45ee9a0 Exception <a 'java/lang/NoSuchMethodError'{0x00000000ebc44810}: 'java.lang.Object java.lang.invoke.DirectMethodHandle$Holder.invokeVirtual(java.lang.Object, java.lang.Object, java.lang.Object, java.lang.Object, java.lang.Object, java.lang.Object, java.lang.Object, java.lang.Object, java.lang.Object, java.lang.Object, java.lang.Object, java.lang.Object, java.lang.Object, java.lang.Object, java.lang.Object, java.lang.Object, java.lang.Object)'> (0x00000000ebc44810) 
thrown [s\open\src\hotspot\share\interpret
Event: 10.751 Thread 0x000002c1c45ee9a0 Exception <a 'java/lang/NoSuchMethodError'{0x00000000ebc4a838}: 'java.lang.Object java.lang.invoke.DirectMethodHandle$Holder.invokeSpecial(java.lang.Object, java.lang.Object, java.lang.Object, java.lang.Object, java.lang.Object, java.lang.Object, java.lang.Object, java.lang.Object, java.lang.Object, java.lang.Object, java.lang.Object, java.lang.Object, java.lang.Object, java.lang.Object, java.lang.Object, java.lang.Object, java.lang.Object, java.lang.Object)'> (0x00000000ebc4a838) 
thrown [s\open\src\hotsp
Event: 10.751 Thread 0x000002c1c45ee9a0 Exception <a 'java/lang/NoSuchMethodError'{0x00000000ebc4fdf0}: 'java.lang.Object java.lang.invoke.DelegatingMethodHandle$Holder.reinvoke_L(java.lang.Object, java.lang.Object, java.lang.Object, java.lang.Object, java.lang.Object, java.lang.Object, java.lang.Object, java.lang.Object, java.lang.Object, java.lang.Object, java.lang.Object, java.lang.Object, java.lang.Object, java.lang.Object, java.lang.Object, java.lang.Object, java.lang.Object)'> (0x00000000ebc4fdf0) 
thrown [s\open\src\hotspot\share\interpre
Event: 11.221 Thread 0x000002c1c45ee9a0 Exception <a 'java/lang/NoSuchMethodError'{0x00000000eb57a418}: 'java.lang.Object java.lang.invoke.DirectMethodHandle$Holder.newInvokeSpecial(java.lang.Object, java.lang.Object, java.lang.Object, java.lang.Object, java.lang.Object, java.lang.Object, java.lang.Object, java.lang.Object, java.lang.Object, java.lang.Object, java.lang.Object, java.lang.Object, java.lang.Object)'> (0x00000000eb57a418) 
thrown [s\open\src\hotspot\share\interpreter\linkResolver.cpp, line 773]
Event: 11.317 Thread 0x000002c1c45ee9a0 Exception <a 'java/lang/NoSuchMethodError'{0x00000000eb3a0e48}: 'java.lang.Object java.lang.invoke.DirectMethodHandle$Holder.newInvokeSpecial(java.lang.Object, java.lang.Object, java.lang.Object, java.lang.Object, java.lang.Object, java.lang.Object, java.lang.Object, java.lang.Object, java.lang.Object, java.lang.Object, java.lang.Object, java.lang.Object, java.lang.Object, java.lang.Object, java.lang.Object, java.lang.Object, java.lang.Object, java.lang.Object, java.lang.Object, java.lang.Object, java.lang
Event: 11.319 Thread 0x000002c1c45ee9a0 Exception <a 'java/lang/NoSuchMethodError'{0x00000000eb3a8bf8}: 'java.lang.Object java.lang.invoke.DirectMethodHandle$Holder.invokeSpecial(java.lang.Object, java.lang.Object, java.lang.Object, java.lang.Object, java.lang.Object, java.lang.Object, java.lang.Object, java.lang.Object, java.lang.Object, java.lang.Object, java.lang.Object, java.lang.Object, java.lang.Object, java.lang.Object, java.lang.Object, java.lang.Object, java.lang.Object, java.lang.Object, java.lang.Object, java.lang.Object, java.lang.Ob
Event: 11.319 Thread 0x000002c1c45ee9a0 Exception <a 'java/lang/NoSuchMethodError'{0x00000000eb3af128}: 'java.lang.Object java.lang.invoke.DelegatingMethodHandle$Holder.reinvoke_L(java.lang.Object, java.lang.Object, java.lang.Object, java.lang.Object, java.lang.Object, java.lang.Object, java.lang.Object, java.lang.Object, java.lang.Object, java.lang.Object, java.lang.Object, java.lang.Object, java.lang.Object, java.lang.Object, java.lang.Object, java.lang.Object, java.lang.Object, java.lang.Object, java.lang.Object, java.lang.Object, java.lang.O
Event: 11.329 Thread 0x000002c1c45ee9a0 Exception <a 'java/lang/NoSuchMethodError'{0x00000000eb299010}: 'java.lang.Object java.lang.invoke.DirectMethodHandle$Holder.invokeStatic(java.lang.Object, java.lang.Object, java.lang.Object, java.lang.Object, java.lang.Object, java.lang.Object, java.lang.Object, java.lang.Object, java.lang.Object, java.lang.Object, java.lang.Object, java.lang.Object, java.lang.Object, java.lang.Object, java.lang.Object, java.lang.Object, java.lang.Object, java.lang.Object, java.lang.Object, java.lang.Object, java.lang.Obj

VM Operations (20 events):
Event: 9.205 Executing VM operation: CollectForMetadataAllocation
Event: 9.229 Executing VM operation: CollectForMetadataAllocation done
Event: 9.236 Executing VM operation: CollectForMetadataAllocation
Event: 9.246 Executing VM operation: CollectForMetadataAllocation done
Event: 9.359 Executing VM operation: CollectForMetadataAllocation
Event: 9.370 Executing VM operation: CollectForMetadataAllocation done
Event: 9.393 Executing VM operation: G1PauseRemark
Event: 9.396 Executing VM operation: G1PauseRemark done
Event: 9.404 Executing VM operation: G1PauseCleanup
Event: 9.404 Executing VM operation: G1PauseCleanup done
Event: 9.981 Executing VM operation: HandshakeAllThreads
Event: 9.982 Executing VM operation: HandshakeAllThreads done
Event: 10.227 Executing VM operation: ICBufferFull
Event: 10.227 Executing VM operation: ICBufferFull done
Event: 10.380 Executing VM operation: HandshakeAllThreads
Event: 10.380 Executing VM operation: HandshakeAllThreads done
Event: 10.615 Executing VM operation: HandshakeAllThreads
Event: 10.615 Executing VM operation: HandshakeAllThreads done
Event: 11.172 Executing VM operation: ICBufferFull
Event: 11.173 Executing VM operation: ICBufferFull done

Events (20 events):
Event: 9.395 Thread 0x000002c1be468fb0 flushing nmethod 0x000002c1b2f73890
Event: 9.395 Thread 0x000002c1be468fb0 flushing nmethod 0x000002c1b2f66110
Event: 9.395 Thread 0x000002c1be468fb0 flushing nmethod 0x000002c1b2f71410
Event: 9.395 Thread 0x000002c1be468fb0 flushing nmethod 0x000002c1b2f70a90
Event: 9.395 Thread 0x000002c1be468fb0 flushing nmethod 0x000002c1b2f6f510
Event: 9.395 Thread 0x000002c1be468fb0 flushing nmethod 0x000002c1b2f5b210
Event: 9.395 Thread 0x000002c1be468fb0 flushing nmethod 0x000002c1b2f63b10
Event: 9.395 Thread 0x000002c1be468fb0 flushing nmethod 0x000002c1b2f48590
Event: 9.437 Thread 0x000002c1c4738620 Thread added: 0x000002c1c4738620
Event: 9.486 Thread 0x000002c1c4732680 Thread added: 0x000002c1c4732680
Event: 9.665 Thread 0x000002c1c4734660 Thread added: 0x000002c1c4734660
Event: 10.144 Thread 0x000002c1c47370e0 Thread added: 0x000002c1c47370e0
Event: 10.146 Thread 0x000002c1c4736640 Thread added: 0x000002c1c4736640
Event: 10.265 Thread 0x000002c1c47380d0 Thread added: 0x000002c1c47380d0
Event: 10.833 Thread 0x000002c1c3ae3300 Thread added: 0x000002c1c3ae3300
Event: 11.146 Thread 0x000002c1c3ade350 Thread added: 0x000002c1c3ade350
Event: 11.148 Thread 0x000002c1c3adf890 Thread added: 0x000002c1c3adf890
Event: 11.155 Thread 0x000002c1c67ae790 Thread exited: 0x000002c1c67ae790
Event: 11.155 Thread 0x000002c1c4aa75f0 Thread exited: 0x000002c1c4aa75f0
Event: 11.396 Thread 0x000002c1c32cf440 Thread added: 0x000002c1c32cf440


Dynamic libraries:
0x00007ff7c3a80000 - 0x00007ff7c3a90000 	C:\Program Files\Java\jdk-20\bin\java.exe
0x00007ffafcd90000 - 0x00007ffafcfa7000 	C:\WINDOWS\SYSTEM32\ntdll.dll
0x00007ffafc550000 - 0x00007ffafc614000 	C:\WINDOWS\System32\KERNEL32.DLL
0x00007ffafa6a0000 - 0x00007ffafaa4d000 	C:\WINDOWS\System32\KERNELBASE.dll
0x00007ffafa4e0000 - 0x00007ffafa5f1000 	C:\WINDOWS\System32\ucrtbase.dll
0x00007ffad8430000 - 0x00007ffad844b000 	C:\Program Files\Java\jdk-20\bin\VCRUNTIME140.dll
0x00007ffad8180000 - 0x00007ffad8199000 	C:\Program Files\Java\jdk-20\bin\jli.dll
0x00007ffafb250000 - 0x00007ffafb302000 	C:\WINDOWS\System32\ADVAPI32.dll
0x00007ffafc680000 - 0x00007ffafc727000 	C:\WINDOWS\System32\msvcrt.dll
0x00007ffafbbf0000 - 0x00007ffafbc99000 	C:\WINDOWS\System32\sechost.dll
0x00007ffafa0c0000 - 0x00007ffafa0e8000 	C:\WINDOWS\System32\bcrypt.dll
0x00007ffafb740000 - 0x00007ffafb854000 	C:\WINDOWS\System32\RPCRT4.dll
0x00007ffafc770000 - 0x00007ffafc91e000 	C:\WINDOWS\System32\USER32.dll
0x00007ffafa4b0000 - 0x00007ffafa4d6000 	C:\WINDOWS\System32\win32u.dll
0x00007ffae1da0000 - 0x00007ffae2033000 	C:\WINDOWS\WinSxS\amd64_microsoft.windows.common-controls_6595b64144ccf1df_6.0.22621.3672_none_2713b9d173822955\COMCTL32.dll
0x00007ffafc520000 - 0x00007ffafc549000 	C:\WINDOWS\System32\GDI32.dll
0x00007ffafa220000 - 0x00007ffafa339000 	C:\WINDOWS\System32\gdi32full.dll
0x00007ffafa600000 - 0x00007ffafa69a000 	C:\WINDOWS\System32\msvcp_win.dll
0x00007ffaeee60000 - 0x00007ffaeee6a000 	C:\WINDOWS\SYSTEM32\VERSION.dll
0x00007ffafc730000 - 0x00007ffafc761000 	C:\WINDOWS\System32\IMM32.DLL
0x00007ffaee500000 - 0x00007ffaee50c000 	C:\Program Files\Java\jdk-20\bin\vcruntime140_1.dll
0x00007ffabdd40000 - 0x00007ffabddce000 	C:\Program Files\Java\jdk-20\bin\msvcp140.dll
0x00007ffa89e40000 - 0x00007ffa8aad7000 	C:\Program Files\Java\jdk-20\bin\server\jvm.dll
0x00007ffaf0b20000 - 0x00007ffaf0b29000 	C:\WINDOWS\SYSTEM32\WSOCK32.dll
0x00007ffadbc10000 - 0x00007ffadbc44000 	C:\WINDOWS\SYSTEM32\WINMM.dll
0x00007ffafb530000 - 0x00007ffafb5a1000 	C:\WINDOWS\System32\WS2_32.dll
0x00007ffaf90b0000 - 0x00007ffaf90c8000 	C:\WINDOWS\SYSTEM32\kernel.appcore.dll
0x00007ffaedd60000 - 0x00007ffaedd6a000 	C:\Program Files\Java\jdk-20\bin\jimage.dll
0x00007ffaf4b00000 - 0x00007ffaf4d32000 	C:\WINDOWS\SYSTEM32\DBGHELP.DLL
0x00007ffafb860000 - 0x00007ffafbbe8000 	C:\WINDOWS\System32\combase.dll
0x00007ffafc930000 - 0x00007ffafca07000 	C:\WINDOWS\System32\OLEAUT32.dll
0x00007ffaef570000 - 0x00007ffaef5a2000 	C:\WINDOWS\SYSTEM32\dbgcore.DLL
0x00007ffafaa50000 - 0x00007ffafaacb000 	C:\WINDOWS\System32\bcryptPrimitives.dll
0x00007ffad5570000 - 0x00007ffad557e000 	C:\Program Files\Java\jdk-20\bin\instrument.dll
0x00007ffad1f30000 - 0x00007ffad1f56000 	C:\Program Files\Java\jdk-20\bin\java.dll
0x00007ffabc8e0000 - 0x00007ffabc9b7000 	C:\Program Files\Java\jdk-20\bin\jsvml.dll
0x00007ffafbcc0000 - 0x00007ffafc51f000 	C:\WINDOWS\System32\SHELL32.dll
0x00007ffaf7fc0000 - 0x00007ffaf88bc000 	C:\WINDOWS\SYSTEM32\windows.storage.dll
0x00007ffaf7e80000 - 0x00007ffaf7fbf000 	C:\WINDOWS\SYSTEM32\wintypes.dll
0x00007ffafb5b0000 - 0x00007ffafb6a4000 	C:\WINDOWS\System32\SHCORE.dll
0x00007ffafb4d0000 - 0x00007ffafb52e000 	C:\WINDOWS\System32\shlwapi.dll
0x00007ffaf9ff0000 - 0x00007ffafa011000 	C:\WINDOWS\SYSTEM32\profapi.dll
0x00007ffad2d00000 - 0x00007ffad2d18000 	C:\Program Files\Java\jdk-20\bin\zip.dll
0x00007ffad8000000 - 0x00007ffad8013000 	C:\Program Files\Java\jdk-20\bin\net.dll
0x00007ffaf26c0000 - 0x00007ffaf27f6000 	C:\WINDOWS\SYSTEM32\WINHTTP.dll
0x00007ffaf9510000 - 0x00007ffaf9579000 	C:\WINDOWS\system32\mswsock.dll
0x00007ffad2dd0000 - 0x00007ffad2de6000 	C:\Program Files\Java\jdk-20\bin\nio.dll
0x00007ffaed660000 - 0x00007ffaed670000 	C:\Program Files\Java\jdk-20\bin\verify.dll
0x00007ffad5580000 - 0x00007ffad55a7000 	C:\Users\MI\.gradle\native\c067742578af261105cb4f569cf0c3c89f3d7b1fecec35dd04571415982c5e48\windows-amd64\native-platform.dll
0x00007ffabb560000 - 0x00007ffabb6a4000 	C:\Users\MI\.gradle\native\38dada09dfb8b06ba9b0570ebf7e218e3eb74d4ef43ca46872605cf95ebc2f47\windows-amd64\native-platform-file-events.dll
0x00007ffae0180000 - 0x00007ffae018a000 	C:\Program Files\Java\jdk-20\bin\management.dll
0x00007ffadf370000 - 0x00007ffadf37b000 	C:\Program Files\Java\jdk-20\bin\management_ext.dll
0x00007ffafcd00000 - 0x00007ffafcd08000 	C:\WINDOWS\System32\PSAPI.DLL
0x00007ffaf97b0000 - 0x00007ffaf97cb000 	C:\WINDOWS\SYSTEM32\CRYPTSP.dll
0x00007ffaf9010000 - 0x00007ffaf9045000 	C:\WINDOWS\system32\rsaenh.dll
0x00007ffaf95b0000 - 0x00007ffaf95d8000 	C:\WINDOWS\SYSTEM32\USERENV.dll
0x00007ffaf9710000 - 0x00007ffaf971c000 	C:\WINDOWS\SYSTEM32\CRYPTBASE.dll
0x00007ffaf8b20000 - 0x00007ffaf8b4d000 	C:\WINDOWS\SYSTEM32\IPHLPAPI.DLL
0x00007ffafbcb0000 - 0x00007ffafbcb9000 	C:\WINDOWS\System32\NSI.dll
0x00007ffaf2300000 - 0x00007ffaf2319000 	C:\WINDOWS\SYSTEM32\dhcpcsvc6.DLL
0x00007ffaf22e0000 - 0x00007ffaf22ff000 	C:\WINDOWS\SYSTEM32\dhcpcsvc.DLL
0x00007ffaf8b50000 - 0x00007ffaf8c48000 	C:\WINDOWS\SYSTEM32\DNSAPI.dll
0x00007ffadf280000 - 0x00007ffadf287000 	C:\Program Files\Java\jdk-20\bin\extnet.dll
0x00007ffad4ce0000 - 0x00007ffad4cee000 	C:\Program Files\Java\jdk-20\bin\sunmscapi.dll
0x00007ffafa340000 - 0x00007ffafa4a7000 	C:\WINDOWS\System32\CRYPT32.dll
0x00007ffaf9980000 - 0x00007ffaf99ae000 	C:\WINDOWS\SYSTEM32\ncrypt.dll
0x00007ffaf9940000 - 0x00007ffaf9977000 	C:\WINDOWS\SYSTEM32\NTASN1.dll
0x00007ffada280000 - 0x00007ffada288000 	C:\WINDOWS\system32\wshunix.dll

dbghelp: loaded successfully - version: 4.0.5 - missing functions: none
symbol engine: initialized successfully - sym options: 0x614 - pdb path: .;C:\Program Files\Java\jdk-20\bin;C:\WINDOWS\SYSTEM32;C:\WINDOWS\WinSxS\amd64_microsoft.windows.common-controls_6595b64144ccf1df_6.0.22621.3672_none_2713b9d173822955;C:\Program Files\Java\jdk-20\bin\server;C:\Users\MI\.gradle\native\c067742578af261105cb4f569cf0c3c89f3d7b1fecec35dd04571415982c5e48\windows-amd64;C:\Users\MI\.gradle\native\38dada09dfb8b06ba9b0570ebf7e218e3eb74d4ef43ca46872605cf95ebc2f47\windows-amd64

VM Arguments:
jvm_args: --add-opens=java.base/java.util=ALL-UNNAMED --add-opens=java.base/java.lang=ALL-UNNAMED --add-opens=java.base/java.lang.invoke=ALL-UNNAMED --add-opens=java.prefs/java.util.prefs=ALL-UNNAMED --add-opens=java.base/java.nio.charset=ALL-UNNAMED --add-opens=java.base/java.net=ALL-UNNAMED --add-opens=java.base/java.util.concurrent.atomic=ALL-UNNAMED -XX:MaxMetaspaceSize=384m -XX:+HeapDumpOnOutOfMemoryError -Xms256m -Xmx512m -Dfile.encoding=windows-1252 -Duser.country=IN -Duser.language=en -Duser.variant -javaagent:C:\Users\MI\.gradle\wrapper\dists\gradle-8.5-bin\5t9huq95ubn472n8rpzujfbqh\gradle-8.5\lib\agents\gradle-instrumentation-agent-8.5.jar 
java_command: org.gradle.launcher.daemon.bootstrap.GradleDaemon 8.5
java_class_path (initial): C:\Users\MI\.gradle\wrapper\dists\gradle-8.5-bin\5t9huq95ubn472n8rpzujfbqh\gradle-8.5\lib\gradle-launcher-8.5.jar
Launcher Type: SUN_STANDARD

[Global flags]
     intx CICompilerCount                          = 4                                         {product} {ergonomic}
   size_t CompressedClassSpaceSize                 = 322961408                                 {product} {ergonomic}
     uint ConcGCThreads                            = 2                                         {product} {ergonomic}
     uint G1ConcRefinementThreads                  = 8                                         {product} {ergonomic}
   size_t G1HeapRegionSize                         = 1048576                                   {product} {ergonomic}
    uintx GCDrainStackTargetSize                   = 64                                        {product} {ergonomic}
     bool HeapDumpOnOutOfMemoryError               = true                                   {manageable} {command line}
   size_t InitialHeapSize                          = 268435456                                 {product} {command line}
   size_t MarkStackSize                            = 4194304                                   {product} {ergonomic}
   size_t MaxHeapSize                              = 536870912                                 {product} {command line}
   size_t MaxMetaspaceSize                         = 402653184                                 {product} {command line}
   size_t MaxNewSize                               = 321912832                                 {product} {ergonomic}
   size_t MinHeapDeltaBytes                        = 1048576                                   {product} {ergonomic}
   size_t MinHeapSize                              = 268435456                                 {product} {command line}
    uintx NonNMethodCodeHeapSize                   = 5839372                                {pd product} {ergonomic}
    uintx NonProfiledCodeHeapSize                  = 122909434                              {pd product} {ergonomic}
    uintx ProfiledCodeHeapSize                     = 122909434                              {pd product} {ergonomic}
    uintx ReservedCodeCacheSize                    = 251658240                              {pd product} {ergonomic}
     bool SegmentedCodeCache                       = true                                      {product} {ergonomic}
   size_t SoftMaxHeapSize                          = 536870912                              {manageable} {ergonomic}
     bool UseCompressedClassPointers               = true                           {product lp64_product} {ergonomic}
     bool UseCompressedOops                        = true                           {product lp64_product} {ergonomic}
     bool UseG1GC                                  = true                                      {product} {ergonomic}
     bool UseLargePagesIndividualAllocation        = false                                  {pd product} {ergonomic}

Logging:
Log output configuration:
 #0: stdout all=warning uptime,level,tags foldmultilines=false
 #1: stderr all=off uptime,level,tags foldmultilines=false

Environment Variables:
JAVA_HOME=C:\Program Files\Java\jdk-20\
PATH=C:\Python312\Scripts\;C:\Python312\;C:\Program Files\Common Files\Oracle\Java\javapath;C:\WINDOWS\system32;C:\WINDOWS;C:\WINDOWS\System32\Wbem;C:\WINDOWS\System32\WindowsPowerShell\v1.0\;C:\WINDOWS\System32\OpenSSH\;C:\Program Files\Java\jdk-20\bin;C:\Program Files\MySQL\MySQL Server 8.0\bin;C:\ProgramData\chocolatey\bin;C:\Program Files\nodejs\node_modules\npm;C:\Program Files\nodejs;C:\Program Files\nodejs\;C:\Program Files\Docker\Docker\resources\bin;C:\Program Files\MySQL\MySQL Shell 8.0\bin\;C:\Users\MI\AppData\Local\Programs\Python\Python311\Scripts\;C:\Users\MI\AppData\Local\Programs\Python\Python311\;C:\Users\MI\AppData\Local\Microsoft\WindowsApps;C:\Program Files\Java\jdk-20\bin;C:\Users\MI\AppData\Local\Programs\Microsoft VS Code\bin;C:\Program Files\MongoDB\Server\7.0\bin;C:\Users\MI\Downloads\gradle-8.4-all\gradle-8.4\bin;C:\Users\MI\AppData\Roaming\npm;C:\Users\MI\Downloads\apache-maven-3.9.6\bin;
USERNAME=Harshita
OS=Windows_NT
PROCESSOR_IDENTIFIER=Intel64 Family 6 Model 142 Stepping 12, GenuineIntel
TMP=C:\Users\MI\AppData\Local\Temp
TEMP=C:\Users\MI\AppData\Local\Temp




---------------  S Y S T E M  ---------------

OS:
 Windows 11 , 64 bit Build 22621 (10.0.22621.3672)
OS uptime: 2 days 23:57 hours
Hyper-V role detected

CPU: total 8 (initial active 8) (4 cores per cpu, 2 threads per core) family 6 model 142 stepping 12 microcode 0xde, cx8, cmov, fxsr, ht, mmx, 3dnowpref, sse, sse2, sse3, ssse3, sse4.1, sse4.2, popcnt, lzcnt, tsc, tscinvbit, avx, avx2, aes, erms, clmul, bmi1, bmi2, adx, fma, vzeroupper, clflush, clflushopt, hv, rdtscp, f16c

Memory: 4k page, system-wide physical 8022M (425M free)
TotalPageFile size 26806M (AvailPageFile size 0M)
current process WorkingSet (physical memory assigned to process): 300M, peak: 302M
current process commit charge ("private bytes"): 447M, peak: 449M

vm_info: Java HotSpot(TM) 64-Bit Server VM (20+36-2344) for windows-amd64 JRE (20+36-2344), built on 2023-02-10T19:30:15Z by "mach5one" with MS VC++ 17.1 (VS2022)

END.
