#
# There is insufficient memory for the Java Runtime Environment to continue.
# Native memory allocation (malloc) failed to allocate 61136 bytes for Chunk::new
# Possible reasons:
#   The system is out of physical RAM or swap space
#   The process is running with CompressedOops enabled, and the Java Heap may be blocking the growth of the native heap
# Possible solutions:
#   Reduce memory load on the system
#   Increase physical memory or swap space
#   Check if swap backing store is full
#   Decrease Java heap size (-Xmx/-Xms)
#   Decrease number of Java threads
#   Decrease Java thread stack sizes (-Xss)
#   Set larger code cache with -XX:ReservedCodeCacheSize=
#   JVM is running with Unscaled Compressed Oops mode in which the Java heap is
#     placed in the first 4GB address space. The Java Heap base address is the
#     maximum limit for the native heap growth. Please use -XX:HeapBaseMinAddress
#     to set the Java Heap base and to place the Java Heap above 4GB virtual address.
# This output file may be truncated or incomplete.
#
#  Out of Memory Error (arena.cpp:184), pid=11176, tid=34596
#
# JRE version: Java(TM) SE Runtime Environment (20.0+36) (build 20+36-2344)
# Java VM: Java HotSpot(TM) 64-Bit Server VM (20+36-2344, mixed mode, sharing, tiered, compressed oops, compressed class ptrs, g1 gc, windows-amd64)
# No core dump will be written. Minidumps are not enabled by default on client versions of Windows
#

---------------  S U M M A R Y ------------

Command Line: -Dfile.encoding=UTF-8 -Duser.country=IN -Duser.language=en -Duser.variant io.vertx.core.Launcher run com.example.starter.MainVerticle --redeploy=src/**/* --launcher-class=io.vertx.core.Launcher --on-redeploy=C:\Users\MI\Downloads\starter/gradlew classes

Host: Intel(R) Core(TM) i5-10210U CPU @ 1.60GHz, 8 cores, 7G,  Windows 11 , 64 bit Build 22621 (10.0.22621.3672)
Time: Mon Jul 15 16:41:29 2024 India Standard Time elapsed time: 7.523853 seconds (0d 0h 0m 7s)

---------------  T H R E A D  ---------------

Current thread (0x0000024054e62d80):  JavaThread "C2 CompilerThread0" daemon [_thread_in_native, id=34596, stack(0x000000a944900000,0x000000a944a00000)]


Current CompileTask:
C2:   7524  969 %     4       java.lang.StringLatin1::compareToCI @ 16 (108 bytes)

Stack: [0x000000a944900000,0x000000a944a00000]
Native frames: (J=compiled Java code, j=interpreted, Vv=VM code, C=native code)
V  [jvm.dll+0x6bb95a]
V  [jvm.dll+0x8483aa]
V  [jvm.dll+0x849fa5]
V  [jvm.dll+0x84a6a3]
V  [jvm.dll+0x280b0f]
V  [jvm.dll+0xc2b11]
V  [jvm.dll+0xc2e35]
V  [jvm.dll+0x2f5dbf]
V  [jvm.dll+0x5e32eb]
V  [jvm.dll+0x2543b4]
V  [jvm.dll+0x25477f]
V  [jvm.dll+0x24cf6d]
V  [jvm.dll+0x24a549]
V  [jvm.dll+0x1ce491]
V  [jvm.dll+0x259e1b]
V  [jvm.dll+0x2584f0]
V  [jvm.dll+0x3f2895]
V  [jvm.dll+0x7f4906]
V  [jvm.dll+0x6ba5cb]
C  [ucrtbase.dll+0x29333]
C  [KERNEL32.DLL+0x1257d]
C  [ntdll.dll+0x5af28]


---------------  P R O C E S S  ---------------

Threads class SMR info:
_java_thread_list=0x000002405981bd60, length=12, elements={
0x0000024054e2bfe0, 0x0000024054e2cde0, 0x0000024054e31680, 0x0000024054e321c0,
0x0000024054e34b10, 0x0000024054e3e5a0, 0x0000024054e62d80, 0x0000024054e65710,
0x0000024059124b90, 0x0000024059139d80, 0x00000240597a9ca0, 0x00000240384eb8d0
}

Java Threads: ( => current thread )
  0x0000024054e2bfe0 JavaThread "Reference Handler" daemon [_thread_blocked, id=32328, stack(0x000000a944300000,0x000000a944400000)]
  0x0000024054e2cde0 JavaThread "Finalizer" daemon [_thread_blocked, id=32516, stack(0x000000a944400000,0x000000a944500000)]
  0x0000024054e31680 JavaThread "Signal Dispatcher" daemon [_thread_blocked, id=25836, stack(0x000000a944500000,0x000000a944600000)]
  0x0000024054e321c0 JavaThread "Attach Listener" daemon [_thread_blocked, id=17016, stack(0x000000a944600000,0x000000a944700000)]
  0x0000024054e34b10 JavaThread "Service Thread" daemon [_thread_blocked, id=29664, stack(0x000000a944700000,0x000000a944800000)]
  0x0000024054e3e5a0 JavaThread "Monitor Deflation Thread" daemon [_thread_blocked, id=32488, stack(0x000000a944800000,0x000000a944900000)]
=>0x0000024054e62d80 JavaThread "C2 CompilerThread0" daemon [_thread_in_native, id=34596, stack(0x000000a944900000,0x000000a944a00000)]
  0x0000024054e65710 JavaThread "C1 CompilerThread0" daemon [_thread_blocked, id=16004, stack(0x000000a944a00000,0x000000a944b00000)]
  0x0000024059124b90 JavaThread "Notification Thread" daemon [_thread_blocked, id=25844, stack(0x000000a944b00000,0x000000a944c00000)]
  0x0000024059139d80 JavaThread "Common-Cleaner" daemon [_thread_blocked, id=13440, stack(0x000000a944d00000,0x000000a944e00000)]
  0x00000240597a9ca0 JavaThread "Thread-1" [_thread_blocked, id=8948, stack(0x000000a944e00000,0x000000a944f00000)]
  0x00000240384eb8d0 JavaThread "DestroyJavaVM" [_thread_blocked, id=14376, stack(0x000000a943c00000,0x000000a943d00000)]

Other Threads:
  0x0000024054e116e0 VMThread "VM Thread" [stack: 0x000000a944200000,0x000000a944300000] [id=28000]
  0x0000024059126d20 WatcherThread "VM Periodic Task Thread" [stack: 0x000000a944c00000,0x000000a944d00000] [id=24004]
  0x00000240385491f0 WorkerThread "GC Thread#0" [stack: 0x000000a943d00000,0x000000a943e00000] [id=20960]
  0x0000024038559d60 ConcurrentGCThread "G1 Main Marker" [stack: 0x000000a943e00000,0x000000a943f00000] [id=23544]
  0x000002403855a790 WorkerThread "G1 Conc#0" [stack: 0x000000a943f00000,0x000000a944000000] [id=34804]
  0x0000024054cd1150 ConcurrentGCThread "G1 Refine#0" [stack: 0x000000a944000000,0x000000a944100000] [id=18680]
  0x0000024054cd18a0 ConcurrentGCThread "G1 Service" [stack: 0x000000a944100000,0x000000a944200000] [id=16164]

Threads with active compile tasks:
C2 CompilerThread0     7566  969 %     4       java.lang.StringLatin1::compareToCI @ 16 (108 bytes)

VM state: not at safepoint (normal execution)

VM Mutex/Monitor currently owned by a thread: None

Heap address: 0x0000000082a00000, size: 2006 MB, Compressed Oops mode: 32-bit

CDS archive(s) mapped at: [0x0000000800000000-0x0000000800c60000-0x0000000800c60000), size 12976128, SharedBaseAddress: 0x0000000800000000, ArchiveRelocationMode: 0.
Compressed class space mapped at: 0x0000000801000000-0x0000000841000000, reserved size: 1073741824
Narrow klass base: 0x0000000800000000, Narrow klass shift: 0, Narrow klass range: 0x100000000

GC Precious Log:
 CardTable entry size: 512
 Card Set container configuration: InlinePtr #cards 5 size 8 Array Of Cards #cards 12 size 40 Howl #buckets 4 coarsen threshold 1843 Howl Bitmap #cards 512 size 80 coarsen threshold 460 Card regions per heap region 1 cards per card region 2048
 CPUs: 8 total, 8 available
 Memory: 8022M
 Large Page Support: Disabled
 NUMA Support: Disabled
 Compressed Oops: Enabled (32-bit)
 Heap Region Size: 1M
 Heap Min Capacity: 8M
 Heap Initial Capacity: 126M
 Heap Max Capacity: 2006M
 Pre-touch: Disabled
 Parallel Workers: 8
 Concurrent Workers: 2
 Concurrent Refinement Workers: 8
 Periodic GC: Disabled

Heap:
 garbage-first heap   total 129024K, used 12288K [0x0000000082a00000, 0x0000000100000000)
  region size 1024K, 13 young (13312K), 0 survivors (0K)
 Metaspace       used 3239K, committed 3456K, reserved 1114112K
  class space    used 345K, committed 448K, reserved 1048576K

Heap Regions: E=young(eden), S=young(survivor), O=old, HS=humongous(starts), HC=humongous(continues), CS=collection set, F=free, OA=open archive, CA=closed archive, TAMS=top-at-mark-start, PB=parsable bottom
|   0|0x0000000082a00000, 0x0000000082a00000, 0x0000000082b00000|  0%| F|  |TAMS 0x0000000082a00000| PB 0x0000000082a00000| Untracked 
|   1|0x0000000082b00000, 0x0000000082b00000, 0x0000000082c00000|  0%| F|  |TAMS 0x0000000082b00000| PB 0x0000000082b00000| Untracked 
|   2|0x0000000082c00000, 0x0000000082c00000, 0x0000000082d00000|  0%| F|  |TAMS 0x0000000082c00000| PB 0x0000000082c00000| Untracked 
|   3|0x0000000082d00000, 0x0000000082d00000, 0x0000000082e00000|  0%| F|  |TAMS 0x0000000082d00000| PB 0x0000000082d00000| Untracked 
|   4|0x0000000082e00000, 0x0000000082e00000, 0x0000000082f00000|  0%| F|  |TAMS 0x0000000082e00000| PB 0x0000000082e00000| Untracked 
|   5|0x0000000082f00000, 0x0000000082f00000, 0x0000000083000000|  0%| F|  |TAMS 0x0000000082f00000| PB 0x0000000082f00000| Untracked 
|   6|0x0000000083000000, 0x0000000083000000, 0x0000000083100000|  0%| F|  |TAMS 0x0000000083000000| PB 0x0000000083000000| Untracked 
|   7|0x0000000083100000, 0x0000000083100000, 0x0000000083200000|  0%| F|  |TAMS 0x0000000083100000| PB 0x0000000083100000| Untracked 
|   8|0x0000000083200000, 0x0000000083200000, 0x0000000083300000|  0%| F|  |TAMS 0x0000000083200000| PB 0x0000000083200000| Untracked 
|   9|0x0000000083300000, 0x0000000083300000, 0x0000000083400000|  0%| F|  |TAMS 0x0000000083300000| PB 0x0000000083300000| Untracked 
|  10|0x0000000083400000, 0x0000000083400000, 0x0000000083500000|  0%| F|  |TAMS 0x0000000083400000| PB 0x0000000083400000| Untracked 
|  11|0x0000000083500000, 0x0000000083500000, 0x0000000083600000|  0%| F|  |TAMS 0x0000000083500000| PB 0x0000000083500000| Untracked 
|  12|0x0000000083600000, 0x0000000083600000, 0x0000000083700000|  0%| F|  |TAMS 0x0000000083600000| PB 0x0000000083600000| Untracked 
|  13|0x0000000083700000, 0x0000000083700000, 0x0000000083800000|  0%| F|  |TAMS 0x0000000083700000| PB 0x0000000083700000| Untracked 
|  14|0x0000000083800000, 0x0000000083800000, 0x0000000083900000|  0%| F|  |TAMS 0x0000000083800000| PB 0x0000000083800000| Untracked 
|  15|0x0000000083900000, 0x0000000083900000, 0x0000000083a00000|  0%| F|  |TAMS 0x0000000083900000| PB 0x0000000083900000| Untracked 
|  16|0x0000000083a00000, 0x0000000083a00000, 0x0000000083b00000|  0%| F|  |TAMS 0x0000000083a00000| PB 0x0000000083a00000| Untracked 
|  17|0x0000000083b00000, 0x0000000083b00000, 0x0000000083c00000|  0%| F|  |TAMS 0x0000000083b00000| PB 0x0000000083b00000| Untracked 
|  18|0x0000000083c00000, 0x0000000083c00000, 0x0000000083d00000|  0%| F|  |TAMS 0x0000000083c00000| PB 0x0000000083c00000| Untracked 
|  19|0x0000000083d00000, 0x0000000083d00000, 0x0000000083e00000|  0%| F|  |TAMS 0x0000000083d00000| PB 0x0000000083d00000| Untracked 
|  20|0x0000000083e00000, 0x0000000083e00000, 0x0000000083f00000|  0%| F|  |TAMS 0x0000000083e00000| PB 0x0000000083e00000| Untracked 
|  21|0x0000000083f00000, 0x0000000083f00000, 0x0000000084000000|  0%| F|  |TAMS 0x0000000083f00000| PB 0x0000000083f00000| Untracked 
|  22|0x0000000084000000, 0x0000000084000000, 0x0000000084100000|  0%| F|  |TAMS 0x0000000084000000| PB 0x0000000084000000| Untracked 
|  23|0x0000000084100000, 0x0000000084100000, 0x0000000084200000|  0%| F|  |TAMS 0x0000000084100000| PB 0x0000000084100000| Untracked 
|  24|0x0000000084200000, 0x0000000084200000, 0x0000000084300000|  0%| F|  |TAMS 0x0000000084200000| PB 0x0000000084200000| Untracked 
|  25|0x0000000084300000, 0x0000000084300000, 0x0000000084400000|  0%| F|  |TAMS 0x0000000084300000| PB 0x0000000084300000| Untracked 
|  26|0x0000000084400000, 0x0000000084400000, 0x0000000084500000|  0%| F|  |TAMS 0x0000000084400000| PB 0x0000000084400000| Untracked 
|  27|0x0000000084500000, 0x0000000084500000, 0x0000000084600000|  0%| F|  |TAMS 0x0000000084500000| PB 0x0000000084500000| Untracked 
|  28|0x0000000084600000, 0x0000000084600000, 0x0000000084700000|  0%| F|  |TAMS 0x0000000084600000| PB 0x0000000084600000| Untracked 
|  29|0x0000000084700000, 0x0000000084700000, 0x0000000084800000|  0%| F|  |TAMS 0x0000000084700000| PB 0x0000000084700000| Untracked 
|  30|0x0000000084800000, 0x0000000084800000, 0x0000000084900000|  0%| F|  |TAMS 0x0000000084800000| PB 0x0000000084800000| Untracked 
|  31|0x0000000084900000, 0x0000000084900000, 0x0000000084a00000|  0%| F|  |TAMS 0x0000000084900000| PB 0x0000000084900000| Untracked 
|  32|0x0000000084a00000, 0x0000000084a00000, 0x0000000084b00000|  0%| F|  |TAMS 0x0000000084a00000| PB 0x0000000084a00000| Untracked 
|  33|0x0000000084b00000, 0x0000000084b00000, 0x0000000084c00000|  0%| F|  |TAMS 0x0000000084b00000| PB 0x0000000084b00000| Untracked 
|  34|0x0000000084c00000, 0x0000000084c00000, 0x0000000084d00000|  0%| F|  |TAMS 0x0000000084c00000| PB 0x0000000084c00000| Untracked 
|  35|0x0000000084d00000, 0x0000000084d00000, 0x0000000084e00000|  0%| F|  |TAMS 0x0000000084d00000| PB 0x0000000084d00000| Untracked 
|  36|0x0000000084e00000, 0x0000000084e00000, 0x0000000084f00000|  0%| F|  |TAMS 0x0000000084e00000| PB 0x0000000084e00000| Untracked 
|  37|0x0000000084f00000, 0x0000000084f00000, 0x0000000085000000|  0%| F|  |TAMS 0x0000000084f00000| PB 0x0000000084f00000| Untracked 
|  38|0x0000000085000000, 0x0000000085000000, 0x0000000085100000|  0%| F|  |TAMS 0x0000000085000000| PB 0x0000000085000000| Untracked 
|  39|0x0000000085100000, 0x0000000085100000, 0x0000000085200000|  0%| F|  |TAMS 0x0000000085100000| PB 0x0000000085100000| Untracked 
|  40|0x0000000085200000, 0x0000000085200000, 0x0000000085300000|  0%| F|  |TAMS 0x0000000085200000| PB 0x0000000085200000| Untracked 
|  41|0x0000000085300000, 0x0000000085300000, 0x0000000085400000|  0%| F|  |TAMS 0x0000000085300000| PB 0x0000000085300000| Untracked 
|  42|0x0000000085400000, 0x0000000085400000, 0x0000000085500000|  0%| F|  |TAMS 0x0000000085400000| PB 0x0000000085400000| Untracked 
|  43|0x0000000085500000, 0x0000000085500000, 0x0000000085600000|  0%| F|  |TAMS 0x0000000085500000| PB 0x0000000085500000| Untracked 
|  44|0x0000000085600000, 0x0000000085600000, 0x0000000085700000|  0%| F|  |TAMS 0x0000000085600000| PB 0x0000000085600000| Untracked 
|  45|0x0000000085700000, 0x0000000085700000, 0x0000000085800000|  0%| F|  |TAMS 0x0000000085700000| PB 0x0000000085700000| Untracked 
|  46|0x0000000085800000, 0x0000000085800000, 0x0000000085900000|  0%| F|  |TAMS 0x0000000085800000| PB 0x0000000085800000| Untracked 
|  47|0x0000000085900000, 0x0000000085900000, 0x0000000085a00000|  0%| F|  |TAMS 0x0000000085900000| PB 0x0000000085900000| Untracked 
|  48|0x0000000085a00000, 0x0000000085a00000, 0x0000000085b00000|  0%| F|  |TAMS 0x0000000085a00000| PB 0x0000000085a00000| Untracked 
|  49|0x0000000085b00000, 0x0000000085b00000, 0x0000000085c00000|  0%| F|  |TAMS 0x0000000085b00000| PB 0x0000000085b00000| Untracked 
|  50|0x0000000085c00000, 0x0000000085c00000, 0x0000000085d00000|  0%| F|  |TAMS 0x0000000085c00000| PB 0x0000000085c00000| Untracked 
|  51|0x0000000085d00000, 0x0000000085d00000, 0x0000000085e00000|  0%| F|  |TAMS 0x0000000085d00000| PB 0x0000000085d00000| Untracked 
|  52|0x0000000085e00000, 0x0000000085e00000, 0x0000000085f00000|  0%| F|  |TAMS 0x0000000085e00000| PB 0x0000000085e00000| Untracked 
|  53|0x0000000085f00000, 0x0000000085f00000, 0x0000000086000000|  0%| F|  |TAMS 0x0000000085f00000| PB 0x0000000085f00000| Untracked 
|  54|0x0000000086000000, 0x0000000086000000, 0x0000000086100000|  0%| F|  |TAMS 0x0000000086000000| PB 0x0000000086000000| Untracked 
|  55|0x0000000086100000, 0x0000000086100000, 0x0000000086200000|  0%| F|  |TAMS 0x0000000086100000| PB 0x0000000086100000| Untracked 
|  56|0x0000000086200000, 0x0000000086200000, 0x0000000086300000|  0%| F|  |TAMS 0x0000000086200000| PB 0x0000000086200000| Untracked 
|  57|0x0000000086300000, 0x0000000086300000, 0x0000000086400000|  0%| F|  |TAMS 0x0000000086300000| PB 0x0000000086300000| Untracked 
|  58|0x0000000086400000, 0x0000000086400000, 0x0000000086500000|  0%| F|  |TAMS 0x0000000086400000| PB 0x0000000086400000| Untracked 
|  59|0x0000000086500000, 0x0000000086500000, 0x0000000086600000|  0%| F|  |TAMS 0x0000000086500000| PB 0x0000000086500000| Untracked 
|  60|0x0000000086600000, 0x0000000086600000, 0x0000000086700000|  0%| F|  |TAMS 0x0000000086600000| PB 0x0000000086600000| Untracked 
|  61|0x0000000086700000, 0x0000000086700000, 0x0000000086800000|  0%| F|  |TAMS 0x0000000086700000| PB 0x0000000086700000| Untracked 
|  62|0x0000000086800000, 0x0000000086800000, 0x0000000086900000|  0%| F|  |TAMS 0x0000000086800000| PB 0x0000000086800000| Untracked 
|  63|0x0000000086900000, 0x0000000086900000, 0x0000000086a00000|  0%| F|  |TAMS 0x0000000086900000| PB 0x0000000086900000| Untracked 
|  64|0x0000000086a00000, 0x0000000086a00000, 0x0000000086b00000|  0%| F|  |TAMS 0x0000000086a00000| PB 0x0000000086a00000| Untracked 
|  65|0x0000000086b00000, 0x0000000086b00000, 0x0000000086c00000|  0%| F|  |TAMS 0x0000000086b00000| PB 0x0000000086b00000| Untracked 
|  66|0x0000000086c00000, 0x0000000086c00000, 0x0000000086d00000|  0%| F|  |TAMS 0x0000000086c00000| PB 0x0000000086c00000| Untracked 
|  67|0x0000000086d00000, 0x0000000086d00000, 0x0000000086e00000|  0%| F|  |TAMS 0x0000000086d00000| PB 0x0000000086d00000| Untracked 
|  68|0x0000000086e00000, 0x0000000086e00000, 0x0000000086f00000|  0%| F|  |TAMS 0x0000000086e00000| PB 0x0000000086e00000| Untracked 
|  69|0x0000000086f00000, 0x0000000086f00000, 0x0000000087000000|  0%| F|  |TAMS 0x0000000086f00000| PB 0x0000000086f00000| Untracked 
|  70|0x0000000087000000, 0x0000000087000000, 0x0000000087100000|  0%| F|  |TAMS 0x0000000087000000| PB 0x0000000087000000| Untracked 
|  71|0x0000000087100000, 0x0000000087100000, 0x0000000087200000|  0%| F|  |TAMS 0x0000000087100000| PB 0x0000000087100000| Untracked 
|  72|0x0000000087200000, 0x0000000087200000, 0x0000000087300000|  0%| F|  |TAMS 0x0000000087200000| PB 0x0000000087200000| Untracked 
|  73|0x0000000087300000, 0x0000000087300000, 0x0000000087400000|  0%| F|  |TAMS 0x0000000087300000| PB 0x0000000087300000| Untracked 
|  74|0x0000000087400000, 0x0000000087400000, 0x0000000087500000|  0%| F|  |TAMS 0x0000000087400000| PB 0x0000000087400000| Untracked 
|  75|0x0000000087500000, 0x0000000087500000, 0x0000000087600000|  0%| F|  |TAMS 0x0000000087500000| PB 0x0000000087500000| Untracked 
|  76|0x0000000087600000, 0x0000000087600000, 0x0000000087700000|  0%| F|  |TAMS 0x0000000087600000| PB 0x0000000087600000| Untracked 
|  77|0x0000000087700000, 0x0000000087700000, 0x0000000087800000|  0%| F|  |TAMS 0x0000000087700000| PB 0x0000000087700000| Untracked 
|  78|0x0000000087800000, 0x0000000087800000, 0x0000000087900000|  0%| F|  |TAMS 0x0000000087800000| PB 0x0000000087800000| Untracked 
|  79|0x0000000087900000, 0x0000000087900000, 0x0000000087a00000|  0%| F|  |TAMS 0x0000000087900000| PB 0x0000000087900000| Untracked 
|  80|0x0000000087a00000, 0x0000000087a00000, 0x0000000087b00000|  0%| F|  |TAMS 0x0000000087a00000| PB 0x0000000087a00000| Untracked 
|  81|0x0000000087b00000, 0x0000000087b00000, 0x0000000087c00000|  0%| F|  |TAMS 0x0000000087b00000| PB 0x0000000087b00000| Untracked 
|  82|0x0000000087c00000, 0x0000000087c00000, 0x0000000087d00000|  0%| F|  |TAMS 0x0000000087c00000| PB 0x0000000087c00000| Untracked 
|  83|0x0000000087d00000, 0x0000000087d00000, 0x0000000087e00000|  0%| F|  |TAMS 0x0000000087d00000| PB 0x0000000087d00000| Untracked 
|  84|0x0000000087e00000, 0x0000000087e00000, 0x0000000087f00000|  0%| F|  |TAMS 0x0000000087e00000| PB 0x0000000087e00000| Untracked 
|  85|0x0000000087f00000, 0x0000000087f00000, 0x0000000088000000|  0%| F|  |TAMS 0x0000000087f00000| PB 0x0000000087f00000| Untracked 
|  86|0x0000000088000000, 0x0000000088000000, 0x0000000088100000|  0%| F|  |TAMS 0x0000000088000000| PB 0x0000000088000000| Untracked 
|  87|0x0000000088100000, 0x0000000088100000, 0x0000000088200000|  0%| F|  |TAMS 0x0000000088100000| PB 0x0000000088100000| Untracked 
|  88|0x0000000088200000, 0x0000000088200000, 0x0000000088300000|  0%| F|  |TAMS 0x0000000088200000| PB 0x0000000088200000| Untracked 
|  89|0x0000000088300000, 0x0000000088300000, 0x0000000088400000|  0%| F|  |TAMS 0x0000000088300000| PB 0x0000000088300000| Untracked 
|  90|0x0000000088400000, 0x0000000088400000, 0x0000000088500000|  0%| F|  |TAMS 0x0000000088400000| PB 0x0000000088400000| Untracked 
|  91|0x0000000088500000, 0x0000000088500000, 0x0000000088600000|  0%| F|  |TAMS 0x0000000088500000| PB 0x0000000088500000| Untracked 
|  92|0x0000000088600000, 0x0000000088600000, 0x0000000088700000|  0%| F|  |TAMS 0x0000000088600000| PB 0x0000000088600000| Untracked 
|  93|0x0000000088700000, 0x0000000088700000, 0x0000000088800000|  0%| F|  |TAMS 0x0000000088700000| PB 0x0000000088700000| Untracked 
|  94|0x0000000088800000, 0x0000000088800000, 0x0000000088900000|  0%| F|  |TAMS 0x0000000088800000| PB 0x0000000088800000| Untracked 
|  95|0x0000000088900000, 0x0000000088900000, 0x0000000088a00000|  0%| F|  |TAMS 0x0000000088900000| PB 0x0000000088900000| Untracked 
|  96|0x0000000088a00000, 0x0000000088a00000, 0x0000000088b00000|  0%| F|  |TAMS 0x0000000088a00000| PB 0x0000000088a00000| Untracked 
|  97|0x0000000088b00000, 0x0000000088b00000, 0x0000000088c00000|  0%| F|  |TAMS 0x0000000088b00000| PB 0x0000000088b00000| Untracked 
|  98|0x0000000088c00000, 0x0000000088c00000, 0x0000000088d00000|  0%| F|  |TAMS 0x0000000088c00000| PB 0x0000000088c00000| Untracked 
|  99|0x0000000088d00000, 0x0000000088d00000, 0x0000000088e00000|  0%| F|  |TAMS 0x0000000088d00000| PB 0x0000000088d00000| Untracked 
| 100|0x0000000088e00000, 0x0000000088e00000, 0x0000000088f00000|  0%| F|  |TAMS 0x0000000088e00000| PB 0x0000000088e00000| Untracked 
| 101|0x0000000088f00000, 0x0000000088f00000, 0x0000000089000000|  0%| F|  |TAMS 0x0000000088f00000| PB 0x0000000088f00000| Untracked 
| 102|0x0000000089000000, 0x0000000089000000, 0x0000000089100000|  0%| F|  |TAMS 0x0000000089000000| PB 0x0000000089000000| Untracked 
| 103|0x0000000089100000, 0x0000000089100000, 0x0000000089200000|  0%| F|  |TAMS 0x0000000089100000| PB 0x0000000089100000| Untracked 
| 104|0x0000000089200000, 0x0000000089200000, 0x0000000089300000|  0%| F|  |TAMS 0x0000000089200000| PB 0x0000000089200000| Untracked 
| 105|0x0000000089300000, 0x0000000089300000, 0x0000000089400000|  0%| F|  |TAMS 0x0000000089300000| PB 0x0000000089300000| Untracked 
| 106|0x0000000089400000, 0x0000000089400000, 0x0000000089500000|  0%| F|  |TAMS 0x0000000089400000| PB 0x0000000089400000| Untracked 
| 107|0x0000000089500000, 0x0000000089500000, 0x0000000089600000|  0%| F|  |TAMS 0x0000000089500000| PB 0x0000000089500000| Untracked 
| 108|0x0000000089600000, 0x0000000089600000, 0x0000000089700000|  0%| F|  |TAMS 0x0000000089600000| PB 0x0000000089600000| Untracked 
| 109|0x0000000089700000, 0x0000000089700000, 0x0000000089800000|  0%| F|  |TAMS 0x0000000089700000| PB 0x0000000089700000| Untracked 
| 110|0x0000000089800000, 0x0000000089800000, 0x0000000089900000|  0%| F|  |TAMS 0x0000000089800000| PB 0x0000000089800000| Untracked 
| 111|0x0000000089900000, 0x0000000089900000, 0x0000000089a00000|  0%| F|  |TAMS 0x0000000089900000| PB 0x0000000089900000| Untracked 
| 112|0x0000000089a00000, 0x0000000089a00000, 0x0000000089b00000|  0%| F|  |TAMS 0x0000000089a00000| PB 0x0000000089a00000| Untracked 
| 113|0x0000000089b00000, 0x0000000089b76440, 0x0000000089c00000| 46%| E|  |TAMS 0x0000000089b00000| PB 0x0000000089b00000| Complete 
| 114|0x0000000089c00000, 0x0000000089d00000, 0x0000000089d00000|100%| E|CS|TAMS 0x0000000089c00000| PB 0x0000000089c00000| Complete 
| 115|0x0000000089d00000, 0x0000000089e00000, 0x0000000089e00000|100%| E|CS|TAMS 0x0000000089d00000| PB 0x0000000089d00000| Complete 
| 116|0x0000000089e00000, 0x0000000089f00000, 0x0000000089f00000|100%| E|CS|TAMS 0x0000000089e00000| PB 0x0000000089e00000| Complete 
| 117|0x0000000089f00000, 0x000000008a000000, 0x000000008a000000|100%| E|CS|TAMS 0x0000000089f00000| PB 0x0000000089f00000| Complete 
| 118|0x000000008a000000, 0x000000008a100000, 0x000000008a100000|100%| E|CS|TAMS 0x000000008a000000| PB 0x000000008a000000| Complete 
| 119|0x000000008a100000, 0x000000008a200000, 0x000000008a200000|100%| E|CS|TAMS 0x000000008a100000| PB 0x000000008a100000| Complete 
| 120|0x000000008a200000, 0x000000008a300000, 0x000000008a300000|100%| E|CS|TAMS 0x000000008a200000| PB 0x000000008a200000| Complete 
| 121|0x000000008a300000, 0x000000008a400000, 0x000000008a400000|100%| E|CS|TAMS 0x000000008a300000| PB 0x000000008a300000| Complete 
| 122|0x000000008a400000, 0x000000008a500000, 0x000000008a500000|100%| E|CS|TAMS 0x000000008a400000| PB 0x000000008a400000| Complete 
| 123|0x000000008a500000, 0x000000008a600000, 0x000000008a600000|100%| E|CS|TAMS 0x000000008a500000| PB 0x000000008a500000| Complete 
| 124|0x000000008a600000, 0x000000008a700000, 0x000000008a700000|100%| E|CS|TAMS 0x000000008a600000| PB 0x000000008a600000| Complete 
| 125|0x000000008a700000, 0x000000008a800000, 0x000000008a800000|100%| E|CS|TAMS 0x000000008a700000| PB 0x000000008a700000| Complete 

Card table byte_map: [0x000002404fcb0000,0x00000240500a0000] _byte_map_base: 0x000002404f89b000

Marking Bits: (CMBitMap*) 0x0000024038549820
 Bits: [0x0000024050490000, 0x00000240523e8000)

Polling page: 0x0000024037ca0000

Metaspace:

Usage:
  Non-class:      2.83 MB used.
      Class:    345.26 KB used.
       Both:      3.16 MB used.

Virtual space:
  Non-class space:       64.00 MB reserved,       2.94 MB (  5%) committed,  1 nodes.
      Class space:        1.00 GB reserved,     448.00 KB ( <1%) committed,  1 nodes.
             Both:        1.06 GB reserved,       3.38 MB ( <1%) committed. 

Chunk freelists:
   Non-Class:  3.34 MB
       Class:  3.60 MB
        Both:  6.94 MB

MaxMetaspaceSize: unlimited
CompressedClassSpaceSize: 1.00 GB
Initial GC threshold: 21.00 MB
Current GC threshold: 21.00 MB
CDS: on
MetaspaceReclaimPolicy: balanced
 - commit_granule_bytes: 65536.
 - commit_granule_words: 8192.
 - virtual_space_node_default_size: 8388608.
 - enlarge_chunks_in_place: 1.
 - new_chunks_are_fully_committed: 0.
 - uncommit_free_chunks: 1.
 - use_allocation_guard: 0.


Internal statistics:

num_allocs_failed_limit: 0.
num_arena_births: 94.
num_arena_deaths: 0.
num_vsnodes_births: 2.
num_vsnodes_deaths: 0.
num_space_committed: 54.
num_space_uncommitted: 0.
num_chunks_returned_to_freelist: 0.
num_chunks_taken_from_freelist: 144.
num_chunk_merges: 0.
num_chunk_splits: 87.
num_chunks_enlarged: 62.
num_inconsistent_stats: 0.

CodeHeap 'non-profiled nmethods': size=120000Kb used=287Kb max_used=287Kb free=119712Kb
 bounds [0x0000024048060000, 0x00000240482d0000, 0x000002404f590000]
CodeHeap 'profiled nmethods': size=120000Kb used=1580Kb max_used=1580Kb free=118420Kb
 bounds [0x0000024040590000, 0x0000024040800000, 0x0000024047ac0000]
CodeHeap 'non-nmethods': size=5760Kb used=1398Kb max_used=1416Kb free=4361Kb
 bounds [0x0000024047ac0000, 0x0000024047d30000, 0x0000024048060000]
 total_blobs=1412 nmethods=968 adapters=355
 compilation: enabled
              stopped_count=0, restarted_count=0
 full_count=0

Compilation events (20 events):
Event: 5.076 Thread 0x0000024054e62d80 nmethod 957 0x00000240480a5d90 code [0x00000240480a5f00, 0x00000240480a6100]
Event: 5.866 Thread 0x0000024054e65710  958       3       java.io.File::listFiles (52 bytes)
Event: 5.866 Thread 0x0000024054e65710 nmethod 958 0x0000024040718090 code [0x0000024040718260, 0x00000240407187d0]
Event: 5.866 Thread 0x0000024054e65710  959       3       java.io.File::normalizedList (86 bytes)
Event: 5.867 Thread 0x0000024054e65710 nmethod 959 0x0000024040718990 code [0x0000024040718ba0, 0x00000240407192a0]
Event: 5.868 Thread 0x0000024054e62d80  960       4       java.util.HashMap::put (13 bytes)
Event: 5.877 Thread 0x0000024054e62d80 nmethod 960 0x00000240480a6210 code [0x00000240480a63e0, 0x00000240480a6cd8]
Event: 6.131 Thread 0x0000024054e65710  961       3       java.util.HashMap::<init> (17 bytes)
Event: 6.131 Thread 0x0000024054e65710 nmethod 961 0x0000024040719490 code [0x0000024040719640, 0x0000024040719840]
Event: 6.131 Thread 0x0000024054e65710  962       3       java.util.LinkedHashMap::keySet (25 bytes)
Event: 6.132 Thread 0x0000024054e65710 nmethod 962 0x0000024040719910 code [0x0000024040719ac0, 0x0000024040719ea0]
Event: 6.132 Thread 0x0000024054e65710  963       3       java.util.LinkedHashMap$LinkedKeySet::<init> (10 bytes)
Event: 6.132 Thread 0x0000024054e65710 nmethod 963 0x000002404071a010 code [0x000002404071a1a0, 0x000002404071a428]
Event: 6.973 Thread 0x0000024054e62d80  964       4       java.util.HashMap::newNode (13 bytes)
Event: 6.974 Thread 0x0000024054e65710  966       3       java.io.File::length (33 bytes)
Event: 6.975 Thread 0x0000024054e65710 nmethod 966 0x000002404071a510 code [0x000002404071a6e0, 0x000002404071a9c8]
Event: 6.975 Thread 0x0000024054e65710  967   !   3       java.io.WinNTFileSystem::getLength (27 bytes)
Event: 6.975 Thread 0x0000024054e62d80 nmethod 964 0x00000240480a7a90 code [0x00000240480a7c00, 0x00000240480a7d20]
Event: 6.975 Thread 0x0000024054e65710 nmethod 967 0x000002404071ab10 code [0x000002404071acc0, 0x000002404071aec0]
Event: 7.513 Thread 0x0000024054e62d80  969 %     4       java.lang.StringLatin1::compareToCI @ 16 (108 bytes)

GC Heap History (0 events):
No events

Dll operation events (6 events):
Event: 0.007 Loaded shared library C:\Program Files\Java\jdk-20\bin\java.dll
Event: 0.020 Loaded shared library C:\Program Files\Java\jdk-20\bin\jsvml.dll
Event: 0.092 Loaded shared library C:\Program Files\Java\jdk-20\bin\net.dll
Event: 0.094 Loaded shared library C:\Program Files\Java\jdk-20\bin\nio.dll
Event: 0.097 Loaded shared library C:\Program Files\Java\jdk-20\bin\zip.dll
Event: 0.126 Loaded shared library C:\Program Files\Java\jdk-20\bin\jimage.dll

Deoptimization events (20 events):
Event: 0.530 Thread 0x00000240384eb8d0 Uncommon trap: trap_request=0xffffff45 fr.pc=0x00000240480981ec relative=0x000000000000016c
Event: 0.530 Thread 0x00000240384eb8d0 Uncommon trap: reason=unstable_if action=reinterpret pc=0x00000240480981ec method=java.util.concurrent.locks.ReentrantLock$NonfairSync.initialTryLock()Z @ 10 c2
Event: 0.530 Thread 0x00000240384eb8d0 DEOPT PACKING pc=0x00000240480981ec sp=0x000000a943cfe710
Event: 0.530 Thread 0x00000240384eb8d0 DEOPT UNPACKING pc=0x0000024047b29d22 sp=0x000000a943cfe6b8 mode 2
Event: 0.537 Thread 0x00000240384eb8d0 Uncommon trap: trap_request=0xffffffc6 fr.pc=0x000002404809f5f0 relative=0x0000000000000d70
Event: 0.537 Thread 0x00000240384eb8d0 Uncommon trap: reason=bimorphic_or_optimized_type_check action=maybe_recompile pc=0x000002404809f5f0 method=java.util.HashMap.putVal(ILjava/lang/Object;Ljava/lang/Object;ZZ)Ljava/lang/Object; @ 152 c2
Event: 0.537 Thread 0x00000240384eb8d0 DEOPT PACKING pc=0x000002404809f5f0 sp=0x000000a943cfdda0
Event: 0.537 Thread 0x00000240384eb8d0 DEOPT UNPACKING pc=0x0000024047b29d22 sp=0x000000a943cfdd30 mode 2
Event: 0.537 Thread 0x00000240384eb8d0 Uncommon trap: trap_request=0xffffffc6 fr.pc=0x000002404809f5f0 relative=0x0000000000000d70
Event: 0.537 Thread 0x00000240384eb8d0 Uncommon trap: reason=bimorphic_or_optimized_type_check action=maybe_recompile pc=0x000002404809f5f0 method=java.util.HashMap.putVal(ILjava/lang/Object;Ljava/lang/Object;ZZ)Ljava/lang/Object; @ 152 c2
Event: 0.537 Thread 0x00000240384eb8d0 DEOPT PACKING pc=0x000002404809f5f0 sp=0x000000a943cfdda0
Event: 0.537 Thread 0x00000240384eb8d0 DEOPT UNPACKING pc=0x0000024047b29d22 sp=0x000000a943cfdd30 mode 2
Event: 0.537 Thread 0x00000240384eb8d0 Uncommon trap: trap_request=0xffffffc6 fr.pc=0x000002404809f5f0 relative=0x0000000000000d70
Event: 0.537 Thread 0x00000240384eb8d0 Uncommon trap: reason=bimorphic_or_optimized_type_check action=maybe_recompile pc=0x000002404809f5f0 method=java.util.HashMap.putVal(ILjava/lang/Object;Ljava/lang/Object;ZZ)Ljava/lang/Object; @ 152 c2
Event: 0.537 Thread 0x00000240384eb8d0 DEOPT PACKING pc=0x000002404809f5f0 sp=0x000000a943cfdda0
Event: 0.537 Thread 0x00000240384eb8d0 DEOPT UNPACKING pc=0x0000024047b29d22 sp=0x000000a943cfdd30 mode 2
Event: 0.537 Thread 0x00000240384eb8d0 Uncommon trap: trap_request=0xffffffc6 fr.pc=0x000002404809f5f0 relative=0x0000000000000d70
Event: 0.537 Thread 0x00000240384eb8d0 Uncommon trap: reason=bimorphic_or_optimized_type_check action=maybe_recompile pc=0x000002404809f5f0 method=java.util.HashMap.putVal(ILjava/lang/Object;Ljava/lang/Object;ZZ)Ljava/lang/Object; @ 152 c2
Event: 0.537 Thread 0x00000240384eb8d0 DEOPT PACKING pc=0x000002404809f5f0 sp=0x000000a943cfdda0
Event: 0.537 Thread 0x00000240384eb8d0 DEOPT UNPACKING pc=0x0000024047b29d22 sp=0x000000a943cfdd30 mode 2

Classes loaded (20 events):
Event: 0.579 Loading class java/util/concurrent/ThreadPoolExecutor$AbortPolicy
Event: 0.579 Loading class java/util/concurrent/RejectedExecutionHandler
Event: 0.579 Loading class java/util/concurrent/RejectedExecutionHandler done
Event: 0.579 Loading class java/util/concurrent/ThreadPoolExecutor$AbortPolicy done
Event: 0.579 Loading class java/util/concurrent/SynchronousQueue
Event: 0.579 Loading class java/util/concurrent/SynchronousQueue done
Event: 0.579 Loading class java/util/concurrent/SynchronousQueue$TransferStack
Event: 0.579 Loading class java/util/concurrent/SynchronousQueue$Transferer
Event: 0.579 Loading class java/util/concurrent/SynchronousQueue$Transferer done
Event: 0.579 Loading class java/util/concurrent/SynchronousQueue$TransferStack done
Event: 0.579 Loading class java/util/concurrent/SynchronousQueue$TransferStack$SNode
Event: 0.579 Loading class java/util/concurrent/SynchronousQueue$TransferStack$SNode done
Event: 0.581 Loading class java/lang/ProcessImpl$2
Event: 0.581 Loading class java/lang/ProcessImpl$2 done
Event: 0.582 Loading class java/lang/ProcessBuilder$NullInputStream
Event: 0.582 Loading class java/lang/ProcessBuilder$NullInputStream done
Event: 0.582 Loading class java/lang/ProcessBuilder$RedirectPipeImpl
Event: 0.582 Loading class java/lang/ProcessBuilder$RedirectPipeImpl done
Event: 0.582 Loading class jdk/internal/event/ProcessStartEvent
Event: 0.582 Loading class jdk/internal/event/ProcessStartEvent done

Classes unloaded (0 events):
No events

Classes redefined (0 events):
No events

Internal exceptions (20 events):
Event: 0.270 Thread 0x00000240384eb8d0 Exception <a 'java/lang/NoClassDefFoundError'{0x000000008a127398}: org/apache/logging/log4j/LogManager> (0x000000008a127398) 
thrown [s\open\src\hotspot\share\classfile\systemDictionary.cpp, line 294]
Event: 0.303 Thread 0x00000240384eb8d0 Exception <a 'java/lang/NoSuchMethodError'{0x000000008a09ad48}: 'void java.lang.invoke.DirectMethodHandle$Holder.invokeVirtual(java.lang.Object, java.lang.Object, int)'> (0x000000008a09ad48) 
thrown [s\open\src\hotspot\share\interpreter\linkResolver.cpp, line 773]
Event: 0.306 Thread 0x00000240384eb8d0 Exception <a 'java/lang/NoSuchMethodError'{0x000000008a09f898}: 'int java.lang.invoke.DirectMethodHandle$Holder.invokeSpecial(java.lang.Object, java.lang.Object, java.lang.Object, int)'> (0x000000008a09f898) 
thrown [s\open\src\hotspot\share\interpreter\linkResolver.cpp, line 773]
Event: 0.308 Thread 0x00000240384eb8d0 Exception <a 'java/lang/NoSuchMethodError'{0x000000008a0b1e50}: 'java.lang.Object java.lang.invoke.DirectMethodHandle$Holder.invokeStatic(java.lang.Object, java.lang.Object, java.lang.Object, java.lang.Object, int)'> (0x000000008a0b1e50) 
thrown [s\open\src\hotspot\share\interpreter\linkResolver.cpp, line 773]
Event: 0.309 Thread 0x00000240384eb8d0 Exception <a 'java/lang/NoSuchMethodError'{0x000000008a0bca28}: 'void java.lang.invoke.DelegatingMethodHandle$Holder.reinvoke_L(java.lang.Object, java.lang.Object, int)'> (0x000000008a0bca28) 
thrown [s\open\src\hotspot\share\interpreter\linkResolver.cpp, line 773]
Event: 0.310 Thread 0x00000240384eb8d0 Exception <a 'java/lang/NoSuchMethodError'{0x000000008a0c4070}: 'int java.lang.invoke.DirectMethodHandle$Holder.invokeSpecial(java.lang.Object, java.lang.Object, java.lang.Object)'> (0x000000008a0c4070) 
thrown [s\open\src\hotspot\share\interpreter\linkResolver.cpp, line 773]
Event: 0.314 Thread 0x00000240384eb8d0 Exception <a 'java/lang/NoSuchMethodError'{0x000000008a0def78}: 'double java.lang.invoke.DirectMethodHandle$Holder.invokeStatic(java.lang.Object, java.lang.Object)'> (0x000000008a0def78) 
thrown [s\open\src\hotspot\share\interpreter\linkResolver.cpp, line 773]
Event: 0.315 Thread 0x00000240384eb8d0 Exception <a 'java/lang/NoSuchMethodError'{0x000000008a0e4ee0}: 'float java.lang.invoke.DirectMethodHandle$Holder.invokeStatic(java.lang.Object, java.lang.Object)'> (0x000000008a0e4ee0) 
thrown [s\open\src\hotspot\share\interpreter\linkResolver.cpp, line 773]
Event: 0.316 Thread 0x00000240384eb8d0 Exception <a 'java/lang/NoSuchMethodError'{0x000000008a0ed6a0}: 'long java.lang.invoke.DirectMethodHandle$Holder.invokeStatic(java.lang.Object, java.lang.Object)'> (0x000000008a0ed6a0) 
thrown [s\open\src\hotspot\share\interpreter\linkResolver.cpp, line 773]
Event: 0.317 Thread 0x00000240384eb8d0 Exception <a 'java/lang/NoSuchMethodError'{0x000000008a0f9db8}: 'void java.lang.invoke.DirectMethodHandle$Holder.invokeVirtual(java.lang.Object, java.lang.Object, long)'> (0x000000008a0f9db8) 
thrown [s\open\src\hotspot\share\interpreter\linkResolver.cpp, line 773]
Event: 0.318 Thread 0x00000240384eb8d0 Exception <a 'java/lang/NoSuchMethodError'{0x000000008a0fd838}: 'long java.lang.invoke.DirectMethodHandle$Holder.invokeStatic(java.lang.Object, java.lang.Object, int)'> (0x000000008a0fd838) 
thrown [s\open\src\hotspot\share\interpreter\linkResolver.cpp, line 773]
Event: 0.319 Thread 0x00000240384eb8d0 Exception <a 'java/lang/NoSuchMethodError'{0x0000000089f086c0}: 'void java.lang.invoke.DelegatingMethodHandle$Holder.reinvoke_L(java.lang.Object, java.lang.Object, long)'> (0x0000000089f086c0) 
thrown [s\open\src\hotspot\share\interpreter\linkResolver.cpp, line 773]
Event: 0.339 Thread 0x00000240384eb8d0 Exception <a 'java/lang/NoSuchMethodError'{0x0000000089f7f568}: 'java.lang.Object java.lang.invoke.DirectMethodHandle$Holder.invokeStaticInit(java.lang.Object, int, int, int, int)'> (0x0000000089f7f568) 
thrown [s\open\src\hotspot\share\interpreter\linkResolver.cpp, line 773]
Event: 0.392 Thread 0x00000240384eb8d0 Exception <a 'java/lang/NoSuchMethodError'{0x0000000089e15fe0}: 'java.lang.Object java.lang.invoke.DirectMethodHandle$Holder.invokeStaticInit(java.lang.Object, java.lang.Object, int, int, int, int)'> (0x0000000089e15fe0) 
thrown [s\open\src\hotspot\share\interpreter\linkResolver.cpp, line 773]
Event: 0.443 Thread 0x00000240384eb8d0 Exception <a 'java/lang/ClassNotFoundException'{0x0000000089eb6e58}: sun/util/logging/resources/spi/loggingProvider> (0x0000000089eb6e58) 
thrown [s\open\src\hotspot\share\classfile\systemDictionary.cpp, line 305]
Event: 0.542 Thread 0x00000240384eb8d0 Exception <a 'java/lang/NoSuchMethodError'{0x0000000089c9d310}: 'void java.lang.invoke.DirectMethodHandle$Holder.invokeStatic(java.lang.Object, java.lang.Object, java.lang.Object)'> (0x0000000089c9d310) 
thrown [s\open\src\hotspot\share\interpreter\linkResolver.cpp, line 773]
Event: 0.571 Thread 0x00000240384eb8d0 Exception <a 'java/lang/NoSuchMethodError'{0x0000000089cac118}: 'void java.lang.invoke.DirectMethodHandle$Holder.invokeStatic(java.lang.Object, long)'> (0x0000000089cac118) 
thrown [s\open\src\hotspot\share\interpreter\linkResolver.cpp, line 773]
Event: 0.573 Thread 0x00000240384eb8d0 Exception <a 'java/lang/NoSuchMethodError'{0x0000000089cb1310}: 'java.lang.Object java.lang.invoke.DirectMethodHandle$Holder.newInvokeSpecial(java.lang.Object, long)'> (0x0000000089cb1310) 
thrown [s\open\src\hotspot\share\interpreter\linkResolver.cpp, line 773]
Event: 0.576 Thread 0x00000240384eb8d0 Exception <a 'java/lang/NoSuchMethodError'{0x0000000089cb8958}: 'java.lang.Object java.lang.invoke.DirectMethodHandle$Holder.invokeStatic(java.lang.Object, long, java.lang.Object)'> (0x0000000089cb8958) 
thrown [s\open\src\hotspot\share\interpreter\linkResolver.cpp, line 773]
Event: 0.576 Thread 0x00000240384eb8d0 Exception <a 'java/lang/NoSuchMethodError'{0x0000000089cbc0e0}: 'java.lang.Object java.lang.invoke.DirectMethodHandle$Holder.invokeStaticInit(java.lang.Object, long, java.lang.Object)'> (0x0000000089cbc0e0) 
thrown [s\open\src\hotspot\share\interpreter\linkResolver.cpp, line 773]

VM Operations (12 events):
Event: 0.101 Executing VM operation: HandshakeAllThreads
Event: 0.101 Executing VM operation: HandshakeAllThreads done
Event: 0.169 Executing VM operation: HandshakeAllThreads
Event: 0.169 Executing VM operation: HandshakeAllThreads done
Event: 0.351 Executing VM operation: HandshakeAllThreads
Event: 0.351 Executing VM operation: HandshakeAllThreads done
Event: 0.537 Executing VM operation: HandshakeAllThreads
Event: 0.537 Executing VM operation: HandshakeAllThreads done
Event: 1.551 Executing VM operation: Cleanup
Event: 1.551 Executing VM operation: Cleanup done
Event: 6.594 Executing VM operation: Cleanup
Event: 6.594 Executing VM operation: Cleanup done

Events (14 events):
Event: 0.021 Thread 0x00000240384eb8d0 Thread added: 0x00000240384eb8d0
Event: 0.037 Thread 0x0000024054e2bfe0 Thread added: 0x0000024054e2bfe0
Event: 0.037 Thread 0x0000024054e2cde0 Thread added: 0x0000024054e2cde0
Event: 0.038 Thread 0x0000024054e31680 Thread added: 0x0000024054e31680
Event: 0.038 Thread 0x0000024054e321c0 Thread added: 0x0000024054e321c0
Event: 0.038 Thread 0x0000024054e34b10 Thread added: 0x0000024054e34b10
Event: 0.038 Thread 0x0000024054e3e5a0 Thread added: 0x0000024054e3e5a0
Event: 0.038 Thread 0x0000024054e62d80 Thread added: 0x0000024054e62d80
Event: 0.038 Thread 0x0000024054e65710 Thread added: 0x0000024054e65710
Event: 0.083 Thread 0x0000024059124b90 Thread added: 0x0000024059124b90
Event: 0.089 Thread 0x0000024059139d80 Thread added: 0x0000024059139d80
Event: 0.512 Thread 0x00000240597a9ca0 Thread added: 0x00000240597a9ca0
Event: 0.582 Thread 0x00000240384eb8d0 Thread exited: 0x00000240384eb8d0
Event: 0.583 Thread 0x00000240384eb8d0 Thread added: 0x00000240384eb8d0


Dynamic libraries:
0x00007ff7c3a80000 - 0x00007ff7c3a90000 	C:\Program Files\Java\jdk-20\bin\java.exe
0x00007ffafcd90000 - 0x00007ffafcfa7000 	C:\WINDOWS\SYSTEM32\ntdll.dll
0x00007ffafc550000 - 0x00007ffafc614000 	C:\WINDOWS\System32\KERNEL32.DLL
0x00007ffafa6a0000 - 0x00007ffafaa4d000 	C:\WINDOWS\System32\KERNELBASE.dll
0x00007ffafa4e0000 - 0x00007ffafa5f1000 	C:\WINDOWS\System32\ucrtbase.dll
0x00007ffad8180000 - 0x00007ffad8199000 	C:\Program Files\Java\jdk-20\bin\jli.dll
0x00007ffafb250000 - 0x00007ffafb302000 	C:\WINDOWS\System32\ADVAPI32.dll
0x00007ffad8430000 - 0x00007ffad844b000 	C:\Program Files\Java\jdk-20\bin\VCRUNTIME140.dll
0x00007ffafc680000 - 0x00007ffafc727000 	C:\WINDOWS\System32\msvcrt.dll
0x00007ffafbbf0000 - 0x00007ffafbc99000 	C:\WINDOWS\System32\sechost.dll
0x00007ffafa0c0000 - 0x00007ffafa0e8000 	C:\WINDOWS\System32\bcrypt.dll
0x00007ffafb740000 - 0x00007ffafb854000 	C:\WINDOWS\System32\RPCRT4.dll
0x00007ffafc770000 - 0x00007ffafc91e000 	C:\WINDOWS\System32\USER32.dll
0x00007ffafa4b0000 - 0x00007ffafa4d6000 	C:\WINDOWS\System32\win32u.dll
0x00007ffae1da0000 - 0x00007ffae2033000 	C:\WINDOWS\WinSxS\amd64_microsoft.windows.common-controls_6595b64144ccf1df_6.0.22621.3672_none_2713b9d173822955\COMCTL32.dll
0x00007ffafc520000 - 0x00007ffafc549000 	C:\WINDOWS\System32\GDI32.dll
0x00007ffafa220000 - 0x00007ffafa339000 	C:\WINDOWS\System32\gdi32full.dll
0x00007ffafa600000 - 0x00007ffafa69a000 	C:\WINDOWS\System32\msvcp_win.dll
0x00007ffaeee60000 - 0x00007ffaeee6a000 	C:\WINDOWS\SYSTEM32\VERSION.dll
0x00007ffafc730000 - 0x00007ffafc761000 	C:\WINDOWS\System32\IMM32.DLL
0x00007ffaee500000 - 0x00007ffaee50c000 	C:\Program Files\Java\jdk-20\bin\vcruntime140_1.dll
0x00007ffabdd40000 - 0x00007ffabddce000 	C:\Program Files\Java\jdk-20\bin\msvcp140.dll
0x00007ffa89e40000 - 0x00007ffa8aad7000 	C:\Program Files\Java\jdk-20\bin\server\jvm.dll
0x00007ffaf0b20000 - 0x00007ffaf0b29000 	C:\WINDOWS\SYSTEM32\WSOCK32.dll
0x00007ffadbc10000 - 0x00007ffadbc44000 	C:\WINDOWS\SYSTEM32\WINMM.dll
0x00007ffafb530000 - 0x00007ffafb5a1000 	C:\WINDOWS\System32\WS2_32.dll
0x00007ffaf90b0000 - 0x00007ffaf90c8000 	C:\WINDOWS\SYSTEM32\kernel.appcore.dll
0x00007ffaedd60000 - 0x00007ffaedd6a000 	C:\Program Files\Java\jdk-20\bin\jimage.dll
0x00007ffaf4b00000 - 0x00007ffaf4d32000 	C:\WINDOWS\SYSTEM32\DBGHELP.DLL
0x00007ffafb860000 - 0x00007ffafbbe8000 	C:\WINDOWS\System32\combase.dll
0x00007ffafc930000 - 0x00007ffafca07000 	C:\WINDOWS\System32\OLEAUT32.dll
0x00007ffaef570000 - 0x00007ffaef5a2000 	C:\WINDOWS\SYSTEM32\dbgcore.DLL
0x00007ffafaa50000 - 0x00007ffafaacb000 	C:\WINDOWS\System32\bcryptPrimitives.dll
0x00007ffad1f30000 - 0x00007ffad1f56000 	C:\Program Files\Java\jdk-20\bin\java.dll
0x00007ffabc8e0000 - 0x00007ffabc9b7000 	C:\Program Files\Java\jdk-20\bin\jsvml.dll
0x00007ffafbcc0000 - 0x00007ffafc51f000 	C:\WINDOWS\System32\SHELL32.dll
0x00007ffaf7fc0000 - 0x00007ffaf88bc000 	C:\WINDOWS\SYSTEM32\windows.storage.dll
0x00007ffaf7e80000 - 0x00007ffaf7fbf000 	C:\WINDOWS\SYSTEM32\wintypes.dll
0x00007ffafb5b0000 - 0x00007ffafb6a4000 	C:\WINDOWS\System32\SHCORE.dll
0x00007ffafb4d0000 - 0x00007ffafb52e000 	C:\WINDOWS\System32\shlwapi.dll
0x00007ffaf9ff0000 - 0x00007ffafa011000 	C:\WINDOWS\SYSTEM32\profapi.dll
0x00007ffad8000000 - 0x00007ffad8013000 	C:\Program Files\Java\jdk-20\bin\net.dll
0x00007ffaf26c0000 - 0x00007ffaf27f6000 	C:\WINDOWS\SYSTEM32\WINHTTP.dll
0x00007ffaf9510000 - 0x00007ffaf9579000 	C:\WINDOWS\system32\mswsock.dll
0x00007ffad2dd0000 - 0x00007ffad2de6000 	C:\Program Files\Java\jdk-20\bin\nio.dll
0x00007ffad2d00000 - 0x00007ffad2d18000 	C:\Program Files\Java\jdk-20\bin\zip.dll
0x00007ffaf97b0000 - 0x00007ffaf97cb000 	C:\WINDOWS\SYSTEM32\CRYPTSP.dll
0x00007ffaf9010000 - 0x00007ffaf9045000 	C:\WINDOWS\system32\rsaenh.dll
0x00007ffaf95b0000 - 0x00007ffaf95d8000 	C:\WINDOWS\SYSTEM32\USERENV.dll
0x00007ffaf9710000 - 0x00007ffaf971c000 	C:\WINDOWS\SYSTEM32\CRYPTBASE.dll
0x00007ffaf8b20000 - 0x00007ffaf8b4d000 	C:\WINDOWS\SYSTEM32\IPHLPAPI.DLL
0x00007ffafbcb0000 - 0x00007ffafbcb9000 	C:\WINDOWS\System32\NSI.dll
0x00007ffaf2300000 - 0x00007ffaf2319000 	C:\WINDOWS\SYSTEM32\dhcpcsvc6.DLL
0x00007ffaf22e0000 - 0x00007ffaf22ff000 	C:\WINDOWS\SYSTEM32\dhcpcsvc.DLL
0x00007ffaf8b50000 - 0x00007ffaf8c48000 	C:\WINDOWS\SYSTEM32\DNSAPI.dll

dbghelp: loaded successfully - version: 4.0.5 - missing functions: none
symbol engine: initialized successfully - sym options: 0x614 - pdb path: .;C:\Program Files\Java\jdk-20\bin;C:\WINDOWS\SYSTEM32;C:\WINDOWS\WinSxS\amd64_microsoft.windows.common-controls_6595b64144ccf1df_6.0.22621.3672_none_2713b9d173822955;C:\Program Files\Java\jdk-20\bin\server

VM Arguments:
jvm_args: -Dfile.encoding=UTF-8 -Duser.country=IN -Duser.language=en -Duser.variant 
java_command: io.vertx.core.Launcher run com.example.starter.MainVerticle --redeploy=src/**/* --launcher-class=io.vertx.core.Launcher --on-redeploy=C:\Users\MI\Downloads\starter/gradlew classes
java_class_path (initial): C:\Users\MI\Downloads\starter\build\classes\java\main;C:\Users\MI\Downloads\starter\build\resources\main;C:\Users\MI\.gradle\caches\modules-2\files-2.1\io.vertx\vertx-web\4.5.8\aecad6ecce14ac7066df0080adcd0a518b7527a0\vertx-web-4.5.8.jar;C:\Users\MI\.gradle\caches\modules-2\files-2.1\io.vertx\vertx-web-common\4.5.8\6a4b2908bc53cb51ecaa22a97d2cfbd31558f11e\vertx-web-common-4.5.8.jar;C:\Users\MI\.gradle\caches\modules-2\files-2.1\io.vertx\vertx-auth-common\4.5.8\c57ffefc157427fda7e67b88c16585b7464c8012\vertx-auth-common-4.5.8.jar;C:\Users\MI\.gradle\caches\modules-2\files-2.1\io.vertx\vertx-bridge-common\4.5.8\40a1dbf37745fe436975a674104b786980e04215\vertx-bridge-common-4.5.8.jar;C:\Users\MI\.gradle\caches\modules-2\files-2.1\io.vertx\vertx-core\4.5.8\d5d0f77e80454a6bab722bb996a7abd805226636\vertx-core-4.5.8.jar;C:\Users\MI\.gradle\caches\modules-2\files-2.1\io.ebean\ebean\12.12.1\4a50bd5d1b9d5878404e00d54e6ebbe46f3b1bb8\ebean-12.12.1.jar;C:\Users\MI\.gradle\caches\modules-2\files-2.1\io.ebean\ebean-querybean\12.12.1\3afb957c08349a0704e8822ab1decf3fa9a07609\ebean-querybean-12.12.1.jar;C:\Users\MI\.gradle\caches\modules-2\files-2.1\mysql\mysql-connector-java\8.0.28\33678b1729d4f832b9e4bcb2d5bbd67940920a7a\mysql-connector-java-8.0.28.jar;C:\Users\MI\.gradle\caches\modules-2\files-2.1\com.zaxxer\HikariCP\4.0.3\107cbdf0db6780a065f895ae9d8fbf3bb0e1c21f\HikariCP-4.0.3.jar;C:\Users\MI\.gradle\caches\modules-2\files-2.1\io.netty\netty-handler-proxy\4.1.110.Final\b7fb401dd47c79e6b99f2319ac3b561c50c31c30\netty-handler-proxy-4.1.110.Final.jar;C:\Users\MI\.gradle\caches\modules-2\files-2.1\io.netty\netty-codec-http2\4.1.110.Final\e0849843eb5b1c036b12551baca98a9f7ff847a0\netty-codec-http2-4.1.110.Final.jar;C:\Users\MI\.gradle\caches\modules-2\files-2.1\io.netty\netty-codec-http\4.1.110.Final\9d05cd927209ea25bbf342962c00b8e5a828c2a4\netty-codec-http-4.1.110.Final.jar;C:\Users\MI\.gradle\caches\modules-2\files-2.1\io.netty\netty-resolver-dns\4.1.110.Final\3e687cdc4ecdbbad07508a11b715bdf95fa20939\netty-resolver-dns-4.1.110.Final.jar;C:\Users\MI\.gradle\caches\modules-2\files-2.1\io.netty\netty-handler\4.1.110.Final\168db749c22652ee7fed1ebf7ec46ce856d75e51\netty-handler-4.1.110.Final.jar;C:\Users\MI\.gradle\caches\modules-2\files-2.1\io.netty\netty-transport-native-unix-common\4.1.110.Final\a7096e7c0a25a983647909d7513f5d4943d589c0\netty-transport-native-unix-common-4.1.110.Final.jar;C:\Users\MI\.gradle\caches\modules-2\files-2.1\io.netty\netty-codec-socks\4.1.110.Final\4d54c8d5b95b14756043efb59b8c3e62ec67aa43\netty-codec-socks-4.1.110.Final.jar;C:\Users\MI\.gradle\caches\modules-2\files-2.1\io.netty\netty-codec-dns\4.1.110.Final\381c5bf8b7570c163fa7893a26d02b7ac36ff6eb\netty-codec-dns-4.1.110.Final.jar;C:\Users\MI\.gradle\caches\modules-2\files-2.1\io.netty\netty-codec\4.1.110.Final\f1fa43b03e93ab88e805b6a4e3e83780c80b47d2\netty-codec-4.1.110.Final.jar;C:\Users\MI\.gradle\caches\modules-2\files-2.1\io.netty\netty-transport\4.1.110.Final\b91f04c39ac14d6a29d07184ef305953ee6e0348\netty-transport-4.1.110.Final.jar;C:\Users\MI\.gradle\caches\modules-2\files-2.1\io.netty\netty-buffer\4.1.110.Final\3d918a9ee057d995c362902b54634fc307132aac\netty-buffer-4.1.110.Final.jar;C:\Users\MI\.gradle\caches\modules-2\files-2.1\io.netty\netty-resolver\4.1.110.Final\66c15921104cda0159b34e316541bc765dfaf3c0\netty-resolver-4.1.110.Final.jar;C:\Users\MI\.gradle\caches\modules-2\files-2.1\io.netty\netty-common\4.1.110.Final\ec361e7e025c029be50c55c8480080cabcbc01e7\netty-common-4.1.110.Final.jar;C:\Users\MI\.gradle\caches\modules-2\files-2.1\com.fasterxml.jackson.core\jackson-core\2.16.1\9456bb3cdd0f79f91a5f730a1b1bb041a380c91f\jackson-core-2.16.1.jar;C:\Users\MI\.gradle\caches\modules-2\files-2.1\io.ebean\ebean-core\12.12.1\4cc6bbbfd3c879fca4ff4b7d75984386e031ea0c\ebean-core-12.12.1.jar;C:\Users\MI\.gradle\caches\modules-2\files-2.1\io.ebean\ebean-core-type\12.12.1\14aa1f9da1c7d0e0e5cf7d938634314e550eeaba\ebean-core-type-12.12.1.jar;C:\Users\MI\.gradle\caches\modules-2\files-2.1\io.ebean\ebean-api\12.12.1\9359914ff094bbc1fad6084e41a875219221b8f9\ebean-api-12.12.1.jar;C:\Users\MI\.gradle\caches\modules-2\files-2.1\io.avaje\avaje-config\1.5\19ff4d4b766d921f1ad69341062ee4581383480b\avaje-config-1.5.jar;C:\Users\MI\.gradle\caches\modules-2\files-2.1\org.slf4j\slf4j-api\2.0.7\41eb7184ea9d556f23e18b5cb99cad1f8581fc00\slf4j-api-2.0.7.jar;C:\Users\MI\.gradle\caches\modules-2\files-2.1\io.ebean\ebean-datasource\7.3\1fda9e20f93d5f908766aa88a1bbee6b577c060e\ebean-datasource-7.3.jar;C:\Users\MI\.gradle\caches\modules-2\files-2.1\com.google.protobuf\protobuf-java\3.11.4\7ec0925cc3aef0335bbc7d57edfd42b0f86f8267\protobuf-java-3.11.4.jar;C:\Users\MI\.gradle\caches\modules-2\files-2.1\io.ebean\ebean-datasource-api\7.3\473dd93ac4c1d94192f4c43995fe68c7d43a1868\ebean-datasource-api-7.3.jar;C:\Users\MI\.gradle\caches\modules-2\files-2.1\io.ebean\persistence-api\2.2.5\9a3c4433f5201e0bc32ccfddd3032531c1d28493\persistence-api-2.2.5.jar;C:\Users\MI\.gradle\caches\modules-2\files-2.1\io.ebean\ebean-annotation\7.3\a36878c0d8caf3f078eee82557b02ac8648008f5\ebean-annotation-7.3.jar;C:\Users\MI\.gradle\caches\modules-2\files-2.1\io.ebean\ebean-types\2.2\63a7c970c5368fd39030b54b83388d6ecc87c76b\ebean-types-2.2.jar;C:\Users\MI\.gradle\caches\modules-2\files-2.1\io.ebean\ebean-ddl-runner\1.2\b165a676c6ef8bca679e6c6b192179838b7ea4ea\ebean-ddl-runner-1.2.jar;C:\Users\MI\.gradle\caches\modules-2\files-2.1\io.avaje\classpath-scanner\6.2\1844ec6260e7cf4a5e6bd25954b4654eb8a7e3e8\classpath-scanner-6.2.jar;C:\Users\MI\.gradle\caches\modules-2\files-2.1\io.ebean\ebean-migration-auto\1.1\6c0f7ab47a9a8fdab060ff38de32a15ade0b9f80\ebean-migration-auto-1.1.jar;C:\Users\MI\.gradle\caches\modules-2\files-2.1\io.ebean\ebean-externalmapping-api\12.12.1\e93374587bc6322dc76a2a6dcb48fabf7071e2b1\ebean-externalmapping-api-12.12.1.jar;C:\Users\MI\.gradle\caches\modules-2\files-2.1\org.antlr\antlr4-runtime\4.8-1\2d0456a791f3a95916c8c23b3bea3a90eea24720\antlr4-runtime-4.8-1.jar;C:\Users\MI\.gradle\caches\modules-2\files-2.1\io.avaje\classpath-scanner-api\6.2\e3a30d0bbb8b589960de13d46464cdecdac6dcf\classpath-scanner-api-6.2.jar
Launcher Type: SUN_STANDARD

[Global flags]
     intx CICompilerCount                          = 4                                         {product} {ergonomic}
     uint ConcGCThreads                            = 2                                         {product} {ergonomic}
     uint G1ConcRefinementThreads                  = 8                                         {product} {ergonomic}
   size_t G1HeapRegionSize                         = 1048576                                   {product} {ergonomic}
    uintx GCDrainStackTargetSize                   = 64                                        {product} {ergonomic}
   size_t InitialHeapSize                          = 132120576                                 {product} {ergonomic}
   size_t MarkStackSize                            = 4194304                                   {product} {ergonomic}
   size_t MaxHeapSize                              = 2103443456                                {product} {ergonomic}
   size_t MaxNewSize                               = 1261436928                                {product} {ergonomic}
   size_t MinHeapDeltaBytes                        = 1048576                                   {product} {ergonomic}
   size_t MinHeapSize                              = 8388608                                   {product} {ergonomic}
    uintx NonNMethodCodeHeapSize                   = 5839372                                {pd product} {ergonomic}
    uintx NonProfiledCodeHeapSize                  = 122909434                              {pd product} {ergonomic}
    uintx ProfiledCodeHeapSize                     = 122909434                              {pd product} {ergonomic}
    uintx ReservedCodeCacheSize                    = 251658240                              {pd product} {ergonomic}
     bool SegmentedCodeCache                       = true                                      {product} {ergonomic}
   size_t SoftMaxHeapSize                          = 2103443456                             {manageable} {ergonomic}
     bool UseCompressedClassPointers               = true                           {product lp64_product} {ergonomic}
     bool UseCompressedOops                        = true                           {product lp64_product} {ergonomic}
     bool UseG1GC                                  = true                                      {product} {ergonomic}
     bool UseLargePagesIndividualAllocation        = false                                  {pd product} {ergonomic}

Logging:
Log output configuration:
 #0: stdout all=warning uptime,level,tags foldmultilines=false
 #1: stderr all=off uptime,level,tags foldmultilines=false

Environment Variables:
JAVA_HOME=C:\Program Files\Java\jdk-20\
CLASSPATH=C:\Users\MI\Downloads\starter\\gradle\wrapper\gradle-wrapper.jar
PATH=C:\Python312\Scripts\;C:\Python312\;C:\Program Files\Common Files\Oracle\Java\javapath;C:\WINDOWS\system32;C:\WINDOWS;C:\WINDOWS\System32\Wbem;C:\WINDOWS\System32\WindowsPowerShell\v1.0\;C:\WINDOWS\System32\OpenSSH\;C:\Program Files\Java\jdk-20\bin;C:\Program Files\MySQL\MySQL Server 8.0\bin;C:\ProgramData\chocolatey\bin;C:\Program Files\nodejs\node_modules\npm;C:\Program Files\nodejs;C:\Program Files\nodejs\;C:\Program Files\Docker\Docker\resources\bin;C:\Program Files\MySQL\MySQL Shell 8.0\bin\;C:\Users\MI\AppData\Local\Programs\Python\Python311\Scripts\;C:\Users\MI\AppData\Local\Programs\Python\Python311\;C:\Users\MI\AppData\Local\Microsoft\WindowsApps;C:\Program Files\Java\jdk-20\bin;C:\Users\MI\AppData\Local\Programs\Microsoft VS Code\bin;C:\Program Files\MongoDB\Server\7.0\bin;C:\Users\MI\Downloads\gradle-8.4-all\gradle-8.4\bin;C:\Users\MI\AppData\Roaming\npm;C:\Users\MI\Downloads\apache-maven-3.9.6\bin;
USERNAME=Harshita
OS=Windows_NT
PROCESSOR_IDENTIFIER=Intel64 Family 6 Model 142 Stepping 12, GenuineIntel
TMP=C:\Users\MI\AppData\Local\Temp
TEMP=C:\Users\MI\AppData\Local\Temp




---------------  S Y S T E M  ---------------

OS:
 Windows 11 , 64 bit Build 22621 (10.0.22621.3672)
OS uptime: 3 days 0:11 hours
Hyper-V role detected

CPU: total 8 (initial active 8) (4 cores per cpu, 2 threads per core) family 6 model 142 stepping 12 microcode 0xde, cx8, cmov, fxsr, ht, mmx, 3dnowpref, sse, sse2, sse3, ssse3, sse4.1, sse4.2, popcnt, lzcnt, tsc, tscinvbit, avx, avx2, aes, erms, clmul, bmi1, bmi2, adx, fma, vzeroupper, clflush, clflushopt, hv, rdtscp, f16c

Memory: 4k page, system-wide physical 8022M (157M free)
TotalPageFile size 26806M (AvailPageFile size 0M)
current process WorkingSet (physical memory assigned to process): 55M, peak: 60M
current process commit charge ("private bytes"): 216M, peak: 220M

vm_info: Java HotSpot(TM) 64-Bit Server VM (20+36-2344) for windows-amd64 JRE (20+36-2344), built on 2023-02-10T19:30:15Z by "mach5one" with MS VC++ 17.1 (VS2022)

END.
