#
# There is insufficient memory for the Java Runtime Environment to continue.
# Native memory allocation (malloc) failed to allocate 1609456 bytes for Chunk::new
# Possible reasons:
#   The system is out of physical RAM or swap space
#   The process is running with CompressedOops enabled, and the Java Heap may be blocking the growth of the native heap
# Possible solutions:
#   Reduce memory load on the system
#   Increase physical memory or swap space
#   Check if swap backing store is full
#   Decrease Java heap size (-Xmx/-Xms)
#   Decrease number of Java threads
#   Decrease Java thread stack sizes (-Xss)
#   Set larger code cache with -XX:ReservedCodeCacheSize=
#   JVM is running with Unscaled Compressed Oops mode in which the Java heap is
#     placed in the first 4GB address space. The Java Heap base address is the
#     maximum limit for the native heap growth. Please use -XX:HeapBaseMinAddress
#     to set the Java Heap base and to place the Java Heap above 4GB virtual address.
# This output file may be truncated or incomplete.
#
#  Out of Memory Error (arena.cpp:184), pid=17248, tid=32860
#
# JRE version: Java(TM) SE Runtime Environment (20.0+36) (build 20+36-2344)
# Java VM: Java HotSpot(TM) 64-Bit Server VM (20+36-2344, mixed mode, sharing, tiered, compressed oops, compressed class ptrs, g1 gc, windows-amd64)
# No core dump will be written. Minidumps are not enabled by default on client versions of Windows
#

---------------  S U M M A R Y ------------

Command Line: --add-opens=java.base/java.util=ALL-UNNAMED --add-opens=java.base/java.lang=ALL-UNNAMED --add-opens=java.base/java.lang.invoke=ALL-UNNAMED --add-opens=java.prefs/java.util.prefs=ALL-UNNAMED --add-opens=java.base/java.nio.charset=ALL-UNNAMED --add-opens=java.base/java.net=ALL-UNNAMED --add-opens=java.base/java.util.concurrent.atomic=ALL-UNNAMED -XX:MaxMetaspaceSize=384m -XX:+HeapDumpOnOutOfMemoryError -Xms256m -Xmx512m -Dfile.encoding=windows-1252 -Duser.country=IN -Duser.language=en -Duser.variant -javaagent:C:\Users\MI\.gradle\wrapper\dists\gradle-8.5-bin\5t9huq95ubn472n8rpzujfbqh\gradle-8.5\lib\agents\gradle-instrumentation-agent-8.5.jar org.gradle.launcher.daemon.bootstrap.GradleDaemon 8.5

Host: Intel(R) Core(TM) i5-10210U CPU @ 1.60GHz, 8 cores, 7G,  Windows 11 , 64 bit Build 22621 (10.0.22621.3672)
Time: Mon Jul 15 16:40:36 2024 India Standard Time elapsed time: 16.585318 seconds (0d 0h 0m 16s)

---------------  T H R E A D  ---------------

Current thread (0x0000021226cddaa0):  JavaThread "C2 CompilerThread0" daemon [_thread_in_native, id=32860, stack(0x000000c2da500000,0x000000c2da600000)]


Current CompileTask:
C2:  16585 6708       4       java.beans.MethodRef::set (58 bytes)

Stack: [0x000000c2da500000,0x000000c2da600000]
Native frames: (J=compiled Java code, j=interpreted, Vv=VM code, C=native code)
V  [jvm.dll+0x6bb95a]
V  [jvm.dll+0x8483aa]
V  [jvm.dll+0x849fa5]
V  [jvm.dll+0x84a6a3]
V  [jvm.dll+0x280b0f]
V  [jvm.dll+0xc2b11]
V  [jvm.dll+0xc2e35]
V  [jvm.dll+0x3bb142]
V  [jvm.dll+0x3857f5]
V  [jvm.dll+0x384c6a]
V  [jvm.dll+0x24b259]
V  [jvm.dll+0x24a651]
V  [jvm.dll+0x1ce491]
V  [jvm.dll+0x259e1b]
V  [jvm.dll+0x2584f0]
V  [jvm.dll+0x3f2895]
V  [jvm.dll+0x7f4906]
V  [jvm.dll+0x6ba5cb]
C  [ucrtbase.dll+0x29333]
C  [KERNEL32.DLL+0x1257d]
C  [ntdll.dll+0x5af28]


---------------  P R O C E S S  ---------------

Threads class SMR info:
_java_thread_list=0x000002122c47baf0, length=72, elements={
0x000002120c380b20, 0x0000021226cd1b70, 0x0000021226cd2970, 0x0000021226cd6200,
0x0000021226cd86c0, 0x000002122b020480, 0x0000021226cdce30, 0x0000021226cddaa0,
0x0000021226cde420, 0x000002122b0fb1f0, 0x000002122b2544b0, 0x000002122ccce0d0,
0x000002122bf347c0, 0x000002122ce3d2d0, 0x000002122d0a1cd0, 0x000002122d0a2770,
0x000002122d0a3210, 0x000002122d0a2220, 0x000002122d0a2cc0, 0x000002122ceb6ef0,
0x000002122ceba960, 0x000002122ceb5f00, 0x000002122ceb6450, 0x000002122ceb4f10,
0x000002122ceb59b0, 0x000002122ceb7440, 0x000002122ceb69a0, 0x000002122cebaeb0,
0x000002122ceb7ee0, 0x000002122cebb400, 0x000002122cebb950, 0x000002122ceb8430,
0x000002122ceb9970, 0x000002122ceb7990, 0x000002122ceb8980, 0x000002122ceb5460,
0x000002122ceb49c0, 0x000002122ceb9420, 0x000002122ed86030, 0x000002122ed84af0,
0x000002122ed86580, 0x000002122ed85590, 0x000002122ed83060, 0x000002122ed85040,
0x000002122ed85ae0, 0x000002122ed83b00, 0x000002122ed845a0, 0x000002122db6a710,
0x000002122db6bc50, 0x000002122db6c6f0, 0x000002122db6a1c0, 0x000002122db6cc40,
0x000002122d2cf000, 0x000002122db6b1b0, 0x000002122db6b700, 0x000002122db6c1a0,
0x000002122f406f70, 0x000002122f405f80, 0x000002122f405a30, 0x000002122f406a20,
0x000002122f4064d0, 0x000002122f4074c0, 0x000002122f4094a0, 0x000002122f407a10,
0x000002122f408a00, 0x000002122f407f60, 0x000002122f4044f0, 0x000002122f40a9e0,
0x000002122f4054e0, 0x000002122f408f50, 0x000002122f4084b0, 0x000002122f403fa0
}

Java Threads: ( => current thread )
  0x000002120c380b20 JavaThread "main" [_thread_blocked, id=28936, stack(0x000000c2d9800000,0x000000c2d9900000)]
  0x0000021226cd1b70 JavaThread "Reference Handler" daemon [_thread_blocked, id=5148, stack(0x000000c2d9f00000,0x000000c2da000000)]
  0x0000021226cd2970 JavaThread "Finalizer" daemon [_thread_blocked, id=8780, stack(0x000000c2da000000,0x000000c2da100000)]
  0x0000021226cd6200 JavaThread "Signal Dispatcher" daemon [_thread_blocked, id=10800, stack(0x000000c2da100000,0x000000c2da200000)]
  0x0000021226cd86c0 JavaThread "Attach Listener" daemon [_thread_blocked, id=9320, stack(0x000000c2da200000,0x000000c2da300000)]
  0x000002122b020480 JavaThread "Service Thread" daemon [_thread_blocked, id=20584, stack(0x000000c2da300000,0x000000c2da400000)]
  0x0000021226cdce30 JavaThread "Monitor Deflation Thread" daemon [_thread_blocked, id=3944, stack(0x000000c2da400000,0x000000c2da500000)]
=>0x0000021226cddaa0 JavaThread "C2 CompilerThread0" daemon [_thread_in_native, id=32860, stack(0x000000c2da500000,0x000000c2da600000)]
  0x0000021226cde420 JavaThread "C1 CompilerThread0" daemon [_thread_blocked, id=32324, stack(0x000000c2da600000,0x000000c2da700000)]
  0x000002122b0fb1f0 JavaThread "Common-Cleaner" daemon [_thread_blocked, id=19556, stack(0x000000c2da700000,0x000000c2da800000)]
  0x000002122b2544b0 JavaThread "Notification Thread" daemon [_thread_blocked, id=22832, stack(0x000000c2da800000,0x000000c2da900000)]
  0x000002122ccce0d0 JavaThread "Daemon health stats" [_thread_blocked, id=10256, stack(0x000000c2daf00000,0x000000c2db000000)]
  0x000002122bf347c0 JavaThread "Incoming local TCP Connector on port 53496" [_thread_in_native, id=14392, stack(0x000000c2db000000,0x000000c2db100000)]
  0x000002122ce3d2d0 JavaThread "Daemon periodic checks" [_thread_blocked, id=31020, stack(0x000000c2db100000,0x000000c2db200000)]
  0x000002122d0a1cd0 JavaThread "Daemon" [_thread_blocked, id=14044, stack(0x000000c2db200000,0x000000c2db300000)]
  0x000002122d0a2770 JavaThread "Handler for socket connection from /127.0.0.1:53496 to /127.0.0.1:53498" [_thread_in_native, id=34280, stack(0x000000c2db300000,0x000000c2db400000)]
  0x000002122d0a3210 JavaThread "Cancel handler" [_thread_blocked, id=33460, stack(0x000000c2db400000,0x000000c2db500000)]
  0x000002122d0a2220 JavaThread "Daemon worker" [_thread_blocked, id=15752, stack(0x000000c2db500000,0x000000c2db600000)]
  0x000002122d0a2cc0 JavaThread "Asynchronous log dispatcher for DefaultDaemonConnection: socket connection from /127.0.0.1:53496 to /127.0.0.1:53498" [_thread_blocked, id=8184, stack(0x000000c2db600000,0x000000c2db700000)]
  0x000002122ceb6ef0 JavaThread "Stdin handler" [_thread_blocked, id=20272, stack(0x000000c2db700000,0x000000c2db800000)]
  0x000002122ceba960 JavaThread "Daemon client event forwarder" [_thread_blocked, id=28448, stack(0x000000c2db800000,0x000000c2db900000)]
  0x000002122ceb5f00 JavaThread "Cache worker for journal cache (C:\Users\MI\.gradle\caches\journal-1)" [_thread_blocked, id=21824, stack(0x000000c2db900000,0x000000c2dba00000)]
  0x000002122ceb6450 JavaThread "File lock request listener" [_thread_in_native, id=7892, stack(0x000000c2dba00000,0x000000c2dbb00000)]
  0x000002122ceb4f10 JavaThread "Cache worker for file hash cache (C:\Users\MI\.gradle\caches\8.5\fileHashes)" [_thread_blocked, id=2492, stack(0x000000c2dbb00000,0x000000c2dbc00000)]
  0x000002122ceb59b0 JavaThread "File lock release action executor" [_thread_blocked, id=23416, stack(0x000000c2dbc00000,0x000000c2dbd00000)]
  0x000002122ceb7440 JavaThread "File watcher server" daemon [_thread_in_native, id=10188, stack(0x000000c2dc000000,0x000000c2dc100000)]
  0x000002122ceb69a0 JavaThread "File watcher consumer" daemon [_thread_blocked, id=10584, stack(0x000000c2dc100000,0x000000c2dc200000)]
  0x000002122cebaeb0 JavaThread "Cache worker for checksums cache (C:\Users\MI\Downloads\starter\.gradle\8.5\checksums)" [_thread_blocked, id=10884, stack(0x000000c2dc200000,0x000000c2dc300000)]
  0x000002122ceb7ee0 JavaThread "Cache worker for file hash cache (C:\Users\MI\Downloads\starter\.gradle\8.5\fileHashes)" [_thread_blocked, id=24916, stack(0x000000c2dc300000,0x000000c2dc400000)]
  0x000002122cebb400 JavaThread "Cache worker for cache directory md-supplier (C:\Users\MI\.gradle\caches\8.5\md-supplier)" [_thread_blocked, id=12256, stack(0x000000c2dc400000,0x000000c2dc500000)]
  0x000002122cebb950 JavaThread "Cache worker for cache directory md-rule (C:\Users\MI\.gradle\caches\8.5\md-rule)" [_thread_blocked, id=16128, stack(0x000000c2dc500000,0x000000c2dc600000)]
  0x000002122ceb8430 JavaThread "Cache worker for file content cache (C:\Users\MI\.gradle\caches\8.5\fileContent)" [_thread_blocked, id=6160, stack(0x000000c2dc600000,0x000000c2dc700000)]
  0x000002122ceb9970 JavaThread "Cache worker for execution history cache (C:\Users\MI\.gradle\caches\8.5\executionHistory)" [_thread_blocked, id=29924, stack(0x000000c2dc700000,0x000000c2dc800000)]
  0x000002122ceb7990 JavaThread "jar transforms" [_thread_blocked, id=18948, stack(0x000000c2dc800000,0x000000c2dc900000)]
  0x000002122ceb8980 JavaThread "jar transforms Thread 2" [_thread_blocked, id=6112, stack(0x000000c2dc900000,0x000000c2dca00000)]
  0x000002122ceb5460 JavaThread "jar transforms Thread 3" [_thread_blocked, id=34372, stack(0x000000c2dca00000,0x000000c2dcb00000)]
  0x000002122ceb49c0 JavaThread "jar transforms Thread 4" [_thread_blocked, id=8296, stack(0x000000c2dcb00000,0x000000c2dcc00000)]
  0x000002122ceb9420 JavaThread "Cache worker for kotlin-dsl (C:\Users\MI\.gradle\caches\8.5\kotlin-dsl)" [_thread_blocked, id=30704, stack(0x000000c2dcc00000,0x000000c2dcd00000)]
  0x000002122ed86030 JavaThread "jar transforms Thread 5" [_thread_blocked, id=32436, stack(0x000000c2dcd00000,0x000000c2dce00000)]
  0x000002122ed84af0 JavaThread "jar transforms Thread 6" [_thread_blocked, id=11200, stack(0x000000c2dce00000,0x000000c2dcf00000)]
  0x000002122ed86580 JavaThread "Cache worker for dependencies-accessors (C:\Users\MI\Downloads\starter\.gradle\8.5\dependencies-accessors)" [_thread_blocked, id=34028, stack(0x000000c2dcf00000,0x000000c2dd000000)]
  0x000002122ed85590 JavaThread "Cache worker for Build Output Cleanup Cache (C:\Users\MI\Downloads\starter\.gradle\buildOutputCleanup)" [_thread_blocked, id=24216, stack(0x000000c2dd000000,0x000000c2dd100000)]
  0x000002122ed83060 JavaThread "jar transforms Thread 7" [_thread_blocked, id=34356, stack(0x000000c2dd100000,0x000000c2dd200000)]
  0x000002122ed85040 JavaThread "jar transforms Thread 8" [_thread_blocked, id=28264, stack(0x000000c2dd200000,0x000000c2dd300000)]
  0x000002122ed85ae0 JavaThread "Unconstrained build operations" [_thread_blocked, id=27912, stack(0x000000c2dd300000,0x000000c2dd400000)]
  0x000002122ed83b00 JavaThread "Unconstrained build operations Thread 2" [_thread_blocked, id=9700, stack(0x000000c2dd400000,0x000000c2dd500000)]
  0x000002122ed845a0 JavaThread "Unconstrained build operations Thread 3" [_thread_blocked, id=13128, stack(0x000000c2dd500000,0x000000c2dd600000)]
  0x000002122db6a710 JavaThread "Unconstrained build operations Thread 4" [_thread_blocked, id=3668, stack(0x000000c2dd600000,0x000000c2dd700000)]
  0x000002122db6bc50 JavaThread "Unconstrained build operations Thread 5" [_thread_blocked, id=22824, stack(0x000000c2dd700000,0x000000c2dd800000)]
  0x000002122db6c6f0 JavaThread "Unconstrained build operations Thread 6" [_thread_blocked, id=26004, stack(0x000000c2dd800000,0x000000c2dd900000)]
  0x000002122db6a1c0 JavaThread "Unconstrained build operations Thread 7" [_thread_blocked, id=27336, stack(0x000000c2dd900000,0x000000c2dda00000)]
  0x000002122db6cc40 JavaThread "Memory manager" [_thread_blocked, id=1628, stack(0x000000c2dda00000,0x000000c2ddb00000)]
  0x000002122d2cf000 JavaThread "C2 CompilerThread1" daemon [_thread_blocked, id=28500, stack(0x000000c2ddb00000,0x000000c2ddc00000)]
  0x000002122db6b1b0 JavaThread "included builds" [_thread_blocked, id=18856, stack(0x000000c2ddc00000,0x000000c2ddd00000)]
  0x000002122db6b700 JavaThread "Execution worker" [_thread_blocked, id=15452, stack(0x000000c2ddd00000,0x000000c2dde00000)]
  0x000002122db6c1a0 JavaThread "Execution worker Thread 2" [_thread_blocked, id=21832, stack(0x000000c2dde00000,0x000000c2ddf00000)]
  0x000002122f406f70 JavaThread "Execution worker Thread 3" [_thread_blocked, id=27296, stack(0x000000c2ddf00000,0x000000c2de000000)]
  0x000002122f405f80 JavaThread "Execution worker Thread 4" [_thread_blocked, id=25792, stack(0x000000c2de000000,0x000000c2de100000)]
  0x000002122f405a30 JavaThread "Execution worker Thread 5" [_thread_blocked, id=30484, stack(0x000000c2de100000,0x000000c2de200000)]
  0x000002122f406a20 JavaThread "Execution worker Thread 6" [_thread_blocked, id=29540, stack(0x000000c2de200000,0x000000c2de300000)]
  0x000002122f4064d0 JavaThread "Execution worker Thread 7" [_thread_blocked, id=33812, stack(0x000000c2de300000,0x000000c2de400000)]
  0x000002122f4074c0 JavaThread "Cache worker for execution history cache (C:\Users\MI\Downloads\starter\.gradle\8.5\executionHistory)" [_thread_blocked, id=16800, stack(0x000000c2de400000,0x000000c2de500000)]
  0x000002122f4094a0 JavaThread "Unconstrained build operations Thread 8" [_thread_blocked, id=32320, stack(0x000000c2de500000,0x000000c2de600000)]
  0x000002122f407a10 JavaThread "Unconstrained build operations Thread 9" [_thread_blocked, id=22128, stack(0x000000c2de600000,0x000000c2de700000)]
  0x000002122f408a00 JavaThread "Unconstrained build operations Thread 10" [_thread_blocked, id=19780, stack(0x000000c2de700000,0x000000c2de800000)]
  0x000002122f407f60 JavaThread "Unconstrained build operations Thread 11" [_thread_blocked, id=32612, stack(0x000000c2de800000,0x000000c2de900000)]
  0x000002122f4044f0 JavaThread "Unconstrained build operations Thread 12" [_thread_blocked, id=25856, stack(0x000000c2de900000,0x000000c2dea00000)]
  0x000002122f40a9e0 JavaThread "Unconstrained build operations Thread 13" [_thread_blocked, id=27796, stack(0x000000c2dea00000,0x000000c2deb00000)]
  0x000002122f4054e0 JavaThread "Unconstrained build operations Thread 14" [_thread_blocked, id=1940, stack(0x000000c2deb00000,0x000000c2dec00000)]
  0x000002122f408f50 JavaThread "Exec process" [_thread_in_native, id=24352, stack(0x000000c2dec00000,0x000000c2ded00000)]
  0x000002122f4084b0 JavaThread "Exec process Thread 2" [_thread_in_native, id=29264, stack(0x000000c2ded00000,0x000000c2dee00000)]
  0x000002122f403fa0 JavaThread "Exec process Thread 3" [_thread_in_native, id=13024, stack(0x000000c2dee00000,0x000000c2def00000)]

Other Threads:
  0x0000021226ca8a40 VMThread "VM Thread" [stack: 0x000000c2d9e00000,0x000000c2d9f00000] [id=26180]
  0x000002120c381b40 WatcherThread "VM Periodic Task Thread" [stack: 0x000000c2da900000,0x000000c2daa00000] [id=25008]
  0x000002120c3b2960 WorkerThread "GC Thread#0" [stack: 0x000000c2d9900000,0x000000c2d9a00000] [id=7756]
  0x000002122b979590 WorkerThread "GC Thread#1" [stack: 0x000000c2daa00000,0x000000c2dab00000] [id=10832]
  0x000002122b979860 WorkerThread "GC Thread#2" [stack: 0x000000c2dab00000,0x000000c2dac00000] [id=6808]
  0x000002122b97a0d0 WorkerThread "GC Thread#3" [stack: 0x000000c2dac00000,0x000000c2dad00000] [id=30728]
  0x000002122b978ff0 WorkerThread "GC Thread#4" [stack: 0x000000c2dad00000,0x000000c2dae00000] [id=19260]
  0x000002122b97a670 WorkerThread "GC Thread#5" [stack: 0x000000c2dae00000,0x000000c2daf00000] [id=28736]
  0x000002122ccd3c30 WorkerThread "GC Thread#6" [stack: 0x000000c2dbd00000,0x000000c2dbe00000] [id=21428]
  0x000002122ccd30f0 WorkerThread "GC Thread#7" [stack: 0x000000c2dbe00000,0x000000c2dbf00000] [id=33208]
  0x000002120c3b7870 ConcurrentGCThread "G1 Main Marker" [stack: 0x000000c2d9a00000,0x000000c2d9b00000] [id=16380]
  0x000002120c3b9450 WorkerThread "G1 Conc#0" [stack: 0x000000c2d9b00000,0x000000c2d9c00000] [id=14064]
  0x000002122ccd3960 WorkerThread "G1 Conc#1" [stack: 0x000000c2dbf00000,0x000000c2dc000000] [id=30632]
  0x000002120c43e860 ConcurrentGCThread "G1 Refine#0" [stack: 0x000000c2d9c00000,0x000000c2d9d00000] [id=14780]
  0x0000021226b694b0 ConcurrentGCThread "G1 Service" [stack: 0x000000c2d9d00000,0x000000c2d9e00000] [id=21192]

Threads with active compile tasks:
C2 CompilerThread0    16652 6708       4       java.beans.MethodRef::set (58 bytes)

VM state: not at safepoint (normal execution)

VM Mutex/Monitor currently owned by a thread: None

Heap address: 0x00000000e0000000, size: 512 MB, Compressed Oops mode: 32-bit

CDS archive(s) mapped at: [0x0000000800000000-0x0000000800c60000-0x0000000800c60000), size 12976128, SharedBaseAddress: 0x0000000800000000, ArchiveRelocationMode: 0.
Compressed class space mapped at: 0x0000000801000000-0x0000000814400000, reserved size: 322961408
Narrow klass base: 0x0000000800000000, Narrow klass shift: 0, Narrow klass range: 0x100000000

GC Precious Log:
 CardTable entry size: 512
 Card Set container configuration: InlinePtr #cards 5 size 8 Array Of Cards #cards 12 size 40 Howl #buckets 4 coarsen threshold 1843 Howl Bitmap #cards 512 size 80 coarsen threshold 460 Card regions per heap region 1 cards per card region 2048
 CPUs: 8 total, 8 available
 Memory: 8022M
 Large Page Support: Disabled
 NUMA Support: Disabled
 Compressed Oops: Enabled (32-bit)
 Heap Region Size: 1M
 Heap Min Capacity: 256M
 Heap Initial Capacity: 256M
 Heap Max Capacity: 512M
 Pre-touch: Disabled
 Parallel Workers: 8
 Concurrent Workers: 2
 Concurrent Refinement Workers: 8
 Periodic GC: Disabled

Heap:
 garbage-first heap   total 262144K, used 90890K [0x00000000e0000000, 0x0000000100000000)
  region size 1024K, 38 young (38912K), 4 survivors (4096K)
 Metaspace       used 61424K, committed 63488K, reserved 380928K
  class space    used 8919K, committed 9920K, reserved 315392K

Heap Regions: E=young(eden), S=young(survivor), O=old, HS=humongous(starts), HC=humongous(continues), CS=collection set, F=free, OA=open archive, CA=closed archive, TAMS=top-at-mark-start, PB=parsable bottom
|   0|0x00000000e0000000, 0x00000000e0100000, 0x00000000e0100000|100%|HS|  |TAMS 0x00000000e0000000| PB 0x00000000e0000000| Complete 
|   1|0x00000000e0100000, 0x00000000e0200000, 0x00000000e0200000|100%|HC|  |TAMS 0x00000000e0100000| PB 0x00000000e0100000| Complete 
|   2|0x00000000e0200000, 0x00000000e0300000, 0x00000000e0300000|100%|HC|  |TAMS 0x00000000e0200000| PB 0x00000000e0200000| Complete 
|   3|0x00000000e0300000, 0x00000000e0400000, 0x00000000e0400000|100%|HC|  |TAMS 0x00000000e0300000| PB 0x00000000e0300000| Complete 
|   4|0x00000000e0400000, 0x00000000e0500000, 0x00000000e0500000|100%| O|  |TAMS 0x00000000e0400000| PB 0x00000000e0400000| Untracked 
|   5|0x00000000e0500000, 0x00000000e0600000, 0x00000000e0600000|100%| O|  |TAMS 0x00000000e0500000| PB 0x00000000e0500000| Untracked 
|   6|0x00000000e0600000, 0x00000000e0700000, 0x00000000e0700000|100%| O|  |TAMS 0x00000000e0600000| PB 0x00000000e0600000| Untracked 
|   7|0x00000000e0700000, 0x00000000e0800000, 0x00000000e0800000|100%| O|  |TAMS 0x00000000e0700000| PB 0x00000000e0700000| Untracked 
|   8|0x00000000e0800000, 0x00000000e0900000, 0x00000000e0900000|100%| O|  |TAMS 0x00000000e0800000| PB 0x00000000e0800000| Untracked 
|   9|0x00000000e0900000, 0x00000000e0a00000, 0x00000000e0a00000|100%| O|  |TAMS 0x00000000e0900000| PB 0x00000000e0900000| Untracked 
|  10|0x00000000e0a00000, 0x00000000e0b00000, 0x00000000e0b00000|100%| O|  |TAMS 0x00000000e0a00000| PB 0x00000000e0a00000| Untracked 
|  11|0x00000000e0b00000, 0x00000000e0c00000, 0x00000000e0c00000|100%| O|  |TAMS 0x00000000e0b00000| PB 0x00000000e0b00000| Untracked 
|  12|0x00000000e0c00000, 0x00000000e0d00000, 0x00000000e0d00000|100%| O|  |TAMS 0x00000000e0c00000| PB 0x00000000e0c00000| Untracked 
|  13|0x00000000e0d00000, 0x00000000e0e00000, 0x00000000e0e00000|100%| O|  |TAMS 0x00000000e0d00000| PB 0x00000000e0d00000| Untracked 
|  14|0x00000000e0e00000, 0x00000000e0f00000, 0x00000000e0f00000|100%| O|  |TAMS 0x00000000e0e00000| PB 0x00000000e0e00000| Untracked 
|  15|0x00000000e0f00000, 0x00000000e1000000, 0x00000000e1000000|100%| O|  |TAMS 0x00000000e0f00000| PB 0x00000000e0f00000| Untracked 
|  16|0x00000000e1000000, 0x00000000e1100000, 0x00000000e1100000|100%| O|  |TAMS 0x00000000e1000000| PB 0x00000000e1000000| Untracked 
|  17|0x00000000e1100000, 0x00000000e1200000, 0x00000000e1200000|100%| O|  |TAMS 0x00000000e1100000| PB 0x00000000e1100000| Untracked 
|  18|0x00000000e1200000, 0x00000000e1300000, 0x00000000e1300000|100%| O|  |TAMS 0x00000000e1200000| PB 0x00000000e1200000| Untracked 
|  19|0x00000000e1300000, 0x00000000e1400000, 0x00000000e1400000|100%| O|  |TAMS 0x00000000e1300000| PB 0x00000000e1300000| Untracked 
|  20|0x00000000e1400000, 0x00000000e1500000, 0x00000000e1500000|100%| O|  |TAMS 0x00000000e1400000| PB 0x00000000e1400000| Untracked 
|  21|0x00000000e1500000, 0x00000000e1600000, 0x00000000e1600000|100%| O|  |TAMS 0x00000000e1500000| PB 0x00000000e1500000| Untracked 
|  22|0x00000000e1600000, 0x00000000e1700000, 0x00000000e1700000|100%| O|  |TAMS 0x00000000e1600000| PB 0x00000000e1600000| Untracked 
|  23|0x00000000e1700000, 0x00000000e1800000, 0x00000000e1800000|100%| O|  |TAMS 0x00000000e1700000| PB 0x00000000e1700000| Untracked 
|  24|0x00000000e1800000, 0x00000000e1900000, 0x00000000e1900000|100%| O|  |TAMS 0x00000000e1800000| PB 0x00000000e1800000| Untracked 
|  25|0x00000000e1900000, 0x00000000e1a00000, 0x00000000e1a00000|100%| O|  |TAMS 0x00000000e1900000| PB 0x00000000e1900000| Untracked 
|  26|0x00000000e1a00000, 0x00000000e1b00000, 0x00000000e1b00000|100%| O|  |TAMS 0x00000000e1a00000| PB 0x00000000e1a00000| Untracked 
|  27|0x00000000e1b00000, 0x00000000e1c00000, 0x00000000e1c00000|100%| O|  |TAMS 0x00000000e1b00000| PB 0x00000000e1b00000| Untracked 
|  28|0x00000000e1c00000, 0x00000000e1d00000, 0x00000000e1d00000|100%| O|  |TAMS 0x00000000e1c00000| PB 0x00000000e1c00000| Untracked 
|  29|0x00000000e1d00000, 0x00000000e1e00000, 0x00000000e1e00000|100%| O|  |TAMS 0x00000000e1d00000| PB 0x00000000e1d00000| Untracked 
|  30|0x00000000e1e00000, 0x00000000e1f00000, 0x00000000e1f00000|100%| O|  |TAMS 0x00000000e1e00000| PB 0x00000000e1e00000| Complete 
|  31|0x00000000e1f00000, 0x00000000e2000000, 0x00000000e2000000|100%| O|  |TAMS 0x00000000e1f00000| PB 0x00000000e1f00000| Untracked 
|  32|0x00000000e2000000, 0x00000000e2100000, 0x00000000e2100000|100%| O|  |TAMS 0x00000000e2000000| PB 0x00000000e2000000| Untracked 
|  33|0x00000000e2100000, 0x00000000e2200000, 0x00000000e2200000|100%| O|  |TAMS 0x00000000e2100000| PB 0x00000000e2100000| Untracked 
|  34|0x00000000e2200000, 0x00000000e2300000, 0x00000000e2300000|100%| O|  |TAMS 0x00000000e2200000| PB 0x00000000e2200000| Untracked 
|  35|0x00000000e2300000, 0x00000000e2400000, 0x00000000e2400000|100%| O|  |TAMS 0x00000000e2300000| PB 0x00000000e2300000| Untracked 
|  36|0x00000000e2400000, 0x00000000e2500000, 0x00000000e2500000|100%| O|  |TAMS 0x00000000e2400000| PB 0x00000000e2400000| Untracked 
|  37|0x00000000e2500000, 0x00000000e2600000, 0x00000000e2600000|100%| O|  |TAMS 0x00000000e2500000| PB 0x00000000e2500000| Untracked 
|  38|0x00000000e2600000, 0x00000000e2700000, 0x00000000e2700000|100%| O|  |TAMS 0x00000000e2600000| PB 0x00000000e2600000| Untracked 
|  39|0x00000000e2700000, 0x00000000e2800000, 0x00000000e2800000|100%| O|  |TAMS 0x00000000e2700000| PB 0x00000000e2700000| Untracked 
|  40|0x00000000e2800000, 0x00000000e2900000, 0x00000000e2900000|100%| O|  |TAMS 0x00000000e2800000| PB 0x00000000e2800000| Untracked 
|  41|0x00000000e2900000, 0x00000000e2a00000, 0x00000000e2a00000|100%| O|  |TAMS 0x00000000e2900000| PB 0x00000000e2900000| Untracked 
|  42|0x00000000e2a00000, 0x00000000e2b00000, 0x00000000e2b00000|100%| O|  |TAMS 0x00000000e2a00000| PB 0x00000000e2a00000| Untracked 
|  43|0x00000000e2b00000, 0x00000000e2c00000, 0x00000000e2c00000|100%| O|  |TAMS 0x00000000e2b00000| PB 0x00000000e2b00000| Untracked 
|  44|0x00000000e2c00000, 0x00000000e2d00000, 0x00000000e2d00000|100%| O|  |TAMS 0x00000000e2c00000| PB 0x00000000e2c00000| Untracked 
|  45|0x00000000e2d00000, 0x00000000e2e00000, 0x00000000e2e00000|100%| O|  |TAMS 0x00000000e2d00000| PB 0x00000000e2d00000| Untracked 
|  46|0x00000000e2e00000, 0x00000000e2f00000, 0x00000000e2f00000|100%| O|  |TAMS 0x00000000e2e00000| PB 0x00000000e2e00000| Untracked 
|  47|0x00000000e2f00000, 0x00000000e3000000, 0x00000000e3000000|100%| O|  |TAMS 0x00000000e2f00000| PB 0x00000000e2f00000| Untracked 
|  48|0x00000000e3000000, 0x00000000e3100000, 0x00000000e3100000|100%| O|  |TAMS 0x00000000e3000000| PB 0x00000000e3000000| Untracked 
|  49|0x00000000e3100000, 0x00000000e3200000, 0x00000000e3200000|100%| O|  |TAMS 0x00000000e3100000| PB 0x00000000e3100000| Untracked 
|  50|0x00000000e3200000, 0x00000000e3300000, 0x00000000e3300000|100%| O|  |TAMS 0x00000000e3200000| PB 0x00000000e3200000| Untracked 
|  51|0x00000000e3300000, 0x00000000e3400000, 0x00000000e3400000|100%| O|  |TAMS 0x00000000e3300000| PB 0x00000000e3300000| Untracked 
|  52|0x00000000e3400000, 0x00000000e3456000, 0x00000000e3500000| 33%| O|  |TAMS 0x00000000e3400000| PB 0x00000000e3400000| Untracked 
|  53|0x00000000e3500000, 0x00000000e3500000, 0x00000000e3600000|  0%| F|  |TAMS 0x00000000e3500000| PB 0x00000000e3500000| Untracked 
|  54|0x00000000e3600000, 0x00000000e3600000, 0x00000000e3700000|  0%| F|  |TAMS 0x00000000e3600000| PB 0x00000000e3600000| Untracked 
|  55|0x00000000e3700000, 0x00000000e3700000, 0x00000000e3800000|  0%| F|  |TAMS 0x00000000e3700000| PB 0x00000000e3700000| Untracked 
|  56|0x00000000e3800000, 0x00000000e3800000, 0x00000000e3900000|  0%| F|  |TAMS 0x00000000e3800000| PB 0x00000000e3800000| Untracked 
|  57|0x00000000e3900000, 0x00000000e3900000, 0x00000000e3a00000|  0%| F|  |TAMS 0x00000000e3900000| PB 0x00000000e3900000| Untracked 
|  58|0x00000000e3a00000, 0x00000000e3a00000, 0x00000000e3b00000|  0%| F|  |TAMS 0x00000000e3a00000| PB 0x00000000e3a00000| Untracked 
|  59|0x00000000e3b00000, 0x00000000e3b00000, 0x00000000e3c00000|  0%| F|  |TAMS 0x00000000e3b00000| PB 0x00000000e3b00000| Untracked 
|  60|0x00000000e3c00000, 0x00000000e3c00000, 0x00000000e3d00000|  0%| F|  |TAMS 0x00000000e3c00000| PB 0x00000000e3c00000| Untracked 
|  61|0x00000000e3d00000, 0x00000000e3d00000, 0x00000000e3e00000|  0%| F|  |TAMS 0x00000000e3d00000| PB 0x00000000e3d00000| Untracked 
|  62|0x00000000e3e00000, 0x00000000e3e00000, 0x00000000e3f00000|  0%| F|  |TAMS 0x00000000e3e00000| PB 0x00000000e3e00000| Untracked 
|  63|0x00000000e3f00000, 0x00000000e3f00000, 0x00000000e4000000|  0%| F|  |TAMS 0x00000000e3f00000| PB 0x00000000e3f00000| Untracked 
|  64|0x00000000e4000000, 0x00000000e4000000, 0x00000000e4100000|  0%| F|  |TAMS 0x00000000e4000000| PB 0x00000000e4000000| Untracked 
|  65|0x00000000e4100000, 0x00000000e4100000, 0x00000000e4200000|  0%| F|  |TAMS 0x00000000e4100000| PB 0x00000000e4100000| Untracked 
|  66|0x00000000e4200000, 0x00000000e4200000, 0x00000000e4300000|  0%| F|  |TAMS 0x00000000e4200000| PB 0x00000000e4200000| Untracked 
|  67|0x00000000e4300000, 0x00000000e4300000, 0x00000000e4400000|  0%| F|  |TAMS 0x00000000e4300000| PB 0x00000000e4300000| Untracked 
|  68|0x00000000e4400000, 0x00000000e4400000, 0x00000000e4500000|  0%| F|  |TAMS 0x00000000e4400000| PB 0x00000000e4400000| Untracked 
|  69|0x00000000e4500000, 0x00000000e4500000, 0x00000000e4600000|  0%| F|  |TAMS 0x00000000e4500000| PB 0x00000000e4500000| Untracked 
|  70|0x00000000e4600000, 0x00000000e4600000, 0x00000000e4700000|  0%| F|  |TAMS 0x00000000e4600000| PB 0x00000000e4600000| Untracked 
|  71|0x00000000e4700000, 0x00000000e4700000, 0x00000000e4800000|  0%| F|  |TAMS 0x00000000e4700000| PB 0x00000000e4700000| Untracked 
|  72|0x00000000e4800000, 0x00000000e4800000, 0x00000000e4900000|  0%| F|  |TAMS 0x00000000e4800000| PB 0x00000000e4800000| Untracked 
|  73|0x00000000e4900000, 0x00000000e4900000, 0x00000000e4a00000|  0%| F|  |TAMS 0x00000000e4900000| PB 0x00000000e4900000| Untracked 
|  74|0x00000000e4a00000, 0x00000000e4a00000, 0x00000000e4b00000|  0%| F|  |TAMS 0x00000000e4a00000| PB 0x00000000e4a00000| Untracked 
|  75|0x00000000e4b00000, 0x00000000e4b00000, 0x00000000e4c00000|  0%| F|  |TAMS 0x00000000e4b00000| PB 0x00000000e4b00000| Untracked 
|  76|0x00000000e4c00000, 0x00000000e4c00000, 0x00000000e4d00000|  0%| F|  |TAMS 0x00000000e4c00000| PB 0x00000000e4c00000| Untracked 
|  77|0x00000000e4d00000, 0x00000000e4d00000, 0x00000000e4e00000|  0%| F|  |TAMS 0x00000000e4d00000| PB 0x00000000e4d00000| Untracked 
|  78|0x00000000e4e00000, 0x00000000e4e00000, 0x00000000e4f00000|  0%| F|  |TAMS 0x00000000e4e00000| PB 0x00000000e4e00000| Untracked 
|  79|0x00000000e4f00000, 0x00000000e4f00000, 0x00000000e5000000|  0%| F|  |TAMS 0x00000000e4f00000| PB 0x00000000e4f00000| Untracked 
|  80|0x00000000e5000000, 0x00000000e5000000, 0x00000000e5100000|  0%| F|  |TAMS 0x00000000e5000000| PB 0x00000000e5000000| Untracked 
|  81|0x00000000e5100000, 0x00000000e5100000, 0x00000000e5200000|  0%| F|  |TAMS 0x00000000e5100000| PB 0x00000000e5100000| Untracked 
|  82|0x00000000e5200000, 0x00000000e5200000, 0x00000000e5300000|  0%| F|  |TAMS 0x00000000e5200000| PB 0x00000000e5200000| Untracked 
|  83|0x00000000e5300000, 0x00000000e5300000, 0x00000000e5400000|  0%| F|  |TAMS 0x00000000e5300000| PB 0x00000000e5300000| Untracked 
|  84|0x00000000e5400000, 0x00000000e5400000, 0x00000000e5500000|  0%| F|  |TAMS 0x00000000e5400000| PB 0x00000000e5400000| Untracked 
|  85|0x00000000e5500000, 0x00000000e5500000, 0x00000000e5600000|  0%| F|  |TAMS 0x00000000e5500000| PB 0x00000000e5500000| Untracked 
|  86|0x00000000e5600000, 0x00000000e5600000, 0x00000000e5700000|  0%| F|  |TAMS 0x00000000e5600000| PB 0x00000000e5600000| Untracked 
|  87|0x00000000e5700000, 0x00000000e5700000, 0x00000000e5800000|  0%| F|  |TAMS 0x00000000e5700000| PB 0x00000000e5700000| Untracked 
|  88|0x00000000e5800000, 0x00000000e5800000, 0x00000000e5900000|  0%| F|  |TAMS 0x00000000e5800000| PB 0x00000000e5800000| Untracked 
|  89|0x00000000e5900000, 0x00000000e5900000, 0x00000000e5a00000|  0%| F|  |TAMS 0x00000000e5900000| PB 0x00000000e5900000| Untracked 
|  90|0x00000000e5a00000, 0x00000000e5a00000, 0x00000000e5b00000|  0%| F|  |TAMS 0x00000000e5a00000| PB 0x00000000e5a00000| Untracked 
|  91|0x00000000e5b00000, 0x00000000e5b00000, 0x00000000e5c00000|  0%| F|  |TAMS 0x00000000e5b00000| PB 0x00000000e5b00000| Untracked 
|  92|0x00000000e5c00000, 0x00000000e5c00000, 0x00000000e5d00000|  0%| F|  |TAMS 0x00000000e5c00000| PB 0x00000000e5c00000| Untracked 
|  93|0x00000000e5d00000, 0x00000000e5d00000, 0x00000000e5e00000|  0%| F|  |TAMS 0x00000000e5d00000| PB 0x00000000e5d00000| Untracked 
|  94|0x00000000e5e00000, 0x00000000e5e00000, 0x00000000e5f00000|  0%| F|  |TAMS 0x00000000e5e00000| PB 0x00000000e5e00000| Untracked 
|  95|0x00000000e5f00000, 0x00000000e5f00000, 0x00000000e6000000|  0%| F|  |TAMS 0x00000000e5f00000| PB 0x00000000e5f00000| Untracked 
|  96|0x00000000e6000000, 0x00000000e6000000, 0x00000000e6100000|  0%| F|  |TAMS 0x00000000e6000000| PB 0x00000000e6000000| Untracked 
|  97|0x00000000e6100000, 0x00000000e6100000, 0x00000000e6200000|  0%| F|  |TAMS 0x00000000e6100000| PB 0x00000000e6100000| Untracked 
|  98|0x00000000e6200000, 0x00000000e6200000, 0x00000000e6300000|  0%| F|  |TAMS 0x00000000e6200000| PB 0x00000000e6200000| Untracked 
|  99|0x00000000e6300000, 0x00000000e6300000, 0x00000000e6400000|  0%| F|  |TAMS 0x00000000e6300000| PB 0x00000000e6300000| Untracked 
| 100|0x00000000e6400000, 0x00000000e6400000, 0x00000000e6500000|  0%| F|  |TAMS 0x00000000e6400000| PB 0x00000000e6400000| Untracked 
| 101|0x00000000e6500000, 0x00000000e6500000, 0x00000000e6600000|  0%| F|  |TAMS 0x00000000e6500000| PB 0x00000000e6500000| Untracked 
| 102|0x00000000e6600000, 0x00000000e6600000, 0x00000000e6700000|  0%| F|  |TAMS 0x00000000e6600000| PB 0x00000000e6600000| Untracked 
| 103|0x00000000e6700000, 0x00000000e6700000, 0x00000000e6800000|  0%| F|  |TAMS 0x00000000e6700000| PB 0x00000000e6700000| Untracked 
| 104|0x00000000e6800000, 0x00000000e6800000, 0x00000000e6900000|  0%| F|  |TAMS 0x00000000e6800000| PB 0x00000000e6800000| Untracked 
| 105|0x00000000e6900000, 0x00000000e6900000, 0x00000000e6a00000|  0%| F|  |TAMS 0x00000000e6900000| PB 0x00000000e6900000| Untracked 
| 106|0x00000000e6a00000, 0x00000000e6a00000, 0x00000000e6b00000|  0%| F|  |TAMS 0x00000000e6a00000| PB 0x00000000e6a00000| Untracked 
| 107|0x00000000e6b00000, 0x00000000e6b00000, 0x00000000e6c00000|  0%| F|  |TAMS 0x00000000e6b00000| PB 0x00000000e6b00000| Untracked 
| 108|0x00000000e6c00000, 0x00000000e6c00000, 0x00000000e6d00000|  0%| F|  |TAMS 0x00000000e6c00000| PB 0x00000000e6c00000| Untracked 
| 109|0x00000000e6d00000, 0x00000000e6d00000, 0x00000000e6e00000|  0%| F|  |TAMS 0x00000000e6d00000| PB 0x00000000e6d00000| Untracked 
| 110|0x00000000e6e00000, 0x00000000e6e00000, 0x00000000e6f00000|  0%| F|  |TAMS 0x00000000e6e00000| PB 0x00000000e6e00000| Untracked 
| 111|0x00000000e6f00000, 0x00000000e6f00000, 0x00000000e7000000|  0%| F|  |TAMS 0x00000000e6f00000| PB 0x00000000e6f00000| Untracked 
| 112|0x00000000e7000000, 0x00000000e7000000, 0x00000000e7100000|  0%| F|  |TAMS 0x00000000e7000000| PB 0x00000000e7000000| Untracked 
| 113|0x00000000e7100000, 0x00000000e7100000, 0x00000000e7200000|  0%| F|  |TAMS 0x00000000e7100000| PB 0x00000000e7100000| Untracked 
| 114|0x00000000e7200000, 0x00000000e7200000, 0x00000000e7300000|  0%| F|  |TAMS 0x00000000e7200000| PB 0x00000000e7200000| Untracked 
| 115|0x00000000e7300000, 0x00000000e7300000, 0x00000000e7400000|  0%| F|  |TAMS 0x00000000e7300000| PB 0x00000000e7300000| Untracked 
| 116|0x00000000e7400000, 0x00000000e7400000, 0x00000000e7500000|  0%| F|  |TAMS 0x00000000e7400000| PB 0x00000000e7400000| Untracked 
| 117|0x00000000e7500000, 0x00000000e7500000, 0x00000000e7600000|  0%| F|  |TAMS 0x00000000e7500000| PB 0x00000000e7500000| Untracked 
| 118|0x00000000e7600000, 0x00000000e7600000, 0x00000000e7700000|  0%| F|  |TAMS 0x00000000e7600000| PB 0x00000000e7600000| Untracked 
| 119|0x00000000e7700000, 0x00000000e7700000, 0x00000000e7800000|  0%| F|  |TAMS 0x00000000e7700000| PB 0x00000000e7700000| Untracked 
| 120|0x00000000e7800000, 0x00000000e7800000, 0x00000000e7900000|  0%| F|  |TAMS 0x00000000e7800000| PB 0x00000000e7800000| Untracked 
| 121|0x00000000e7900000, 0x00000000e7900000, 0x00000000e7a00000|  0%| F|  |TAMS 0x00000000e7900000| PB 0x00000000e7900000| Untracked 
| 122|0x00000000e7a00000, 0x00000000e7a00000, 0x00000000e7b00000|  0%| F|  |TAMS 0x00000000e7a00000| PB 0x00000000e7a00000| Untracked 
| 123|0x00000000e7b00000, 0x00000000e7b00000, 0x00000000e7c00000|  0%| F|  |TAMS 0x00000000e7b00000| PB 0x00000000e7b00000| Untracked 
| 124|0x00000000e7c00000, 0x00000000e7c00000, 0x00000000e7d00000|  0%| F|  |TAMS 0x00000000e7c00000| PB 0x00000000e7c00000| Untracked 
| 125|0x00000000e7d00000, 0x00000000e7d00000, 0x00000000e7e00000|  0%| F|  |TAMS 0x00000000e7d00000| PB 0x00000000e7d00000| Untracked 
| 126|0x00000000e7e00000, 0x00000000e7e00000, 0x00000000e7f00000|  0%| F|  |TAMS 0x00000000e7e00000| PB 0x00000000e7e00000| Untracked 
| 127|0x00000000e7f00000, 0x00000000e7f00000, 0x00000000e8000000|  0%| F|  |TAMS 0x00000000e7f00000| PB 0x00000000e7f00000| Untracked 
| 128|0x00000000e8000000, 0x00000000e8000000, 0x00000000e8100000|  0%| F|  |TAMS 0x00000000e8000000| PB 0x00000000e8000000| Untracked 
| 129|0x00000000e8100000, 0x00000000e8100000, 0x00000000e8200000|  0%| F|  |TAMS 0x00000000e8100000| PB 0x00000000e8100000| Untracked 
| 130|0x00000000e8200000, 0x00000000e8200000, 0x00000000e8300000|  0%| F|  |TAMS 0x00000000e8200000| PB 0x00000000e8200000| Untracked 
| 131|0x00000000e8300000, 0x00000000e8300000, 0x00000000e8400000|  0%| F|  |TAMS 0x00000000e8300000| PB 0x00000000e8300000| Untracked 
| 132|0x00000000e8400000, 0x00000000e8400000, 0x00000000e8500000|  0%| F|  |TAMS 0x00000000e8400000| PB 0x00000000e8400000| Untracked 
| 133|0x00000000e8500000, 0x00000000e8500000, 0x00000000e8600000|  0%| F|  |TAMS 0x00000000e8500000| PB 0x00000000e8500000| Untracked 
| 134|0x00000000e8600000, 0x00000000e8600000, 0x00000000e8700000|  0%| F|  |TAMS 0x00000000e8600000| PB 0x00000000e8600000| Untracked 
| 135|0x00000000e8700000, 0x00000000e8700000, 0x00000000e8800000|  0%| F|  |TAMS 0x00000000e8700000| PB 0x00000000e8700000| Untracked 
| 136|0x00000000e8800000, 0x00000000e8800000, 0x00000000e8900000|  0%| F|  |TAMS 0x00000000e8800000| PB 0x00000000e8800000| Untracked 
| 137|0x00000000e8900000, 0x00000000e8900000, 0x00000000e8a00000|  0%| F|  |TAMS 0x00000000e8900000| PB 0x00000000e8900000| Untracked 
| 138|0x00000000e8a00000, 0x00000000e8a00000, 0x00000000e8b00000|  0%| F|  |TAMS 0x00000000e8a00000| PB 0x00000000e8a00000| Untracked 
| 139|0x00000000e8b00000, 0x00000000e8b00000, 0x00000000e8c00000|  0%| F|  |TAMS 0x00000000e8b00000| PB 0x00000000e8b00000| Untracked 
| 140|0x00000000e8c00000, 0x00000000e8c00000, 0x00000000e8d00000|  0%| F|  |TAMS 0x00000000e8c00000| PB 0x00000000e8c00000| Untracked 
| 141|0x00000000e8d00000, 0x00000000e8d00000, 0x00000000e8e00000|  0%| F|  |TAMS 0x00000000e8d00000| PB 0x00000000e8d00000| Untracked 
| 142|0x00000000e8e00000, 0x00000000e8e00000, 0x00000000e8f00000|  0%| F|  |TAMS 0x00000000e8e00000| PB 0x00000000e8e00000| Untracked 
| 143|0x00000000e8f00000, 0x00000000e8f00000, 0x00000000e9000000|  0%| F|  |TAMS 0x00000000e8f00000| PB 0x00000000e8f00000| Untracked 
| 144|0x00000000e9000000, 0x00000000e9000000, 0x00000000e9100000|  0%| F|  |TAMS 0x00000000e9000000| PB 0x00000000e9000000| Untracked 
| 145|0x00000000e9100000, 0x00000000e9100000, 0x00000000e9200000|  0%| F|  |TAMS 0x00000000e9100000| PB 0x00000000e9100000| Untracked 
| 146|0x00000000e9200000, 0x00000000e9200000, 0x00000000e9300000|  0%| F|  |TAMS 0x00000000e9200000| PB 0x00000000e9200000| Untracked 
| 147|0x00000000e9300000, 0x00000000e9300000, 0x00000000e9400000|  0%| F|  |TAMS 0x00000000e9300000| PB 0x00000000e9300000| Untracked 
| 148|0x00000000e9400000, 0x00000000e9400000, 0x00000000e9500000|  0%| F|  |TAMS 0x00000000e9400000| PB 0x00000000e9400000| Untracked 
| 149|0x00000000e9500000, 0x00000000e9500000, 0x00000000e9600000|  0%| F|  |TAMS 0x00000000e9500000| PB 0x00000000e9500000| Untracked 
| 150|0x00000000e9600000, 0x00000000e9600000, 0x00000000e9700000|  0%| F|  |TAMS 0x00000000e9600000| PB 0x00000000e9600000| Untracked 
| 151|0x00000000e9700000, 0x00000000e9700000, 0x00000000e9800000|  0%| F|  |TAMS 0x00000000e9700000| PB 0x00000000e9700000| Untracked 
| 152|0x00000000e9800000, 0x00000000e9800000, 0x00000000e9900000|  0%| F|  |TAMS 0x00000000e9800000| PB 0x00000000e9800000| Untracked 
| 153|0x00000000e9900000, 0x00000000e9900000, 0x00000000e9a00000|  0%| F|  |TAMS 0x00000000e9900000| PB 0x00000000e9900000| Untracked 
| 154|0x00000000e9a00000, 0x00000000e9a00000, 0x00000000e9b00000|  0%| F|  |TAMS 0x00000000e9a00000| PB 0x00000000e9a00000| Untracked 
| 155|0x00000000e9b00000, 0x00000000e9b00000, 0x00000000e9c00000|  0%| F|  |TAMS 0x00000000e9b00000| PB 0x00000000e9b00000| Untracked 
| 156|0x00000000e9c00000, 0x00000000e9c00000, 0x00000000e9d00000|  0%| F|  |TAMS 0x00000000e9c00000| PB 0x00000000e9c00000| Untracked 
| 157|0x00000000e9d00000, 0x00000000e9d00000, 0x00000000e9e00000|  0%| F|  |TAMS 0x00000000e9d00000| PB 0x00000000e9d00000| Untracked 
| 158|0x00000000e9e00000, 0x00000000e9e00000, 0x00000000e9f00000|  0%| F|  |TAMS 0x00000000e9e00000| PB 0x00000000e9e00000| Untracked 
| 159|0x00000000e9f00000, 0x00000000e9f00000, 0x00000000ea000000|  0%| F|  |TAMS 0x00000000e9f00000| PB 0x00000000e9f00000| Untracked 
| 160|0x00000000ea000000, 0x00000000ea000000, 0x00000000ea100000|  0%| F|  |TAMS 0x00000000ea000000| PB 0x00000000ea000000| Untracked 
| 161|0x00000000ea100000, 0x00000000ea100000, 0x00000000ea200000|  0%| F|  |TAMS 0x00000000ea100000| PB 0x00000000ea100000| Untracked 
| 162|0x00000000ea200000, 0x00000000ea200000, 0x00000000ea300000|  0%| F|  |TAMS 0x00000000ea200000| PB 0x00000000ea200000| Untracked 
| 163|0x00000000ea300000, 0x00000000ea300000, 0x00000000ea400000|  0%| F|  |TAMS 0x00000000ea300000| PB 0x00000000ea300000| Untracked 
| 164|0x00000000ea400000, 0x00000000ea400000, 0x00000000ea500000|  0%| F|  |TAMS 0x00000000ea400000| PB 0x00000000ea400000| Untracked 
| 165|0x00000000ea500000, 0x00000000ea500000, 0x00000000ea600000|  0%| F|  |TAMS 0x00000000ea500000| PB 0x00000000ea500000| Untracked 
| 166|0x00000000ea600000, 0x00000000ea600000, 0x00000000ea700000|  0%| F|  |TAMS 0x00000000ea600000| PB 0x00000000ea600000| Untracked 
| 167|0x00000000ea700000, 0x00000000ea700000, 0x00000000ea800000|  0%| F|  |TAMS 0x00000000ea700000| PB 0x00000000ea700000| Untracked 
| 168|0x00000000ea800000, 0x00000000ea800000, 0x00000000ea900000|  0%| F|  |TAMS 0x00000000ea800000| PB 0x00000000ea800000| Untracked 
| 169|0x00000000ea900000, 0x00000000ea900000, 0x00000000eaa00000|  0%| F|  |TAMS 0x00000000ea900000| PB 0x00000000ea900000| Untracked 
| 170|0x00000000eaa00000, 0x00000000eaa00000, 0x00000000eab00000|  0%| F|  |TAMS 0x00000000eaa00000| PB 0x00000000eaa00000| Untracked 
| 171|0x00000000eab00000, 0x00000000eab00000, 0x00000000eac00000|  0%| F|  |TAMS 0x00000000eab00000| PB 0x00000000eab00000| Untracked 
| 172|0x00000000eac00000, 0x00000000eac00000, 0x00000000ead00000|  0%| F|  |TAMS 0x00000000eac00000| PB 0x00000000eac00000| Untracked 
| 173|0x00000000ead00000, 0x00000000ead00000, 0x00000000eae00000|  0%| F|  |TAMS 0x00000000ead00000| PB 0x00000000ead00000| Untracked 
| 174|0x00000000eae00000, 0x00000000eae00000, 0x00000000eaf00000|  0%| F|  |TAMS 0x00000000eae00000| PB 0x00000000eae00000| Untracked 
| 175|0x00000000eaf00000, 0x00000000eaf00000, 0x00000000eb000000|  0%| F|  |TAMS 0x00000000eaf00000| PB 0x00000000eaf00000| Untracked 
| 176|0x00000000eb000000, 0x00000000eb000000, 0x00000000eb100000|  0%| F|  |TAMS 0x00000000eb000000| PB 0x00000000eb000000| Untracked 
| 177|0x00000000eb100000, 0x00000000eb100000, 0x00000000eb200000|  0%| F|  |TAMS 0x00000000eb100000| PB 0x00000000eb100000| Untracked 
| 178|0x00000000eb200000, 0x00000000eb200000, 0x00000000eb300000|  0%| F|  |TAMS 0x00000000eb200000| PB 0x00000000eb200000| Untracked 
| 179|0x00000000eb300000, 0x00000000eb300000, 0x00000000eb400000|  0%| F|  |TAMS 0x00000000eb300000| PB 0x00000000eb300000| Untracked 
| 180|0x00000000eb400000, 0x00000000eb400000, 0x00000000eb500000|  0%| F|  |TAMS 0x00000000eb400000| PB 0x00000000eb400000| Untracked 
| 181|0x00000000eb500000, 0x00000000eb500000, 0x00000000eb600000|  0%| F|  |TAMS 0x00000000eb500000| PB 0x00000000eb500000| Untracked 
| 182|0x00000000eb600000, 0x00000000eb600000, 0x00000000eb700000|  0%| F|  |TAMS 0x00000000eb600000| PB 0x00000000eb600000| Untracked 
| 183|0x00000000eb700000, 0x00000000eb700000, 0x00000000eb800000|  0%| F|  |TAMS 0x00000000eb700000| PB 0x00000000eb700000| Untracked 
| 184|0x00000000eb800000, 0x00000000eb800000, 0x00000000eb900000|  0%| F|  |TAMS 0x00000000eb800000| PB 0x00000000eb800000| Untracked 
| 185|0x00000000eb900000, 0x00000000eb900000, 0x00000000eba00000|  0%| F|  |TAMS 0x00000000eb900000| PB 0x00000000eb900000| Untracked 
| 186|0x00000000eba00000, 0x00000000eba00000, 0x00000000ebb00000|  0%| F|  |TAMS 0x00000000eba00000| PB 0x00000000eba00000| Untracked 
| 187|0x00000000ebb00000, 0x00000000ebb00000, 0x00000000ebc00000|  0%| F|  |TAMS 0x00000000ebb00000| PB 0x00000000ebb00000| Untracked 
| 188|0x00000000ebc00000, 0x00000000ebc00000, 0x00000000ebd00000|  0%| F|  |TAMS 0x00000000ebc00000| PB 0x00000000ebc00000| Untracked 
| 189|0x00000000ebd00000, 0x00000000ebd00000, 0x00000000ebe00000|  0%| F|  |TAMS 0x00000000ebd00000| PB 0x00000000ebd00000| Untracked 
| 190|0x00000000ebe00000, 0x00000000ebe00000, 0x00000000ebf00000|  0%| F|  |TAMS 0x00000000ebe00000| PB 0x00000000ebe00000| Untracked 
| 191|0x00000000ebf00000, 0x00000000ebf00000, 0x00000000ec000000|  0%| F|  |TAMS 0x00000000ebf00000| PB 0x00000000ebf00000| Untracked 
| 192|0x00000000ec000000, 0x00000000ec000000, 0x00000000ec100000|  0%| F|  |TAMS 0x00000000ec000000| PB 0x00000000ec000000| Untracked 
| 193|0x00000000ec100000, 0x00000000ec100000, 0x00000000ec200000|  0%| F|  |TAMS 0x00000000ec100000| PB 0x00000000ec100000| Untracked 
| 194|0x00000000ec200000, 0x00000000ec200000, 0x00000000ec300000|  0%| F|  |TAMS 0x00000000ec200000| PB 0x00000000ec200000| Untracked 
| 195|0x00000000ec300000, 0x00000000ec300000, 0x00000000ec400000|  0%| F|  |TAMS 0x00000000ec300000| PB 0x00000000ec300000| Untracked 
| 196|0x00000000ec400000, 0x00000000ec400000, 0x00000000ec500000|  0%| F|  |TAMS 0x00000000ec400000| PB 0x00000000ec400000| Untracked 
| 197|0x00000000ec500000, 0x00000000ec500000, 0x00000000ec600000|  0%| F|  |TAMS 0x00000000ec500000| PB 0x00000000ec500000| Untracked 
| 198|0x00000000ec600000, 0x00000000ec600000, 0x00000000ec700000|  0%| F|  |TAMS 0x00000000ec600000| PB 0x00000000ec600000| Untracked 
| 199|0x00000000ec700000, 0x00000000ec700000, 0x00000000ec800000|  0%| F|  |TAMS 0x00000000ec700000| PB 0x00000000ec700000| Untracked 
| 200|0x00000000ec800000, 0x00000000ec800000, 0x00000000ec900000|  0%| F|  |TAMS 0x00000000ec800000| PB 0x00000000ec800000| Untracked 
| 201|0x00000000ec900000, 0x00000000ec900000, 0x00000000eca00000|  0%| F|  |TAMS 0x00000000ec900000| PB 0x00000000ec900000| Untracked 
| 202|0x00000000eca00000, 0x00000000eca00000, 0x00000000ecb00000|  0%| F|  |TAMS 0x00000000eca00000| PB 0x00000000eca00000| Untracked 
| 203|0x00000000ecb00000, 0x00000000ecb00000, 0x00000000ecc00000|  0%| F|  |TAMS 0x00000000ecb00000| PB 0x00000000ecb00000| Untracked 
| 204|0x00000000ecc00000, 0x00000000ecc00000, 0x00000000ecd00000|  0%| F|  |TAMS 0x00000000ecc00000| PB 0x00000000ecc00000| Untracked 
| 205|0x00000000ecd00000, 0x00000000ecd00000, 0x00000000ece00000|  0%| F|  |TAMS 0x00000000ecd00000| PB 0x00000000ecd00000| Untracked 
| 206|0x00000000ece00000, 0x00000000ece00000, 0x00000000ecf00000|  0%| F|  |TAMS 0x00000000ece00000| PB 0x00000000ece00000| Untracked 
| 207|0x00000000ecf00000, 0x00000000ecf00000, 0x00000000ed000000|  0%| F|  |TAMS 0x00000000ecf00000| PB 0x00000000ecf00000| Untracked 
| 208|0x00000000ed000000, 0x00000000ed000000, 0x00000000ed100000|  0%| F|  |TAMS 0x00000000ed000000| PB 0x00000000ed000000| Untracked 
| 209|0x00000000ed100000, 0x00000000ed100000, 0x00000000ed200000|  0%| F|  |TAMS 0x00000000ed100000| PB 0x00000000ed100000| Untracked 
| 210|0x00000000ed200000, 0x00000000ed200000, 0x00000000ed300000|  0%| F|  |TAMS 0x00000000ed200000| PB 0x00000000ed200000| Untracked 
| 211|0x00000000ed300000, 0x00000000ed300000, 0x00000000ed400000|  0%| F|  |TAMS 0x00000000ed300000| PB 0x00000000ed300000| Untracked 
| 212|0x00000000ed400000, 0x00000000ed400000, 0x00000000ed500000|  0%| F|  |TAMS 0x00000000ed400000| PB 0x00000000ed400000| Untracked 
| 213|0x00000000ed500000, 0x00000000ed500000, 0x00000000ed600000|  0%| F|  |TAMS 0x00000000ed500000| PB 0x00000000ed500000| Untracked 
| 214|0x00000000ed600000, 0x00000000ed600000, 0x00000000ed700000|  0%| F|  |TAMS 0x00000000ed600000| PB 0x00000000ed600000| Untracked 
| 215|0x00000000ed700000, 0x00000000ed700000, 0x00000000ed800000|  0%| F|  |TAMS 0x00000000ed700000| PB 0x00000000ed700000| Untracked 
| 216|0x00000000ed800000, 0x00000000ed800000, 0x00000000ed900000|  0%| F|  |TAMS 0x00000000ed800000| PB 0x00000000ed800000| Untracked 
| 217|0x00000000ed900000, 0x00000000ed900000, 0x00000000eda00000|  0%| F|  |TAMS 0x00000000ed900000| PB 0x00000000ed900000| Untracked 
| 218|0x00000000eda00000, 0x00000000edabf418, 0x00000000edb00000| 74%| E|  |TAMS 0x00000000eda00000| PB 0x00000000eda00000| Complete 
| 219|0x00000000edb00000, 0x00000000edc00000, 0x00000000edc00000|100%| E|CS|TAMS 0x00000000edb00000| PB 0x00000000edb00000| Complete 
| 220|0x00000000edc00000, 0x00000000edd00000, 0x00000000edd00000|100%| E|CS|TAMS 0x00000000edc00000| PB 0x00000000edc00000| Complete 
| 221|0x00000000edd00000, 0x00000000ede00000, 0x00000000ede00000|100%| E|CS|TAMS 0x00000000edd00000| PB 0x00000000edd00000| Complete 
| 222|0x00000000ede00000, 0x00000000edf00000, 0x00000000edf00000|100%| E|CS|TAMS 0x00000000ede00000| PB 0x00000000ede00000| Complete 
| 223|0x00000000edf00000, 0x00000000ee000000, 0x00000000ee000000|100%| E|CS|TAMS 0x00000000edf00000| PB 0x00000000edf00000| Complete 
| 224|0x00000000ee000000, 0x00000000ee100000, 0x00000000ee100000|100%| E|CS|TAMS 0x00000000ee000000| PB 0x00000000ee000000| Complete 
| 225|0x00000000ee100000, 0x00000000ee200000, 0x00000000ee200000|100%| E|CS|TAMS 0x00000000ee100000| PB 0x00000000ee100000| Complete 
| 226|0x00000000ee200000, 0x00000000ee300000, 0x00000000ee300000|100%| E|CS|TAMS 0x00000000ee200000| PB 0x00000000ee200000| Complete 
| 227|0x00000000ee300000, 0x00000000ee400000, 0x00000000ee400000|100%| E|CS|TAMS 0x00000000ee300000| PB 0x00000000ee300000| Complete 
| 228|0x00000000ee400000, 0x00000000ee500000, 0x00000000ee500000|100%| E|CS|TAMS 0x00000000ee400000| PB 0x00000000ee400000| Complete 
| 229|0x00000000ee500000, 0x00000000ee600000, 0x00000000ee600000|100%| E|CS|TAMS 0x00000000ee500000| PB 0x00000000ee500000| Complete 
| 230|0x00000000ee600000, 0x00000000ee66c960, 0x00000000ee700000| 42%| S|CS|TAMS 0x00000000ee600000| PB 0x00000000ee600000| Complete 
| 231|0x00000000ee700000, 0x00000000ee800000, 0x00000000ee800000|100%| S|CS|TAMS 0x00000000ee700000| PB 0x00000000ee700000| Complete 
| 232|0x00000000ee800000, 0x00000000ee900000, 0x00000000ee900000|100%| S|CS|TAMS 0x00000000ee800000| PB 0x00000000ee800000| Complete 
| 233|0x00000000ee900000, 0x00000000eea00000, 0x00000000eea00000|100%| S|CS|TAMS 0x00000000ee900000| PB 0x00000000ee900000| Complete 
| 234|0x00000000eea00000, 0x00000000eeb00000, 0x00000000eeb00000|100%| E|CS|TAMS 0x00000000eea00000| PB 0x00000000eea00000| Complete 
| 235|0x00000000eeb00000, 0x00000000eec00000, 0x00000000eec00000|100%| E|CS|TAMS 0x00000000eeb00000| PB 0x00000000eeb00000| Complete 
| 236|0x00000000eec00000, 0x00000000eed00000, 0x00000000eed00000|100%| E|CS|TAMS 0x00000000eec00000| PB 0x00000000eec00000| Complete 
| 237|0x00000000eed00000, 0x00000000eee00000, 0x00000000eee00000|100%| E|CS|TAMS 0x00000000eed00000| PB 0x00000000eed00000| Complete 
| 238|0x00000000eee00000, 0x00000000eef00000, 0x00000000eef00000|100%| E|CS|TAMS 0x00000000eee00000| PB 0x00000000eee00000| Complete 
| 239|0x00000000eef00000, 0x00000000ef000000, 0x00000000ef000000|100%| E|CS|TAMS 0x00000000eef00000| PB 0x00000000eef00000| Complete 
| 240|0x00000000ef000000, 0x00000000ef100000, 0x00000000ef100000|100%| E|CS|TAMS 0x00000000ef000000| PB 0x00000000ef000000| Complete 
| 241|0x00000000ef100000, 0x00000000ef200000, 0x00000000ef200000|100%| E|CS|TAMS 0x00000000ef100000| PB 0x00000000ef100000| Complete 
| 242|0x00000000ef200000, 0x00000000ef300000, 0x00000000ef300000|100%| E|CS|TAMS 0x00000000ef200000| PB 0x00000000ef200000| Complete 
| 243|0x00000000ef300000, 0x00000000ef400000, 0x00000000ef400000|100%| E|CS|TAMS 0x00000000ef300000| PB 0x00000000ef300000| Complete 
| 244|0x00000000ef400000, 0x00000000ef500000, 0x00000000ef500000|100%| E|CS|TAMS 0x00000000ef400000| PB 0x00000000ef400000| Complete 
| 245|0x00000000ef500000, 0x00000000ef600000, 0x00000000ef600000|100%| E|CS|TAMS 0x00000000ef500000| PB 0x00000000ef500000| Complete 
| 246|0x00000000ef600000, 0x00000000ef700000, 0x00000000ef700000|100%| E|CS|TAMS 0x00000000ef600000| PB 0x00000000ef600000| Complete 
| 247|0x00000000ef700000, 0x00000000ef800000, 0x00000000ef800000|100%| E|CS|TAMS 0x00000000ef700000| PB 0x00000000ef700000| Complete 
| 248|0x00000000ef800000, 0x00000000ef900000, 0x00000000ef900000|100%| E|CS|TAMS 0x00000000ef800000| PB 0x00000000ef800000| Complete 
| 249|0x00000000ef900000, 0x00000000efa00000, 0x00000000efa00000|100%| E|CS|TAMS 0x00000000ef900000| PB 0x00000000ef900000| Complete 
| 250|0x00000000efa00000, 0x00000000efb00000, 0x00000000efb00000|100%| E|CS|TAMS 0x00000000efa00000| PB 0x00000000efa00000| Complete 
| 251|0x00000000efb00000, 0x00000000efc00000, 0x00000000efc00000|100%| E|CS|TAMS 0x00000000efb00000| PB 0x00000000efb00000| Complete 
| 252|0x00000000efc00000, 0x00000000efd00000, 0x00000000efd00000|100%| E|CS|TAMS 0x00000000efc00000| PB 0x00000000efc00000| Complete 
| 253|0x00000000efd00000, 0x00000000efe00000, 0x00000000efe00000|100%| E|CS|TAMS 0x00000000efd00000| PB 0x00000000efd00000| Complete 
| 254|0x00000000efe00000, 0x00000000eff00000, 0x00000000eff00000|100%| E|CS|TAMS 0x00000000efe00000| PB 0x00000000efe00000| Complete 
| 255|0x00000000eff00000, 0x00000000f0000000, 0x00000000f0000000|100%| E|CS|TAMS 0x00000000eff00000| PB 0x00000000eff00000| Complete 

Card table byte_map: [0x0000021223860000,0x0000021223960000] _byte_map_base: 0x0000021223160000

Marking Bits: (CMBitMap*) 0x000002120c3b2f90
 Bits: [0x0000021223a60000, 0x0000021224260000)

Polling page: 0x000002120bb40000

Metaspace:

Usage:
  Non-class:     51.27 MB used.
      Class:      8.71 MB used.
       Both:     59.98 MB used.

Virtual space:
  Non-class space:       64.00 MB reserved,      52.31 MB ( 82%) committed,  1 nodes.
      Class space:      308.00 MB reserved,       9.69 MB (  3%) committed,  1 nodes.
             Both:      372.00 MB reserved,      62.00 MB ( 17%) committed. 

Chunk freelists:
   Non-Class:  3.06 MB
       Class:  2.36 MB
        Both:  5.42 MB

MaxMetaspaceSize: 384.00 MB
CompressedClassSpaceSize: 308.00 MB
Initial GC threshold: 21.00 MB
Current GC threshold: 99.00 MB
CDS: on
MetaspaceReclaimPolicy: balanced
 - commit_granule_bytes: 65536.
 - commit_granule_words: 8192.
 - virtual_space_node_default_size: 8388608.
 - enlarge_chunks_in_place: 1.
 - new_chunks_are_fully_committed: 0.
 - uncommit_free_chunks: 1.
 - use_allocation_guard: 0.


Internal statistics:

num_allocs_failed_limit: 9.
num_arena_births: 3554.
num_arena_deaths: 0.
num_vsnodes_births: 2.
num_vsnodes_deaths: 0.
num_space_committed: 992.
num_space_uncommitted: 0.
num_chunks_returned_to_freelist: 9.
num_chunks_taken_from_freelist: 6400.
num_chunk_merges: 9.
num_chunk_splits: 4180.
num_chunks_enlarged: 2622.
num_inconsistent_stats: 0.

CodeHeap 'non-profiled nmethods': size=120000Kb used=3481Kb max_used=3481Kb free=116518Kb
 bounds [0x000002121bf00000, 0x000002121c270000, 0x0000021223430000]
CodeHeap 'profiled nmethods': size=120000Kb used=12819Kb max_used=12819Kb free=107180Kb
 bounds [0x0000021214430000, 0x00000212150c0000, 0x000002121b960000]
CodeHeap 'non-nmethods': size=5760Kb used=2810Kb max_used=2961Kb free=2949Kb
 bounds [0x000002121b960000, 0x000002121bc50000, 0x000002121bf00000]
 total_blobs=7555 nmethods=6676 adapters=787
 compilation: enabled
              stopped_count=0, restarted_count=0
 full_count=0

Compilation events (20 events):
Event: 16.530 Thread 0x000002122d2cf000 6695       4       sun.reflect.generics.reflectiveObjects.ParameterizedTypeImpl::getActualTypeArguments (11 bytes)
Event: 16.531 Thread 0x000002122d2cf000 nmethod 6695 0x000002121c263190 code [0x000002121c263300, 0x000002121c2634d8]
Event: 16.532 Thread 0x000002122d2cf000 6881       4       com.google.common.collect.RegularImmutableSet::size (6 bytes)
Event: 16.532 Thread 0x000002122d2cf000 nmethod 6881 0x000002121c263610 code [0x000002121c263780, 0x000002121c263820]
Event: 16.532 Thread 0x000002122d2cf000 6931       4       java.util.Collections$EmptyList::toArray (5 bytes)
Event: 16.532 Thread 0x000002122d2cf000 nmethod 6931 0x000002121c263910 code [0x000002121c263a80, 0x000002121c263b78]
Event: 16.533 Thread 0x000002122d2cf000 7243       4       org.gradle.internal.component.external.model.ShadowedImmutableCapability::getGroup (10 bytes)
Event: 16.533 Thread 0x000002122d2cf000 nmethod 7243 0x000002121c263c10 code [0x000002121c263d80, 0x000002121c263e28]
Event: 16.533 Thread 0x000002122d2cf000 7061       4       com.google.common.collect.SingletonImmutableSet::contains (9 bytes)
Event: 16.534 Thread 0x000002122d2cf000 nmethod 7061 0x000002121c263f10 code [0x000002121c264080, 0x000002121c264128]
Event: 16.536 Thread 0x0000021226cde420 7332       1       org.gradle.internal.io.StreamByteBuffer::access$000 (5 bytes)
Event: 16.536 Thread 0x000002122d2cf000 7333       4       java.nio.ByteBuffer::array (35 bytes)
Event: 16.537 Thread 0x0000021226cde420 nmethod 7332 0x000002121c264210 code [0x000002121c264380, 0x000002121c264430]
Event: 16.537 Thread 0x0000021226cde420 7336       2       org.gradle.internal.logging.text.AbstractLineChoppingStyledTextOutput$2::execute (77 bytes)
Event: 16.537 Thread 0x000002122d2cf000 nmethod 7333 0x000002121c264510 code [0x000002121c264680, 0x000002121c264738]
Event: 16.537 Thread 0x000002122d2cf000 7334       4       org.gradle.internal.logging.text.AbstractLineChoppingStyledTextOutput$1::execute (9 bytes)
Event: 16.537 Thread 0x0000021226cde420 nmethod 7336 0x00000212150b4490 code [0x00000212150b4680, 0x00000212150b4a78]
Event: 16.543 Thread 0x000002122d2cf000 nmethod 7334 0x000002121c264810 code [0x000002121c264a20, 0x000002121c2650e8]
Event: 16.543 Thread 0x000002122d2cf000 7335       4       org.gradle.internal.logging.text.AbstractLineChoppingStyledTextOutput$1::execute (140 bytes)
Event: 16.548 Thread 0x000002122d2cf000 nmethod 7335 0x000002121c265790 code [0x000002121c2659a0, 0x000002121c266030]

GC Heap History (14 events):
Event: 1.242 GC heap before
{Heap before GC invocations=0 (full 0):
 garbage-first heap   total 262144K, used 26624K [0x00000000e0000000, 0x0000000100000000)
  region size 1024K, 23 young (23552K), 0 survivors (0K)
 Metaspace       used 3109K, committed 3264K, reserved 380928K
  class space    used 396K, committed 448K, reserved 315392K
}
Event: 1.247 GC heap after
{Heap after GC invocations=1 (full 0):
 garbage-first heap   total 262144K, used 10283K [0x00000000e0000000, 0x0000000100000000)
  region size 1024K, 3 young (3072K), 3 survivors (3072K)
 Metaspace       used 3109K, committed 3264K, reserved 380928K
  class space    used 396K, committed 448K, reserved 315392K
}
Event: 2.217 GC heap before
{Heap before GC invocations=1 (full 0):
 garbage-first heap   total 262144K, used 38955K [0x00000000e0000000, 0x0000000100000000)
  region size 1024K, 32 young (32768K), 3 survivors (3072K)
 Metaspace       used 4051K, committed 4224K, reserved 380928K
  class space    used 493K, committed 576K, reserved 315392K
}
Event: 2.221 GC heap after
{Heap after GC invocations=2 (full 0):
 garbage-first heap   total 262144K, used 11275K [0x00000000e0000000, 0x0000000100000000)
  region size 1024K, 1 young (1024K), 1 survivors (1024K)
 Metaspace       used 4051K, committed 4224K, reserved 380928K
  class space    used 493K, committed 576K, reserved 315392K
}
Event: 6.865 GC heap before
{Heap before GC invocations=2 (full 0):
 garbage-first heap   total 262144K, used 117771K [0x00000000e0000000, 0x0000000100000000)
  region size 1024K, 105 young (107520K), 1 survivors (1024K)
 Metaspace       used 20846K, committed 21504K, reserved 380928K
  class space    used 3040K, committed 3392K, reserved 315392K
}
Event: 6.878 GC heap after
{Heap after GC invocations=3 (full 0):
 garbage-first heap   total 262144K, used 23331K [0x00000000e0000000, 0x0000000100000000)
  region size 1024K, 13 young (13312K), 13 survivors (13312K)
 Metaspace       used 20846K, committed 21504K, reserved 380928K
  class space    used 3040K, committed 3392K, reserved 315392K
}
Event: 9.404 GC heap before
{Heap before GC invocations=4 (full 0):
 garbage-first heap   total 262144K, used 133923K [0x00000000e0000000, 0x0000000100000000)
  region size 1024K, 118 young (120832K), 13 survivors (13312K)
 Metaspace       used 34922K, committed 36096K, reserved 380928K
  class space    used 4902K, committed 5504K, reserved 315392K
}
Event: 9.422 GC heap after
{Heap after GC invocations=5 (full 0):
 garbage-first heap   total 262144K, used 33240K [0x00000000e0000000, 0x0000000100000000)
  region size 1024K, 9 young (9216K), 9 survivors (9216K)
 Metaspace       used 34922K, committed 36096K, reserved 380928K
  class space    used 4902K, committed 5504K, reserved 315392K
}
Event: 12.918 GC heap before
{Heap before GC invocations=6 (full 0):
 garbage-first heap   total 262144K, used 181720K [0x00000000e0000000, 0x0000000100000000)
  region size 1024K, 153 young (156672K), 9 survivors (9216K)
 Metaspace       used 50131K, committed 51968K, reserved 380928K
  class space    used 7277K, committed 8192K, reserved 315392K
}
Event: 12.934 GC heap after
{Heap after GC invocations=7 (full 0):
 garbage-first heap   total 262144K, used 40475K [0x00000000e0000000, 0x0000000100000000)
  region size 1024K, 18 young (18432K), 18 survivors (18432K)
 Metaspace       used 50131K, committed 51968K, reserved 380928K
  class space    used 7277K, committed 8192K, reserved 315392K
}
Event: 15.232 GC heap before
{Heap before GC invocations=7 (full 0):
 garbage-first heap   total 262144K, used 178715K [0x00000000e0000000, 0x0000000100000000)
  region size 1024K, 153 young (156672K), 18 survivors (18432K)
 Metaspace       used 57497K, committed 59520K, reserved 380928K
  class space    used 8269K, committed 9280K, reserved 315392K
}
Event: 15.258 GC heap after
{Heap after GC invocations=8 (full 0):
 garbage-first heap   total 262144K, used 52185K [0x00000000e0000000, 0x0000000100000000)
  region size 1024K, 20 young (20480K), 20 survivors (20480K)
 Metaspace       used 57497K, committed 59520K, reserved 380928K
  class space    used 8269K, committed 9280K, reserved 315392K
}
Event: 15.607 GC heap before
{Heap before GC invocations=8 (full 0):
 garbage-first heap   total 262144K, used 73689K [0x00000000e0000000, 0x0000000100000000)
  region size 1024K, 42 young (43008K), 20 survivors (20480K)
 Metaspace       used 58736K, committed 60736K, reserved 380928K
  class space    used 8471K, committed 9472K, reserved 315392K
}
Event: 15.630 GC heap after
{Heap after GC invocations=9 (full 0):
 garbage-first heap   total 262144K, used 57098K [0x00000000e0000000, 0x0000000100000000)
  region size 1024K, 4 young (4096K), 4 survivors (4096K)
 Metaspace       used 58736K, committed 60736K, reserved 380928K
  class space    used 8471K, committed 9472K, reserved 315392K
}

Dll operation events (15 events):
Event: 0.012 Loaded shared library C:\Program Files\Java\jdk-20\bin\java.dll
Event: 0.048 Loaded shared library C:\Program Files\Java\jdk-20\bin\jsvml.dll
Event: 0.214 Loaded shared library C:\Program Files\Java\jdk-20\bin\zip.dll
Event: 0.222 Loaded shared library C:\Program Files\Java\jdk-20\bin\instrument.dll
Event: 0.237 Loaded shared library C:\Program Files\Java\jdk-20\bin\net.dll
Event: 0.240 Loaded shared library C:\Program Files\Java\jdk-20\bin\nio.dll
Event: 0.251 Loaded shared library C:\Program Files\Java\jdk-20\bin\zip.dll
Event: 0.623 Loaded shared library C:\Program Files\Java\jdk-20\bin\jimage.dll
Event: 0.751 Loaded shared library C:\Program Files\Java\jdk-20\bin\verify.dll
Event: 1.091 Loaded shared library C:\Users\MI\.gradle\native\c067742578af261105cb4f569cf0c3c89f3d7b1fecec35dd04571415982c5e48\windows-amd64\native-platform.dll
Event: 1.109 Loaded shared library C:\Users\MI\.gradle\native\38dada09dfb8b06ba9b0570ebf7e218e3eb74d4ef43ca46872605cf95ebc2f47\windows-amd64\native-platform-file-events.dll
Event: 2.996 Loaded shared library C:\Program Files\Java\jdk-20\bin\management.dll
Event: 3.000 Loaded shared library C:\Program Files\Java\jdk-20\bin\management_ext.dll
Event: 3.306 Loaded shared library C:\Program Files\Java\jdk-20\bin\extnet.dll
Event: 3.865 Loaded shared library C:\Program Files\Java\jdk-20\bin\sunmscapi.dll

Deoptimization events (20 events):
Event: 16.271 Thread 0x000002122f4054e0 DEOPT PACKING pc=0x000002121c04ad2c sp=0x000000c2debfec20
Event: 16.271 Thread 0x000002122f4054e0 DEOPT UNPACKING pc=0x000002121b9c9d22 sp=0x000000c2debfeaf0 mode 2
Event: 16.271 Thread 0x000002122f4094a0 Uncommon trap: trap_request=0xffffff45 fr.pc=0x000002121bfe3a04 relative=0x0000000000000164
Event: 16.271 Thread 0x000002122f4094a0 Uncommon trap: reason=unstable_if action=reinterpret pc=0x000002121bfe3a04 method=java.util.concurrent.ConcurrentHashMap.addCount(JI)V @ 34 c2
Event: 16.271 Thread 0x000002122f4094a0 DEOPT PACKING pc=0x000002121bfe3a04 sp=0x000000c2de5fe330
Event: 16.271 Thread 0x000002122f4094a0 DEOPT UNPACKING pc=0x000002121b9c9d22 sp=0x000000c2de5fe290 mode 2
Event: 16.274 Thread 0x000002122f4094a0 DEOPT PACKING pc=0x00000212149136fe sp=0x000000c2de5fcda0
Event: 16.274 Thread 0x000002122f4094a0 DEOPT UNPACKING pc=0x000002121b9ca4c2 sp=0x000000c2de5fc320 mode 0
Event: 16.324 Thread 0x000002122f406f70 Uncommon trap: trap_request=0xffffffc6 fr.pc=0x000002121c10ab1c relative=0x000000000000027c
Event: 16.324 Thread 0x000002122f406f70 Uncommon trap: reason=bimorphic_or_optimized_type_check action=maybe_recompile pc=0x000002121c10ab1c method=java.util.stream.StreamOpFlag.fromCharacteristics(Ljava/util/Spliterator;)I @ 14 c2
Event: 16.324 Thread 0x000002122f406f70 DEOPT PACKING pc=0x000002121c10ab1c sp=0x000000c2ddffe020
Event: 16.324 Thread 0x000002122f406f70 DEOPT UNPACKING pc=0x000002121b9c9d22 sp=0x000000c2ddffdf08 mode 2
Event: 16.328 Thread 0x000002122f406f70 Uncommon trap: trap_request=0xffffff45 fr.pc=0x000002121c14cab0 relative=0x0000000000000450
Event: 16.328 Thread 0x000002122f406f70 Uncommon trap: reason=unstable_if action=reinterpret pc=0x000002121c14cab0 method=java.lang.ClassLoader.definePackage(Ljava/lang/String;Ljava/lang/Module;)Ljava/lang/Package; @ 4 c2
Event: 16.328 Thread 0x000002122f406f70 DEOPT PACKING pc=0x000002121c14cab0 sp=0x000000c2ddffd370
Event: 16.328 Thread 0x000002122f406f70 DEOPT UNPACKING pc=0x000002121b9c9d22 sp=0x000000c2ddffd338 mode 2
Event: 16.330 Thread 0x000002122f406f70 Uncommon trap: trap_request=0xffffffc6 fr.pc=0x000002121bfe537c relative=0x000000000000025c
Event: 16.330 Thread 0x000002122f406f70 Uncommon trap: reason=bimorphic_or_optimized_type_check action=maybe_recompile pc=0x000002121bfe537c method=java.util.stream.StreamOpFlag.fromCharacteristics(Ljava/util/Spliterator;)I @ 14 c2
Event: 16.330 Thread 0x000002122f406f70 DEOPT PACKING pc=0x000002121bfe537c sp=0x000000c2ddffdfc0
Event: 16.330 Thread 0x000002122f406f70 DEOPT UNPACKING pc=0x000002121b9c9d22 sp=0x000000c2ddffdf10 mode 2

Classes loaded (20 events):
Event: 16.088 Loading class java/util/concurrent/ConcurrentSkipListMap$KeyIterator
Event: 16.089 Loading class java/util/concurrent/ConcurrentSkipListMap$KeyIterator done
Event: 16.383 Loading class java/util/CollectionsBeanInfo
Event: 16.383 Loading class java/util/CollectionsBeanInfo done
Event: 16.384 Loading class java/util/CollectionsBeanInfo
Event: 16.384 Loading class java/util/CollectionsBeanInfo done
Event: 16.384 Loading class java/util/CollectionsCustomizer
Event: 16.384 Loading class java/util/CollectionsCustomizer done
Event: 16.384 Loading class java/util/CollectionsCustomizer
Event: 16.384 Loading class java/util/CollectionsCustomizer done
Event: 16.401 Loading class java/lang/ProcessImpl
Event: 16.402 Loading class java/lang/ProcessImpl done
Event: 16.417 Loading class java/lang/ProcessHandleImpl
Event: 16.418 Loading class java/lang/ProcessHandleImpl done
Event: 16.420 Loading class java/lang/ProcessImpl$2
Event: 16.421 Loading class java/lang/ProcessImpl$2 done
Event: 16.421 Loading class java/lang/Process$PipeInputStream
Event: 16.423 Loading class java/lang/Process$PipeInputStream done
Event: 16.423 Loading class jdk/internal/event/ProcessStartEvent
Event: 16.424 Loading class jdk/internal/event/ProcessStartEvent done

Classes unloaded (0 events):
No events

Classes redefined (0 events):
No events

Internal exceptions (20 events):
Event: 15.882 Thread 0x000002122ceba960 Exception <a 'java/lang/NoSuchMethodError'{0x00000000ef1bf488}: static Lorg/gradle/internal/build/event/types/DefaultTaskStartedProgressEvent;.<clinit>()V> (0x00000000ef1bf488) 
thrown [s\open\src\hotspot\share\prims\jni.cpp, line 1105]
Event: 15.883 Thread 0x000002122ceba960 Exception <a 'java/lang/NoSuchMethodError'{0x00000000ef1c1568}: static Lorg/gradle/internal/build/event/types/AbstractProgressEvent;.<clinit>()V> (0x00000000ef1c1568) 
thrown [s\open\src\hotspot\share\prims\jni.cpp, line 1105]
Event: 15.884 Thread 0x000002122ceba960 Exception <a 'java/lang/NoSuchMethodError'{0x00000000ef1f7fe0}: static Lorg/gradle/internal/build/event/types/DefaultTaskDescriptor;.<clinit>()V> (0x00000000ef1f7fe0) 
thrown [s\open\src\hotspot\share\prims\jni.cpp, line 1105]
Event: 15.885 Thread 0x000002122ceba960 Exception <a 'java/lang/NoSuchMethodError'{0x00000000ef1fdf98}: 'long java.lang.invoke.DirectMethodHandle$Holder.invokeSpecial(java.lang.Object, java.lang.Object)'> (0x00000000ef1fdf98) 
thrown [s\open\src\hotspot\share\interpreter\linkResolver.cpp, line 773]
Event: 15.886 Thread 0x000002122ceba960 Exception <a 'java/lang/NoSuchMethodError'{0x00000000ef0018a8}: 'long java.lang.invoke.Invokers$Holder.invokeExact_MT(java.lang.Object, java.lang.Object)'> (0x00000000ef0018a8) 
thrown [s\open\src\hotspot\share\interpreter\linkResolver.cpp, line 773]
Event: 15.890 Thread 0x000002122ceba960 Exception <a 'java/lang/NoSuchMethodError'{0x00000000ef063b68}: static Lorg/gradle/internal/operations/OperationIdentifier;.<clinit>()V> (0x00000000ef063b68) 
thrown [s\open\src\hotspot\share\prims\jni.cpp, line 1105]
Event: 15.891 Thread 0x000002122ceba960 Exception <a 'java/lang/NoSuchMethodError'{0x00000000ef06d698}: static Lorg/gradle/internal/build/event/types/DefaultBinaryPluginIdentifier;.<clinit>()V> (0x00000000ef06d698) 
thrown [s\open\src\hotspot\share\prims\jni.cpp, line 1105]
Event: 15.944 Thread 0x000002122db6b1b0 Exception <a 'java/lang/NoSuchMethodError'{0x00000000eefa4eb0}: 'void java.lang.invoke.DirectMethodHandle$Holder.invokeVirtual(java.lang.Object, java.lang.Object)'> (0x00000000eefa4eb0) 
thrown [s\open\src\hotspot\share\interpreter\linkResolver.cpp, line 773]
Event: 16.066 Thread 0x000002122ceba960 Exception <a 'java/lang/NoSuchMethodError'{0x00000000eeb42f10}: static Lorg/gradle/internal/build/event/types/DefaultTaskFinishedProgressEvent;.<clinit>()V> (0x00000000eeb42f10) 
thrown [s\open\src\hotspot\share\prims\jni.cpp, line 1105]
Event: 16.070 Thread 0x000002122ceba960 Exception <a 'java/lang/NoSuchMethodError'{0x00000000eeb5d060}: static Lorg/gradle/internal/build/event/types/DefaultTaskSuccessResult;.<clinit>()V> (0x00000000eeb5d060) 
thrown [s\open\src\hotspot\share\prims\jni.cpp, line 1105]
Event: 16.070 Thread 0x000002122ceba960 Exception <a 'java/lang/NoSuchMethodError'{0x00000000eeb5e3c8}: static Lorg/gradle/internal/build/event/types/AbstractTaskResult;.<clinit>()V> (0x00000000eeb5e3c8) 
thrown [s\open\src\hotspot\share\prims\jni.cpp, line 1105]
Event: 16.071 Thread 0x000002122ceba960 Exception <a 'java/lang/NoSuchMethodError'{0x00000000eeb5fa28}: static Lorg/gradle/internal/build/event/types/AbstractResult;.<clinit>()V> (0x00000000eeb5fa28) 
thrown [s\open\src\hotspot\share\prims\jni.cpp, line 1105]
Event: 16.076 Thread 0x000002122ceba960 Exception <a 'java/lang/NoSuchMethodError'{0x00000000eeb90f98}: static [Ljava/lang/Object;.<clinit>()V> (0x00000000eeb90f98) 
thrown [s\open\src\hotspot\share\prims\jni.cpp, line 1105]
Event: 16.091 Thread 0x000002122db6b1b0 Exception <a 'java/lang/NoSuchMethodError'{0x00000000eebbb9d0}: static Ljava/lang/Object;.<clinit>()V> (0x00000000eebbb9d0) 
thrown [s\open\src\hotspot\share\prims\jni.cpp, line 1105]
Event: 16.384 Thread 0x000002122f406f70 Exception <a 'java/lang/ClassNotFoundException'{0x00000000edb19398}: java/util/CollectionsBeanInfo> (0x00000000edb19398) 
thrown [s\open\src\hotspot\share\classfile\systemDictionary.cpp, line 305]
Event: 16.384 Thread 0x000002122f406f70 Exception <a 'java/lang/ClassNotFoundException'{0x00000000edb1e6e8}: java/util/CollectionsCustomizer> (0x00000000edb1e6e8) 
thrown [s\open\src\hotspot\share\classfile\systemDictionary.cpp, line 305]
Event: 16.416 Thread 0x000002122f408f50 Exception <a 'java/lang/NoSuchMethodError'{0x00000000eda12358}: 'void java.lang.invoke.DirectMethodHandle$Holder.invokeStatic(java.lang.Object, long)'> (0x00000000eda12358) 
thrown [s\open\src\hotspot\share\interpreter\linkResolver.cpp, line 773]
Event: 16.417 Thread 0x000002122f408f50 Exception <a 'java/lang/NoSuchMethodError'{0x00000000eda17540}: 'java.lang.Object java.lang.invoke.DirectMethodHandle$Holder.newInvokeSpecial(java.lang.Object, long)'> (0x00000000eda17540) 
thrown [s\open\src\hotspot\share\interpreter\linkResolver.cpp, line 773]
Event: 16.419 Thread 0x000002122f408f50 Exception <a 'java/lang/NoSuchMethodError'{0x00000000eda20c68}: 'java.lang.Object java.lang.invoke.DirectMethodHandle$Holder.invokeStatic(java.lang.Object, long, java.lang.Object)'> (0x00000000eda20c68) 
thrown [s\open\src\hotspot\share\interpreter\linkResolver.cpp, line 773]
Event: 16.419 Thread 0x000002122f408f50 Exception <a 'java/lang/NoSuchMethodError'{0x00000000eda24208}: 'java.lang.Object java.lang.invoke.DirectMethodHandle$Holder.invokeStaticInit(java.lang.Object, long, java.lang.Object)'> (0x00000000eda24208) 
thrown [s\open\src\hotspot\share\interpreter\linkResolver.cpp, line 773]

VM Operations (20 events):
Event: 15.519 Executing VM operation: HandshakeAllThreads
Event: 15.519 Executing VM operation: HandshakeAllThreads done
Event: 15.532 Executing VM operation: HandshakeAllThreads
Event: 15.532 Executing VM operation: HandshakeAllThreads done
Event: 15.607 Executing VM operation: CollectForMetadataAllocation
Event: 15.631 Executing VM operation: CollectForMetadataAllocation done
Event: 15.677 Executing VM operation: G1PauseRemark
Event: 15.683 Executing VM operation: G1PauseRemark done
Event: 15.700 Executing VM operation: G1PauseCleanup
Event: 15.701 Executing VM operation: G1PauseCleanup done
Event: 16.056 Executing VM operation: HandshakeAllThreads
Event: 16.056 Executing VM operation: HandshakeAllThreads done
Event: 16.063 Executing VM operation: HandshakeAllThreads
Event: 16.063 Executing VM operation: HandshakeAllThreads done
Event: 16.130 Executing VM operation: HandshakeAllThreads
Event: 16.130 Executing VM operation: HandshakeAllThreads done
Event: 16.201 Executing VM operation: HandshakeAllThreads
Event: 16.201 Executing VM operation: HandshakeAllThreads done
Event: 16.291 Executing VM operation: ICBufferFull
Event: 16.291 Executing VM operation: ICBufferFull done

Events (20 events):
Event: 15.682 Thread 0x0000021226ca8a40 flushing nmethod 0x000002121bf00410
Event: 15.776 Thread 0x000002122db6b1b0 Thread added: 0x000002122db6b1b0
Event: 15.786 Thread 0x000002122db6b700 Thread added: 0x000002122db6b700
Event: 15.786 Thread 0x000002122db6c1a0 Thread added: 0x000002122db6c1a0
Event: 15.786 Thread 0x000002122f406f70 Thread added: 0x000002122f406f70
Event: 15.786 Thread 0x000002122f405f80 Thread added: 0x000002122f405f80
Event: 15.786 Thread 0x000002122f405a30 Thread added: 0x000002122f405a30
Event: 15.786 Thread 0x000002122f406a20 Thread added: 0x000002122f406a20
Event: 15.786 Thread 0x000002122f4064d0 Thread added: 0x000002122f4064d0
Event: 15.826 Thread 0x000002122f4074c0 Thread added: 0x000002122f4074c0
Event: 16.269 Thread 0x000002122f4094a0 Thread added: 0x000002122f4094a0
Event: 16.270 Thread 0x000002122f407a10 Thread added: 0x000002122f407a10
Event: 16.270 Thread 0x000002122f408a00 Thread added: 0x000002122f408a00
Event: 16.270 Thread 0x000002122f407f60 Thread added: 0x000002122f407f60
Event: 16.270 Thread 0x000002122f4044f0 Thread added: 0x000002122f4044f0
Event: 16.270 Thread 0x000002122f40a9e0 Thread added: 0x000002122f40a9e0
Event: 16.270 Thread 0x000002122f4054e0 Thread added: 0x000002122f4054e0
Event: 16.399 Thread 0x000002122f408f50 Thread added: 0x000002122f408f50
Event: 16.425 Thread 0x000002122f4084b0 Thread added: 0x000002122f4084b0
Event: 16.425 Thread 0x000002122f403fa0 Thread added: 0x000002122f403fa0


Dynamic libraries:
0x00007ff7c3a80000 - 0x00007ff7c3a90000 	C:\Program Files\Java\jdk-20\bin\java.exe
0x00007ffafcd90000 - 0x00007ffafcfa7000 	C:\WINDOWS\SYSTEM32\ntdll.dll
0x00007ffafc550000 - 0x00007ffafc614000 	C:\WINDOWS\System32\KERNEL32.DLL
0x00007ffafa6a0000 - 0x00007ffafaa4d000 	C:\WINDOWS\System32\KERNELBASE.dll
0x00007ffafa4e0000 - 0x00007ffafa5f1000 	C:\WINDOWS\System32\ucrtbase.dll
0x00007ffad8430000 - 0x00007ffad844b000 	C:\Program Files\Java\jdk-20\bin\VCRUNTIME140.dll
0x00007ffad8180000 - 0x00007ffad8199000 	C:\Program Files\Java\jdk-20\bin\jli.dll
0x00007ffafb250000 - 0x00007ffafb302000 	C:\WINDOWS\System32\ADVAPI32.dll
0x00007ffafc680000 - 0x00007ffafc727000 	C:\WINDOWS\System32\msvcrt.dll
0x00007ffafbbf0000 - 0x00007ffafbc99000 	C:\WINDOWS\System32\sechost.dll
0x00007ffafa0c0000 - 0x00007ffafa0e8000 	C:\WINDOWS\System32\bcrypt.dll
0x00007ffafb740000 - 0x00007ffafb854000 	C:\WINDOWS\System32\RPCRT4.dll
0x00007ffafc770000 - 0x00007ffafc91e000 	C:\WINDOWS\System32\USER32.dll
0x00007ffae1da0000 - 0x00007ffae2033000 	C:\WINDOWS\WinSxS\amd64_microsoft.windows.common-controls_6595b64144ccf1df_6.0.22621.3672_none_2713b9d173822955\COMCTL32.dll
0x00007ffafa4b0000 - 0x00007ffafa4d6000 	C:\WINDOWS\System32\win32u.dll
0x00007ffafc520000 - 0x00007ffafc549000 	C:\WINDOWS\System32\GDI32.dll
0x00007ffafa220000 - 0x00007ffafa339000 	C:\WINDOWS\System32\gdi32full.dll
0x00007ffafa600000 - 0x00007ffafa69a000 	C:\WINDOWS\System32\msvcp_win.dll
0x00007ffaeee60000 - 0x00007ffaeee6a000 	C:\WINDOWS\SYSTEM32\VERSION.dll
0x00007ffafc730000 - 0x00007ffafc761000 	C:\WINDOWS\System32\IMM32.DLL
0x00007ffaee500000 - 0x00007ffaee50c000 	C:\Program Files\Java\jdk-20\bin\vcruntime140_1.dll
0x00007ffabdd40000 - 0x00007ffabddce000 	C:\Program Files\Java\jdk-20\bin\msvcp140.dll
0x00007ffa89e40000 - 0x00007ffa8aad7000 	C:\Program Files\Java\jdk-20\bin\server\jvm.dll
0x00007ffaf0b20000 - 0x00007ffaf0b29000 	C:\WINDOWS\SYSTEM32\WSOCK32.dll
0x00007ffadbc10000 - 0x00007ffadbc44000 	C:\WINDOWS\SYSTEM32\WINMM.dll
0x00007ffafb530000 - 0x00007ffafb5a1000 	C:\WINDOWS\System32\WS2_32.dll
0x00007ffaf90b0000 - 0x00007ffaf90c8000 	C:\WINDOWS\SYSTEM32\kernel.appcore.dll
0x00007ffaedd60000 - 0x00007ffaedd6a000 	C:\Program Files\Java\jdk-20\bin\jimage.dll
0x00007ffaf4b00000 - 0x00007ffaf4d32000 	C:\WINDOWS\SYSTEM32\DBGHELP.DLL
0x00007ffafb860000 - 0x00007ffafbbe8000 	C:\WINDOWS\System32\combase.dll
0x00007ffafc930000 - 0x00007ffafca07000 	C:\WINDOWS\System32\OLEAUT32.dll
0x00007ffaef570000 - 0x00007ffaef5a2000 	C:\WINDOWS\SYSTEM32\dbgcore.DLL
0x00007ffafaa50000 - 0x00007ffafaacb000 	C:\WINDOWS\System32\bcryptPrimitives.dll
0x00007ffad5570000 - 0x00007ffad557e000 	C:\Program Files\Java\jdk-20\bin\instrument.dll
0x00007ffad1f30000 - 0x00007ffad1f56000 	C:\Program Files\Java\jdk-20\bin\java.dll
0x00007ffabc8e0000 - 0x00007ffabc9b7000 	C:\Program Files\Java\jdk-20\bin\jsvml.dll
0x00007ffafbcc0000 - 0x00007ffafc51f000 	C:\WINDOWS\System32\SHELL32.dll
0x00007ffaf7fc0000 - 0x00007ffaf88bc000 	C:\WINDOWS\SYSTEM32\windows.storage.dll
0x00007ffaf7e80000 - 0x00007ffaf7fbf000 	C:\WINDOWS\SYSTEM32\wintypes.dll
0x00007ffafb5b0000 - 0x00007ffafb6a4000 	C:\WINDOWS\System32\SHCORE.dll
0x00007ffafb4d0000 - 0x00007ffafb52e000 	C:\WINDOWS\System32\shlwapi.dll
0x00007ffaf9ff0000 - 0x00007ffafa011000 	C:\WINDOWS\SYSTEM32\profapi.dll
0x00007ffad2d00000 - 0x00007ffad2d18000 	C:\Program Files\Java\jdk-20\bin\zip.dll
0x00007ffad8000000 - 0x00007ffad8013000 	C:\Program Files\Java\jdk-20\bin\net.dll
0x00007ffaf26c0000 - 0x00007ffaf27f6000 	C:\WINDOWS\SYSTEM32\WINHTTP.dll
0x00007ffaf9510000 - 0x00007ffaf9579000 	C:\WINDOWS\system32\mswsock.dll
0x00007ffad2dd0000 - 0x00007ffad2de6000 	C:\Program Files\Java\jdk-20\bin\nio.dll
0x00007ffaed660000 - 0x00007ffaed670000 	C:\Program Files\Java\jdk-20\bin\verify.dll
0x00007ffad5580000 - 0x00007ffad55a7000 	C:\Users\MI\.gradle\native\c067742578af261105cb4f569cf0c3c89f3d7b1fecec35dd04571415982c5e48\windows-amd64\native-platform.dll
0x00007ffabb560000 - 0x00007ffabb6a4000 	C:\Users\MI\.gradle\native\38dada09dfb8b06ba9b0570ebf7e218e3eb74d4ef43ca46872605cf95ebc2f47\windows-amd64\native-platform-file-events.dll
0x00007ffae0180000 - 0x00007ffae018a000 	C:\Program Files\Java\jdk-20\bin\management.dll
0x00007ffadf370000 - 0x00007ffadf37b000 	C:\Program Files\Java\jdk-20\bin\management_ext.dll
0x00007ffafcd00000 - 0x00007ffafcd08000 	C:\WINDOWS\System32\PSAPI.DLL
0x00007ffaf97b0000 - 0x00007ffaf97cb000 	C:\WINDOWS\SYSTEM32\CRYPTSP.dll
0x00007ffaf9010000 - 0x00007ffaf9045000 	C:\WINDOWS\system32\rsaenh.dll
0x00007ffaf95b0000 - 0x00007ffaf95d8000 	C:\WINDOWS\SYSTEM32\USERENV.dll
0x00007ffaf9710000 - 0x00007ffaf971c000 	C:\WINDOWS\SYSTEM32\CRYPTBASE.dll
0x00007ffaf8b20000 - 0x00007ffaf8b4d000 	C:\WINDOWS\SYSTEM32\IPHLPAPI.DLL
0x00007ffafbcb0000 - 0x00007ffafbcb9000 	C:\WINDOWS\System32\NSI.dll
0x00007ffaf2300000 - 0x00007ffaf2319000 	C:\WINDOWS\SYSTEM32\dhcpcsvc6.DLL
0x00007ffaf22e0000 - 0x00007ffaf22ff000 	C:\WINDOWS\SYSTEM32\dhcpcsvc.DLL
0x00007ffaf8b50000 - 0x00007ffaf8c48000 	C:\WINDOWS\SYSTEM32\DNSAPI.dll
0x00007ffadf280000 - 0x00007ffadf287000 	C:\Program Files\Java\jdk-20\bin\extnet.dll
0x00007ffad4ce0000 - 0x00007ffad4cee000 	C:\Program Files\Java\jdk-20\bin\sunmscapi.dll
0x00007ffafa340000 - 0x00007ffafa4a7000 	C:\WINDOWS\System32\CRYPT32.dll
0x00007ffaf9980000 - 0x00007ffaf99ae000 	C:\WINDOWS\SYSTEM32\ncrypt.dll
0x00007ffaf9940000 - 0x00007ffaf9977000 	C:\WINDOWS\SYSTEM32\NTASN1.dll
0x00007ffada280000 - 0x00007ffada288000 	C:\WINDOWS\system32\wshunix.dll

dbghelp: loaded successfully - version: 4.0.5 - missing functions: none
symbol engine: initialized successfully - sym options: 0x614 - pdb path: .;C:\Program Files\Java\jdk-20\bin;C:\WINDOWS\SYSTEM32;C:\WINDOWS\WinSxS\amd64_microsoft.windows.common-controls_6595b64144ccf1df_6.0.22621.3672_none_2713b9d173822955;C:\Program Files\Java\jdk-20\bin\server;C:\Users\MI\.gradle\native\c067742578af261105cb4f569cf0c3c89f3d7b1fecec35dd04571415982c5e48\windows-amd64;C:\Users\MI\.gradle\native\38dada09dfb8b06ba9b0570ebf7e218e3eb74d4ef43ca46872605cf95ebc2f47\windows-amd64

VM Arguments:
jvm_args: --add-opens=java.base/java.util=ALL-UNNAMED --add-opens=java.base/java.lang=ALL-UNNAMED --add-opens=java.base/java.lang.invoke=ALL-UNNAMED --add-opens=java.prefs/java.util.prefs=ALL-UNNAMED --add-opens=java.base/java.nio.charset=ALL-UNNAMED --add-opens=java.base/java.net=ALL-UNNAMED --add-opens=java.base/java.util.concurrent.atomic=ALL-UNNAMED -XX:MaxMetaspaceSize=384m -XX:+HeapDumpOnOutOfMemoryError -Xms256m -Xmx512m -Dfile.encoding=windows-1252 -Duser.country=IN -Duser.language=en -Duser.variant -javaagent:C:\Users\MI\.gradle\wrapper\dists\gradle-8.5-bin\5t9huq95ubn472n8rpzujfbqh\gradle-8.5\lib\agents\gradle-instrumentation-agent-8.5.jar 
java_command: org.gradle.launcher.daemon.bootstrap.GradleDaemon 8.5
java_class_path (initial): C:\Users\MI\.gradle\wrapper\dists\gradle-8.5-bin\5t9huq95ubn472n8rpzujfbqh\gradle-8.5\lib\gradle-launcher-8.5.jar
Launcher Type: SUN_STANDARD

[Global flags]
     intx CICompilerCount                          = 4                                         {product} {ergonomic}
   size_t CompressedClassSpaceSize                 = 322961408                                 {product} {ergonomic}
     uint ConcGCThreads                            = 2                                         {product} {ergonomic}
     uint G1ConcRefinementThreads                  = 8                                         {product} {ergonomic}
   size_t G1HeapRegionSize                         = 1048576                                   {product} {ergonomic}
    uintx GCDrainStackTargetSize                   = 64                                        {product} {ergonomic}
     bool HeapDumpOnOutOfMemoryError               = true                                   {manageable} {command line}
   size_t InitialHeapSize                          = 268435456                                 {product} {command line}
   size_t MarkStackSize                            = 4194304                                   {product} {ergonomic}
   size_t MaxHeapSize                              = 536870912                                 {product} {command line}
   size_t MaxMetaspaceSize                         = 402653184                                 {product} {command line}
   size_t MaxNewSize                               = 321912832                                 {product} {ergonomic}
   size_t MinHeapDeltaBytes                        = 1048576                                   {product} {ergonomic}
   size_t MinHeapSize                              = 268435456                                 {product} {command line}
    uintx NonNMethodCodeHeapSize                   = 5839372                                {pd product} {ergonomic}
    uintx NonProfiledCodeHeapSize                  = 122909434                              {pd product} {ergonomic}
    uintx ProfiledCodeHeapSize                     = 122909434                              {pd product} {ergonomic}
    uintx ReservedCodeCacheSize                    = 251658240                              {pd product} {ergonomic}
     bool SegmentedCodeCache                       = true                                      {product} {ergonomic}
   size_t SoftMaxHeapSize                          = 536870912                              {manageable} {ergonomic}
     bool UseCompressedClassPointers               = true                           {product lp64_product} {ergonomic}
     bool UseCompressedOops                        = true                           {product lp64_product} {ergonomic}
     bool UseG1GC                                  = true                                      {product} {ergonomic}
     bool UseLargePagesIndividualAllocation        = false                                  {pd product} {ergonomic}

Logging:
Log output configuration:
 #0: stdout all=warning uptime,level,tags foldmultilines=false
 #1: stderr all=off uptime,level,tags foldmultilines=false

Environment Variables:
JAVA_HOME=C:\Program Files\Java\jdk-20\
PATH=C:\Python312\Scripts\;C:\Python312\;C:\Program Files\Common Files\Oracle\Java\javapath;C:\WINDOWS\system32;C:\WINDOWS;C:\WINDOWS\System32\Wbem;C:\WINDOWS\System32\WindowsPowerShell\v1.0\;C:\WINDOWS\System32\OpenSSH\;C:\Program Files\Java\jdk-20\bin;C:\Program Files\MySQL\MySQL Server 8.0\bin;C:\ProgramData\chocolatey\bin;C:\Program Files\nodejs\node_modules\npm;C:\Program Files\nodejs;C:\Program Files\nodejs\;C:\Program Files\Docker\Docker\resources\bin;C:\Program Files\MySQL\MySQL Shell 8.0\bin\;C:\Users\MI\AppData\Local\Programs\Python\Python311\Scripts\;C:\Users\MI\AppData\Local\Programs\Python\Python311\;C:\Users\MI\AppData\Local\Microsoft\WindowsApps;C:\Program Files\Java\jdk-20\bin;C:\Users\MI\AppData\Local\Programs\Microsoft VS Code\bin;C:\Program Files\MongoDB\Server\7.0\bin;C:\Users\MI\Downloads\gradle-8.4-all\gradle-8.4\bin;C:\Users\MI\AppData\Roaming\npm;C:\Users\MI\Downloads\apache-maven-3.9.6\bin;
USERNAME=Harshita
OS=Windows_NT
PROCESSOR_IDENTIFIER=Intel64 Family 6 Model 142 Stepping 12, GenuineIntel
TMP=C:\Users\MI\AppData\Local\Temp
TEMP=C:\Users\MI\AppData\Local\Temp




---------------  S Y S T E M  ---------------

OS:
 Windows 11 , 64 bit Build 22621 (10.0.22621.3672)
OS uptime: 3 days 0:10 hours
Hyper-V role detected

CPU: total 8 (initial active 8) (4 cores per cpu, 2 threads per core) family 6 model 142 stepping 12 microcode 0xde, cx8, cmov, fxsr, ht, mmx, 3dnowpref, sse, sse2, sse3, ssse3, sse4.1, sse4.2, popcnt, lzcnt, tsc, tscinvbit, avx, avx2, aes, erms, clmul, bmi1, bmi2, adx, fma, vzeroupper, clflush, clflushopt, hv, rdtscp, f16c

Memory: 4k page, system-wide physical 8022M (437M free)
TotalPageFile size 26806M (AvailPageFile size 3M)
current process WorkingSet (physical memory assigned to process): 424M, peak: 430M
current process commit charge ("private bytes"): 501M, peak: 507M

vm_info: Java HotSpot(TM) 64-Bit Server VM (20+36-2344) for windows-amd64 JRE (20+36-2344), built on 2023-02-10T19:30:15Z by "mach5one" with MS VC++ 17.1 (VS2022)

END.
