#
# There is insufficient memory for the Java Runtime Environment to continue.
# Native memory allocation (malloc) failed to allocate 32744 bytes for Chunk::new
# Possible reasons:
#   The system is out of physical RAM or swap space
#   The process is running with CompressedOops enabled, and the Java Heap may be blocking the growth of the native heap
# Possible solutions:
#   Reduce memory load on the system
#   Increase physical memory or swap space
#   Check if swap backing store is full
#   Decrease Java heap size (-Xmx/-Xms)
#   Decrease number of Java threads
#   Decrease Java thread stack sizes (-Xss)
#   Set larger code cache with -XX:ReservedCodeCacheSize=
#   JVM is running with Unscaled Compressed Oops mode in which the Java heap is
#     placed in the first 4GB address space. The Java Heap base address is the
#     maximum limit for the native heap growth. Please use -XX:HeapBaseMinAddress
#     to set the Java Heap base and to place the Java Heap above 4GB virtual address.
# This output file may be truncated or incomplete.
#
#  Out of Memory Error (arena.cpp:184), pid=20408, tid=28372
#
# JRE version: Java(TM) SE Runtime Environment (20.0+36) (build 20+36-2344)
# Java VM: Java HotSpot(TM) 64-Bit Server VM (20+36-2344, mixed mode, sharing, tiered, compressed oops, compressed class ptrs, g1 gc, windows-amd64)
# No core dump will be written. Minidumps are not enabled by default on client versions of Windows
#

---------------  S U M M A R Y ------------

Command Line: -Xmx64m -Xms64m -Dorg.gradle.appname=gradlew org.gradle.wrapper.GradleWrapperMain run

Host: Intel(R) Core(TM) i5-10210U CPU @ 1.60GHz, 8 cores, 7G,  Windows 11 , 64 bit Build 22621 (10.0.22621.3672)
Time: Mon Jul 15 16:41:30 2024 India Standard Time elapsed time: 9.550786 seconds (0d 0h 0m 9s)

---------------  T H R E A D  ---------------

Current thread (0x000001a266838520):  JavaThread "C2 CompilerThread0" daemon [_thread_in_native, id=28372, stack(0x0000002218600000,0x0000002218700000)]


Current CompileTask:
C2:   9550 1390       4       jdk.internal.org.objectweb.asm.SymbolTable::addConstantUtf8 (98 bytes)

Stack: [0x0000002218600000,0x0000002218700000]
Native frames: (J=compiled Java code, j=interpreted, Vv=VM code, C=native code)
V  [jvm.dll+0x6bb95a]
V  [jvm.dll+0x8483aa]
V  [jvm.dll+0x849fa5]
V  [jvm.dll+0x84a6a3]
V  [jvm.dll+0x280b0f]
V  [jvm.dll+0xc2b11]
V  [jvm.dll+0xc2e35]
V  [jvm.dll+0x69853d]
V  [jvm.dll+0x396d60]
V  [jvm.dll+0x39eff2]
V  [jvm.dll+0x6cb41d]
V  [jvm.dll+0x6cbcae]
V  [jvm.dll+0x6cb2f1]
V  [jvm.dll+0x6c94f4]
V  [jvm.dll+0x1d169c]
V  [jvm.dll+0x1d222b]
V  [jvm.dll+0x2f4fec]
V  [jvm.dll+0x6d3c22]
V  [jvm.dll+0x6cbca6]
V  [jvm.dll+0x6cb2f1]
V  [jvm.dll+0x6c94f4]
V  [jvm.dll+0x1d169c]
V  [jvm.dll+0x24a203]
V  [jvm.dll+0x1ce491]
V  [jvm.dll+0x259e1b]
V  [jvm.dll+0x2584f0]
V  [jvm.dll+0x3f2895]
V  [jvm.dll+0x7f4906]
V  [jvm.dll+0x6ba5cb]
C  [ucrtbase.dll+0x29333]
C  [KERNEL32.DLL+0x1257d]
C  [ntdll.dll+0x5af28]


---------------  P R O C E S S  ---------------

Threads class SMR info:
_java_thread_list=0x000001a26b995980, length=14, elements={
0x000001a24c9a08b0, 0x000001a26682c240, 0x000001a26682ce40, 0x000001a266830e20,
0x000001a2668335e0, 0x000001a2668367d0, 0x000001a266837110, 0x000001a266838520,
0x000001a26683afe0, 0x000001a26ac7c250, 0x000001a26ac881e0, 0x000001a26b5a1e30,
0x000001a26b9a14f0, 0x000001a26b868f60
}

Java Threads: ( => current thread )
  0x000001a24c9a08b0 JavaThread "main" [_thread_in_vm, id=30328, stack(0x0000002217900000,0x0000002217a00000)]
  0x000001a26682c240 JavaThread "Reference Handler" daemon [_thread_blocked, id=12776, stack(0x0000002218000000,0x0000002218100000)]
  0x000001a26682ce40 JavaThread "Finalizer" daemon [_thread_blocked, id=33824, stack(0x0000002218100000,0x0000002218200000)]
  0x000001a266830e20 JavaThread "Signal Dispatcher" daemon [_thread_blocked, id=25400, stack(0x0000002218200000,0x0000002218300000)]
  0x000001a2668335e0 JavaThread "Attach Listener" daemon [_thread_blocked, id=9964, stack(0x0000002218300000,0x0000002218400000)]
  0x000001a2668367d0 JavaThread "Service Thread" daemon [_thread_blocked, id=31116, stack(0x0000002218400000,0x0000002218500000)]
  0x000001a266837110 JavaThread "Monitor Deflation Thread" daemon [_thread_blocked, id=32976, stack(0x0000002218500000,0x0000002218600000)]
=>0x000001a266838520 JavaThread "C2 CompilerThread0" daemon [_thread_in_native, id=28372, stack(0x0000002218600000,0x0000002218700000)]
  0x000001a26683afe0 JavaThread "C1 CompilerThread0" daemon [_thread_blocked, id=24648, stack(0x0000002218700000,0x0000002218800000)]
  0x000001a26ac7c250 JavaThread "Notification Thread" daemon [_thread_blocked, id=31528, stack(0x0000002218800000,0x0000002218900000)]
  0x000001a26ac881e0 JavaThread "Common-Cleaner" daemon [_thread_blocked, id=4420, stack(0x0000002218a00000,0x0000002218b00000)]
  0x000001a26b5a1e30 JavaThread "pool-1-thread-1" [_thread_blocked, id=10756, stack(0x0000002218f00000,0x0000002219000000)]
  0x000001a26b9a14f0 JavaThread "DisconnectableInputStream source reader" daemon [_thread_in_native, id=9144, stack(0x0000002219100000,0x0000002219200000)]
  0x000001a26b868f60 JavaThread "Forward input" [_thread_blocked, id=25240, stack(0x0000002219200000,0x0000002219300000)]

Other Threads:
  0x000001a24ca51b60 VMThread "VM Thread" [stack: 0x0000002217f00000,0x0000002218000000] [id=4108]
  0x000001a26ac84d60 WatcherThread "VM Periodic Task Thread" [stack: 0x0000002218900000,0x0000002218a00000] [id=31192]
  0x000001a24c9c5de0 WorkerThread "GC Thread#0" [stack: 0x0000002217a00000,0x0000002217b00000] [id=29056]
  0x000001a26b4c4370 WorkerThread "GC Thread#1" [stack: 0x0000002218b00000,0x0000002218c00000] [id=18344]
  0x000001a26b4c40a0 WorkerThread "GC Thread#2" [stack: 0x0000002218c00000,0x0000002218d00000] [id=15860]
  0x000001a26b4c4640 WorkerThread "GC Thread#3" [stack: 0x0000002218d00000,0x0000002218e00000] [id=30780]
  0x000001a26b4c4eb0 WorkerThread "GC Thread#4" [stack: 0x0000002218e00000,0x0000002218f00000] [id=26092]
  0x000001a24c9c74f0 ConcurrentGCThread "G1 Main Marker" [stack: 0x0000002217b00000,0x0000002217c00000] [id=26908]
  0x000001a24c9c80c0 WorkerThread "G1 Conc#0" [stack: 0x0000002217c00000,0x0000002217d00000] [id=25668]
  0x000001a24ca2e480 ConcurrentGCThread "G1 Refine#0" [stack: 0x0000002217d00000,0x0000002217e00000] [id=19256]
  0x000001a24ca2ef20 ConcurrentGCThread "G1 Service" [stack: 0x0000002217e00000,0x0000002217f00000] [id=8080]

Threads with active compile tasks:
C2 CompilerThread0     9579 1390       4       jdk.internal.org.objectweb.asm.SymbolTable::addConstantUtf8 (98 bytes)

VM state: not at safepoint (normal execution)

VM Mutex/Monitor currently owned by a thread:  ([mutex/lock_event])
[0x000001a24c99a990] Metaspace_lock - owner thread: 0x000001a24c9a08b0

Heap address: 0x00000000fc000000, size: 64 MB, Compressed Oops mode: 32-bit

CDS archive(s) mapped at: [0x0000000800000000-0x0000000800c60000-0x0000000800c60000), size 12976128, SharedBaseAddress: 0x0000000800000000, ArchiveRelocationMode: 0.
Compressed class space mapped at: 0x0000000801000000-0x0000000841000000, reserved size: 1073741824
Narrow klass base: 0x0000000800000000, Narrow klass shift: 0, Narrow klass range: 0x100000000

GC Precious Log:
 CardTable entry size: 512
 Card Set container configuration: InlinePtr #cards 5 size 8 Array Of Cards #cards 12 size 40 Howl #buckets 4 coarsen threshold 1843 Howl Bitmap #cards 512 size 80 coarsen threshold 460 Card regions per heap region 1 cards per card region 2048
 CPUs: 8 total, 8 available
 Memory: 8022M
 Large Page Support: Disabled
 NUMA Support: Disabled
 Compressed Oops: Enabled (32-bit)
 Heap Region Size: 1M
 Heap Min Capacity: 64M
 Heap Initial Capacity: 64M
 Heap Max Capacity: 64M
 Pre-touch: Disabled
 Parallel Workers: 8
 Concurrent Workers: 2
 Concurrent Refinement Workers: 8
 Periodic GC: Disabled

Heap:
 garbage-first heap   total 65536K, used 25984K [0x00000000fc000000, 0x0000000100000000)
  region size 1024K, 19 young (19456K), 3 survivors (3072K)
 Metaspace       used 9097K, committed 9344K, reserved 1114112K
  class space    used 1220K, committed 1344K, reserved 1048576K

Heap Regions: E=young(eden), S=young(survivor), O=old, HS=humongous(starts), HC=humongous(continues), CS=collection set, F=free, OA=open archive, CA=closed archive, TAMS=top-at-mark-start, PB=parsable bottom
|   0|0x00000000fc000000, 0x00000000fc100000, 0x00000000fc100000|100%|HS|  |TAMS 0x00000000fc000000| PB 0x00000000fc000000| Complete 
|   1|0x00000000fc100000, 0x00000000fc200000, 0x00000000fc200000|100%|HC|  |TAMS 0x00000000fc100000| PB 0x00000000fc100000| Complete 
|   2|0x00000000fc200000, 0x00000000fc300000, 0x00000000fc300000|100%|HC|  |TAMS 0x00000000fc200000| PB 0x00000000fc200000| Complete 
|   3|0x00000000fc300000, 0x00000000fc400000, 0x00000000fc400000|100%|HC|  |TAMS 0x00000000fc300000| PB 0x00000000fc300000| Complete 
|   4|0x00000000fc400000, 0x00000000fc500000, 0x00000000fc500000|100%| O|  |TAMS 0x00000000fc400000| PB 0x00000000fc400000| Untracked 
|   5|0x00000000fc500000, 0x00000000fc600000, 0x00000000fc600000|100%| O|  |TAMS 0x00000000fc500000| PB 0x00000000fc500000| Untracked 
|   6|0x00000000fc600000, 0x00000000fc700000, 0x00000000fc700000|100%| O|  |TAMS 0x00000000fc600000| PB 0x00000000fc600000| Untracked 
|   7|0x00000000fc700000, 0x00000000fc760000, 0x00000000fc800000| 37%| O|  |TAMS 0x00000000fc700000| PB 0x00000000fc700000| Untracked 
|   8|0x00000000fc800000, 0x00000000fc800000, 0x00000000fc900000|  0%| F|  |TAMS 0x00000000fc800000| PB 0x00000000fc800000| Untracked 
|   9|0x00000000fc900000, 0x00000000fc900000, 0x00000000fca00000|  0%| F|  |TAMS 0x00000000fc900000| PB 0x00000000fc900000| Untracked 
|  10|0x00000000fca00000, 0x00000000fca00000, 0x00000000fcb00000|  0%| F|  |TAMS 0x00000000fca00000| PB 0x00000000fca00000| Untracked 
|  11|0x00000000fcb00000, 0x00000000fcb00000, 0x00000000fcc00000|  0%| F|  |TAMS 0x00000000fcb00000| PB 0x00000000fcb00000| Untracked 
|  12|0x00000000fcc00000, 0x00000000fcc00000, 0x00000000fcd00000|  0%| F|  |TAMS 0x00000000fcc00000| PB 0x00000000fcc00000| Untracked 
|  13|0x00000000fcd00000, 0x00000000fcd00000, 0x00000000fce00000|  0%| F|  |TAMS 0x00000000fcd00000| PB 0x00000000fcd00000| Untracked 
|  14|0x00000000fce00000, 0x00000000fce00000, 0x00000000fcf00000|  0%| F|  |TAMS 0x00000000fce00000| PB 0x00000000fce00000| Untracked 
|  15|0x00000000fcf00000, 0x00000000fcf00000, 0x00000000fd000000|  0%| F|  |TAMS 0x00000000fcf00000| PB 0x00000000fcf00000| Untracked 
|  16|0x00000000fd000000, 0x00000000fd000000, 0x00000000fd100000|  0%| F|  |TAMS 0x00000000fd000000| PB 0x00000000fd000000| Untracked 
|  17|0x00000000fd100000, 0x00000000fd100000, 0x00000000fd200000|  0%| F|  |TAMS 0x00000000fd100000| PB 0x00000000fd100000| Untracked 
|  18|0x00000000fd200000, 0x00000000fd200000, 0x00000000fd300000|  0%| F|  |TAMS 0x00000000fd200000| PB 0x00000000fd200000| Untracked 
|  19|0x00000000fd300000, 0x00000000fd300000, 0x00000000fd400000|  0%| F|  |TAMS 0x00000000fd300000| PB 0x00000000fd300000| Untracked 
|  20|0x00000000fd400000, 0x00000000fd400000, 0x00000000fd500000|  0%| F|  |TAMS 0x00000000fd400000| PB 0x00000000fd400000| Untracked 
|  21|0x00000000fd500000, 0x00000000fd500000, 0x00000000fd600000|  0%| F|  |TAMS 0x00000000fd500000| PB 0x00000000fd500000| Untracked 
|  22|0x00000000fd600000, 0x00000000fd600000, 0x00000000fd700000|  0%| F|  |TAMS 0x00000000fd600000| PB 0x00000000fd600000| Untracked 
|  23|0x00000000fd700000, 0x00000000fd700000, 0x00000000fd800000|  0%| F|  |TAMS 0x00000000fd700000| PB 0x00000000fd700000| Untracked 
|  24|0x00000000fd800000, 0x00000000fd800000, 0x00000000fd900000|  0%| F|  |TAMS 0x00000000fd800000| PB 0x00000000fd800000| Untracked 
|  25|0x00000000fd900000, 0x00000000fd900000, 0x00000000fda00000|  0%| F|  |TAMS 0x00000000fd900000| PB 0x00000000fd900000| Untracked 
|  26|0x00000000fda00000, 0x00000000fda00000, 0x00000000fdb00000|  0%| F|  |TAMS 0x00000000fda00000| PB 0x00000000fda00000| Untracked 
|  27|0x00000000fdb00000, 0x00000000fdb00000, 0x00000000fdc00000|  0%| F|  |TAMS 0x00000000fdb00000| PB 0x00000000fdb00000| Untracked 
|  28|0x00000000fdc00000, 0x00000000fdc00000, 0x00000000fdd00000|  0%| F|  |TAMS 0x00000000fdc00000| PB 0x00000000fdc00000| Untracked 
|  29|0x00000000fdd00000, 0x00000000fdd00000, 0x00000000fde00000|  0%| F|  |TAMS 0x00000000fdd00000| PB 0x00000000fdd00000| Untracked 
|  30|0x00000000fde00000, 0x00000000fde00000, 0x00000000fdf00000|  0%| F|  |TAMS 0x00000000fde00000| PB 0x00000000fde00000| Untracked 
|  31|0x00000000fdf00000, 0x00000000fdf00000, 0x00000000fe000000|  0%| F|  |TAMS 0x00000000fdf00000| PB 0x00000000fdf00000| Untracked 
|  32|0x00000000fe000000, 0x00000000fe000000, 0x00000000fe100000|  0%| F|  |TAMS 0x00000000fe000000| PB 0x00000000fe000000| Untracked 
|  33|0x00000000fe100000, 0x00000000fe100000, 0x00000000fe200000|  0%| F|  |TAMS 0x00000000fe100000| PB 0x00000000fe100000| Untracked 
|  34|0x00000000fe200000, 0x00000000fe200000, 0x00000000fe300000|  0%| F|  |TAMS 0x00000000fe200000| PB 0x00000000fe200000| Untracked 
|  35|0x00000000fe300000, 0x00000000fe300000, 0x00000000fe400000|  0%| F|  |TAMS 0x00000000fe300000| PB 0x00000000fe300000| Untracked 
|  36|0x00000000fe400000, 0x00000000fe400000, 0x00000000fe500000|  0%| F|  |TAMS 0x00000000fe400000| PB 0x00000000fe400000| Untracked 
|  37|0x00000000fe500000, 0x00000000fe500000, 0x00000000fe600000|  0%| F|  |TAMS 0x00000000fe500000| PB 0x00000000fe500000| Untracked 
|  38|0x00000000fe600000, 0x00000000fe700000, 0x00000000fe700000|100%| S|CS|TAMS 0x00000000fe600000| PB 0x00000000fe600000| Complete 
|  39|0x00000000fe700000, 0x00000000fe800000, 0x00000000fe800000|100%| S|CS|TAMS 0x00000000fe700000| PB 0x00000000fe700000| Complete 
|  40|0x00000000fe800000, 0x00000000fe900000, 0x00000000fe900000|100%| S|CS|TAMS 0x00000000fe800000| PB 0x00000000fe800000| Complete 
|  41|0x00000000fe900000, 0x00000000fe900000, 0x00000000fea00000|  0%| F|  |TAMS 0x00000000fe900000| PB 0x00000000fe900000| Untracked 
|  42|0x00000000fea00000, 0x00000000fea00000, 0x00000000feb00000|  0%| F|  |TAMS 0x00000000fea00000| PB 0x00000000fea00000| Untracked 
|  43|0x00000000feb00000, 0x00000000feb00000, 0x00000000fec00000|  0%| F|  |TAMS 0x00000000feb00000| PB 0x00000000feb00000| Untracked 
|  44|0x00000000fec00000, 0x00000000fec00000, 0x00000000fed00000|  0%| F|  |TAMS 0x00000000fec00000| PB 0x00000000fec00000| Untracked 
|  45|0x00000000fed00000, 0x00000000fed00000, 0x00000000fee00000|  0%| F|  |TAMS 0x00000000fed00000| PB 0x00000000fed00000| Untracked 
|  46|0x00000000fee00000, 0x00000000fee00000, 0x00000000fef00000|  0%| F|  |TAMS 0x00000000fee00000| PB 0x00000000fee00000| Untracked 
|  47|0x00000000fef00000, 0x00000000fef00000, 0x00000000ff000000|  0%| F|  |TAMS 0x00000000fef00000| PB 0x00000000fef00000| Untracked 
|  48|0x00000000ff000000, 0x00000000ff100000, 0x00000000ff100000|100%| E|  |TAMS 0x00000000ff000000| PB 0x00000000ff000000| Complete 
|  49|0x00000000ff100000, 0x00000000ff200000, 0x00000000ff200000|100%| E|CS|TAMS 0x00000000ff100000| PB 0x00000000ff100000| Complete 
|  50|0x00000000ff200000, 0x00000000ff300000, 0x00000000ff300000|100%| E|CS|TAMS 0x00000000ff200000| PB 0x00000000ff200000| Complete 
|  51|0x00000000ff300000, 0x00000000ff400000, 0x00000000ff400000|100%| E|CS|TAMS 0x00000000ff300000| PB 0x00000000ff300000| Complete 
|  52|0x00000000ff400000, 0x00000000ff500000, 0x00000000ff500000|100%| E|CS|TAMS 0x00000000ff400000| PB 0x00000000ff400000| Complete 
|  53|0x00000000ff500000, 0x00000000ff600000, 0x00000000ff600000|100%| E|CS|TAMS 0x00000000ff500000| PB 0x00000000ff500000| Complete 
|  54|0x00000000ff600000, 0x00000000ff700000, 0x00000000ff700000|100%| E|CS|TAMS 0x00000000ff600000| PB 0x00000000ff600000| Complete 
|  55|0x00000000ff700000, 0x00000000ff800000, 0x00000000ff800000|100%| E|CS|TAMS 0x00000000ff700000| PB 0x00000000ff700000| Complete 
|  56|0x00000000ff800000, 0x00000000ff900000, 0x00000000ff900000|100%| E|CS|TAMS 0x00000000ff800000| PB 0x00000000ff800000| Complete 
|  57|0x00000000ff900000, 0x00000000ffa00000, 0x00000000ffa00000|100%| E|CS|TAMS 0x00000000ff900000| PB 0x00000000ff900000| Complete 
|  58|0x00000000ffa00000, 0x00000000ffb00000, 0x00000000ffb00000|100%| E|CS|TAMS 0x00000000ffa00000| PB 0x00000000ffa00000| Complete 
|  59|0x00000000ffb00000, 0x00000000ffc00000, 0x00000000ffc00000|100%| E|CS|TAMS 0x00000000ffb00000| PB 0x00000000ffb00000| Complete 
|  60|0x00000000ffc00000, 0x00000000ffd00000, 0x00000000ffd00000|100%| E|CS|TAMS 0x00000000ffc00000| PB 0x00000000ffc00000| Complete 
|  61|0x00000000ffd00000, 0x00000000ffe00000, 0x00000000ffe00000|100%| E|CS|TAMS 0x00000000ffd00000| PB 0x00000000ffd00000| Complete 
|  62|0x00000000ffe00000, 0x00000000fff00000, 0x00000000fff00000|100%| E|CS|TAMS 0x00000000ffe00000| PB 0x00000000ffe00000| Complete 
|  63|0x00000000fff00000, 0x0000000100000000, 0x0000000100000000|100%| E|CS|TAMS 0x00000000fff00000| PB 0x00000000fff00000| Complete 

Card table byte_map: [0x000001a24a990000,0x000001a24a9b0000] _byte_map_base: 0x000001a24a1b0000

Marking Bits: (CMBitMap*) 0x000001a24c9c6410
 Bits: [0x000001a263d80000, 0x000001a263e80000)

Polling page: 0x000001a24a940000

Metaspace:

Usage:
  Non-class:      7.69 MB used.
      Class:      1.19 MB used.
       Both:      8.88 MB used.

Virtual space:
  Non-class space:       64.00 MB reserved,       7.81 MB ( 12%) committed,  1 nodes.
      Class space:        1.00 GB reserved,       1.31 MB ( <1%) committed,  1 nodes.
             Both:        1.06 GB reserved,       9.12 MB ( <1%) committed. 

Chunk freelists:
   Non-Class:  3.70 MB
       Class:  2.53 MB
        Both:  6.23 MB

MaxMetaspaceSize: unlimited
CompressedClassSpaceSize: 1.00 GB
Initial GC threshold: 21.00 MB
Current GC threshold: 21.00 MB
CDS: on
MetaspaceReclaimPolicy: balanced
 - commit_granule_bytes: 65536.
 - commit_granule_words: 8192.
 - virtual_space_node_default_size: 8388608.
 - enlarge_chunks_in_place: 1.
 - new_chunks_are_fully_committed: 0.
 - uncommit_free_chunks: 1.
 - use_allocation_guard: 0.


Internal statistics:

num_allocs_failed_limit: 0.
num_arena_births: 190.
num_arena_deaths: 0.
num_vsnodes_births: 2.
num_vsnodes_deaths: 0.
num_space_committed: 146.
num_space_uncommitted: 0.
num_chunks_returned_to_freelist: 0.
num_chunks_taken_from_freelist: 437.
num_chunk_merges: 0.
num_chunk_splits: 293.
num_chunks_enlarged: 227.
num_inconsistent_stats: 0.

CodeHeap 'non-profiled nmethods': size=120000Kb used=485Kb max_used=485Kb free=119514Kb
 bounds [0x000001a25c520000, 0x000001a25c790000, 0x000001a263a50000]
CodeHeap 'profiled nmethods': size=120000Kb used=2588Kb max_used=2588Kb free=117411Kb
 bounds [0x000001a254a50000, 0x000001a254ce0000, 0x000001a25bf80000]
CodeHeap 'non-nmethods': size=5760Kb used=1450Kb max_used=1466Kb free=4309Kb
 bounds [0x000001a25bf80000, 0x000001a25c1f0000, 0x000001a25c520000]
 total_blobs=1879 nmethods=1390 adapters=400
 compilation: enabled
              stopped_count=0, restarted_count=0
 full_count=0

Compilation events (20 events):
Event: 8.698 Thread 0x000001a26683afe0 1380       1       java.util.Collections$EmptyList::isEmpty (2 bytes)
Event: 8.698 Thread 0x000001a26683afe0 nmethod 1380 0x000001a25c598c10 code [0x000001a25c598d80, 0x000001a25c598e48]
Event: 9.100 Thread 0x000001a26683afe0 1381       3       java.util.AbstractList$Itr::<init> (31 bytes)
Event: 9.101 Thread 0x000001a26683afe0 nmethod 1381 0x000001a254cd1910 code [0x000001a254cd1aa0, 0x000001a254cd1c80]
Event: 9.209 Thread 0x000001a26683afe0 1382       3       java.util.concurrent.ThreadPoolExecutor::isShutdown (12 bytes)
Event: 9.210 Thread 0x000001a26683afe0 nmethod 1382 0x000001a254cd1d90 code [0x000001a254cd1f20, 0x000001a254cd2108]
Event: 9.210 Thread 0x000001a26683afe0 1383       3       java.util.concurrent.ScheduledThreadPoolExecutor::canRunInCurrentRunState (61 bytes)
Event: 9.211 Thread 0x000001a26683afe0 nmethod 1383 0x000001a254cd2210 code [0x000001a254cd2400, 0x000001a254cd2c08]
Event: 9.409 Thread 0x000001a26683afe0 1384       3       java.util.HashMap$ValueIterator::next (8 bytes)
Event: 9.409 Thread 0x000001a26683afe0 nmethod 1384 0x000001a254cd2e10 code [0x000001a254cd2fa0, 0x000001a254cd30e0]
Event: 9.410 Thread 0x000001a26683afe0 1385       1       org.fusesource.jansi.Ansi$Attribute::value (5 bytes)
Event: 9.410 Thread 0x000001a26683afe0 nmethod 1385 0x000001a25c598f10 code [0x000001a25c599080, 0x000001a25c599148]
Event: 9.410 Thread 0x000001a26683afe0 1386       3       org.gradle.internal.logging.console.DefaultRedrawableLabel::redraw (163 bytes)
Event: 9.411 Thread 0x000001a26683afe0 nmethod 1386 0x000001a254cd3190 code [0x000001a254cd3400, 0x000001a254cd3eb0]
Event: 9.543 Thread 0x000001a26683afe0 1388       3       java.lang.invoke.LambdaForm::returnType (26 bytes)
Event: 9.544 Thread 0x000001a26683afe0 nmethod 1388 0x000001a254cd4310 code [0x000001a254cd44a0, 0x000001a254cd4650]
Event: 9.544 Thread 0x000001a26683afe0 1389       3       jdk.internal.org.objectweb.asm.MethodWriter::visitCode (1 bytes)
Event: 9.544 Thread 0x000001a26683afe0 nmethod 1389 0x000001a254cd4710 code [0x000001a254cd48a0, 0x000001a254cd49b0]
Event: 9.544 Thread 0x000001a266838520 1390       4       jdk.internal.org.objectweb.asm.SymbolTable::addConstantUtf8 (98 bytes)
Event: 9.544 Thread 0x000001a26683afe0 1391       3       java.lang.Class::descriptorString (170 bytes)

GC Heap History (2 events):
Event: 0.629 GC heap before
{Heap before GC invocations=0 (full 0):
 garbage-first heap   total 65536K, used 27648K [0x00000000fc000000, 0x0000000100000000)
  region size 1024K, 23 young (23552K), 0 survivors (0K)
 Metaspace       used 3831K, committed 4032K, reserved 1114112K
  class space    used 480K, committed 576K, reserved 1048576K
}
Event: 0.635 GC heap after
{Heap after GC invocations=1 (full 0):
 garbage-first heap   total 65536K, used 10624K [0x00000000fc000000, 0x0000000100000000)
  region size 1024K, 3 young (3072K), 3 survivors (3072K)
 Metaspace       used 3831K, committed 4032K, reserved 1114112K
  class space    used 480K, committed 576K, reserved 1048576K
}

Dll operation events (13 events):
Event: 0.011 Loaded shared library C:\Program Files\Java\jdk-20\bin\java.dll
Event: 0.023 Loaded shared library C:\Program Files\Java\jdk-20\bin\jsvml.dll
Event: 0.071 Loaded shared library C:\Program Files\Java\jdk-20\bin\net.dll
Event: 0.072 Loaded shared library C:\Program Files\Java\jdk-20\bin\nio.dll
Event: 0.076 Loaded shared library C:\Program Files\Java\jdk-20\bin\zip.dll
Event: 0.079 Loaded shared library C:\Program Files\Java\jdk-20\bin\verify.dll
Event: 0.321 Loaded shared library C:\Program Files\Java\jdk-20\bin\jimage.dll
Event: 0.653 Loaded shared library C:\Users\MI\.gradle\native\c067742578af261105cb4f569cf0c3c89f3d7b1fecec35dd04571415982c5e48\windows-amd64\native-platform.dll
Event: 0.678 Loaded shared library C:\Users\MI\.gradle\native\jansi\1.18\windows64\jansi.dll
Event: 0.859 Loaded shared library C:\Program Files\Java\jdk-20\bin\management.dll
Event: 0.863 Loaded shared library C:\Program Files\Java\jdk-20\bin\management_ext.dll
Event: 1.161 Loaded shared library C:\Program Files\Java\jdk-20\bin\extnet.dll
Event: 1.239 Loaded shared library C:\Program Files\Java\jdk-20\bin\sunmscapi.dll

Deoptimization events (20 events):
Event: 0.954 Thread 0x000001a24c9a08b0 Uncommon trap: trap_request=0xffffffc6 fr.pc=0x000001a25c57cb30 relative=0x00000000000002f0
Event: 0.954 Thread 0x000001a24c9a08b0 Uncommon trap: reason=bimorphic_or_optimized_type_check action=maybe_recompile pc=0x000001a25c57cb30 method=java.util.concurrent.ConcurrentHashMap.get(Ljava/lang/Object;)Ljava/lang/Object; @ 149 c2
Event: 0.954 Thread 0x000001a24c9a08b0 DEOPT PACKING pc=0x000001a25c57cb30 sp=0x00000022179fc8f0
Event: 0.954 Thread 0x000001a24c9a08b0 DEOPT UNPACKING pc=0x000001a25bfe9d22 sp=0x00000022179fc860 mode 2
Event: 0.992 Thread 0x000001a24c9a08b0 Uncommon trap: trap_request=0xffffffc6 fr.pc=0x000001a25c57cb30 relative=0x00000000000002f0
Event: 0.992 Thread 0x000001a24c9a08b0 Uncommon trap: reason=bimorphic_or_optimized_type_check action=maybe_recompile pc=0x000001a25c57cb30 method=java.util.concurrent.ConcurrentHashMap.get(Ljava/lang/Object;)Ljava/lang/Object; @ 149 c2
Event: 0.992 Thread 0x000001a24c9a08b0 DEOPT PACKING pc=0x000001a25c57cb30 sp=0x00000022179fccc0
Event: 0.992 Thread 0x000001a24c9a08b0 DEOPT UNPACKING pc=0x000001a25bfe9d22 sp=0x00000022179fcc30 mode 2
Event: 1.042 Thread 0x000001a24c9a08b0 Uncommon trap: trap_request=0xffffff45 fr.pc=0x000001a25c570bfc relative=0x00000000000016dc
Event: 1.042 Thread 0x000001a24c9a08b0 Uncommon trap: reason=unstable_if action=reinterpret pc=0x000001a25c570bfc method=java.io.WinNTFileSystem.normalize(Ljava/lang/String;)Ljava/lang/String; @ 128 c2
Event: 1.042 Thread 0x000001a24c9a08b0 DEOPT PACKING pc=0x000001a25c570bfc sp=0x00000022179fccb0
Event: 1.042 Thread 0x000001a24c9a08b0 DEOPT UNPACKING pc=0x000001a25bfe9d22 sp=0x00000022179fcc88 mode 2
Event: 1.183 Thread 0x000001a24c9a08b0 Uncommon trap: trap_request=0xffffff45 fr.pc=0x000001a25c556a1c relative=0x000000000000057c
Event: 1.183 Thread 0x000001a24c9a08b0 Uncommon trap: reason=unstable_if action=reinterpret pc=0x000001a25c556a1c method=java.lang.AbstractStringBuilder.append(Ljava/lang/String;)Ljava/lang/AbstractStringBuilder; @ 1 c2
Event: 1.183 Thread 0x000001a24c9a08b0 DEOPT PACKING pc=0x000001a25c556a1c sp=0x00000022179fda20
Event: 1.183 Thread 0x000001a24c9a08b0 DEOPT UNPACKING pc=0x000001a25bfe9d22 sp=0x00000022179fd9a0 mode 2
Event: 1.183 Thread 0x000001a24c9a08b0 Uncommon trap: trap_request=0xffffff45 fr.pc=0x000001a25c572a94 relative=0x0000000000000574
Event: 1.183 Thread 0x000001a24c9a08b0 Uncommon trap: reason=unstable_if action=reinterpret pc=0x000001a25c572a94 method=java.lang.AbstractStringBuilder.append(Ljava/lang/String;)Ljava/lang/AbstractStringBuilder; @ 1 c2
Event: 1.183 Thread 0x000001a24c9a08b0 DEOPT PACKING pc=0x000001a25c572a94 sp=0x00000022179fd9b0
Event: 1.183 Thread 0x000001a24c9a08b0 DEOPT UNPACKING pc=0x000001a25bfe9d22 sp=0x00000022179fd998 mode 2

Classes loaded (20 events):
Event: 1.328 Loading class java/nio/channels/AsynchronousCloseException done
Event: 9.535 Loading class java/io/ObjectInputStream
Event: 9.536 Loading class java/io/ObjectInput
Event: 9.537 Loading class java/io/ObjectInput done
Event: 9.537 Loading class java/io/ObjectStreamConstants
Event: 9.537 Loading class java/io/ObjectStreamConstants done
Event: 9.537 Loading class java/io/ObjectInputStream done
Event: 9.539 Loading class java/io/ObjectOutputStream
Event: 9.539 Loading class java/io/ObjectOutput
Event: 9.539 Loading class java/io/ObjectOutput done
Event: 9.540 Loading class java/io/ObjectOutputStream done
Event: 9.540 Loading class java/lang/UnsupportedClassVersionError
Event: 9.541 Loading class java/lang/ClassFormatError
Event: 9.541 Loading class java/lang/ClassFormatError done
Event: 9.541 Loading class java/lang/UnsupportedClassVersionError done
Event: 9.542 Loading class jdk/internal/access/JavaObjectInputStreamAccess
Event: 9.543 Loading class jdk/internal/access/JavaObjectInputStreamAccess done
Event: 9.544 Loading class jdk/internal/access/JavaObjectInputStreamReadString
Event: 9.544 Loading class jdk/internal/access/JavaObjectInputStreamReadString done
Event: 9.545 Loading class java/io/ObjectInputStream$BlockDataInputStream

Classes unloaded (0 events):
No events

Classes redefined (0 events):
No events

Internal exceptions (20 events):
Event: 0.142 Thread 0x000001a24c9a08b0 Exception <a 'java/lang/NoSuchMethodError'{0x00000000ffdf7498}: 'void java.lang.invoke.DirectMethodHandle$Holder.invokeSpecial(java.lang.Object, java.lang.Object, java.lang.Object)'> (0x00000000ffdf7498) 
thrown [s\open\src\hotspot\share\interpreter\linkResolver.cpp, line 773]
Event: 0.153 Thread 0x000001a24c9a08b0 Exception <a 'java/lang/NoSuchMethodError'{0x00000000ffc4e0d0}: 'void java.lang.invoke.DirectMethodHandle$Holder.invokeStatic(java.lang.Object, java.lang.Object, java.lang.Object)'> (0x00000000ffc4e0d0) 
thrown [s\open\src\hotspot\share\interpreter\linkResolver.cpp, line 773]
Event: 0.155 Thread 0x000001a24c9a08b0 Exception <a 'java/lang/NoSuchMethodError'{0x00000000ffc607c0}: 'java.lang.Object java.lang.invoke.Invokers$Holder.invokeExact_MT(java.lang.Object, java.lang.Object, java.lang.Object, java.lang.Object, java.lang.Object)'> (0x00000000ffc607c0) 
thrown [s\open\src\hotspot\share\interpreter\linkResolver.cpp, line 773]
Event: 0.162 Thread 0x000001a24c9a08b0 Exception <a 'java/lang/NoSuchMethodError'{0x00000000ffb185f0}: 'int java.lang.invoke.DirectMethodHandle$Holder.invokeStaticInit(java.lang.Object, java.lang.Object)'> (0x00000000ffb185f0) 
thrown [s\open\src\hotspot\share\interpreter\linkResolver.cpp, line 773]
Event: 0.616 Thread 0x000001a24c9a08b0 Exception <a 'java/lang/NoClassDefFoundError'{0x00000000fe96cde0}: org/slf4j/impl/StaticMarkerBinder> (0x00000000fe96cde0) 
thrown [s\open\src\hotspot\share\classfile\systemDictionary.cpp, line 294]
Event: 0.628 Thread 0x000001a24c9a08b0 Exception <a 'java/lang/NoSuchMethodError'{0x00000000fe9fb078}: 'java.lang.Object java.lang.invoke.DirectMethodHandle$Holder.invokeVirtual(java.lang.Object, java.lang.Object, java.lang.Object, java.lang.Object, java.lang.Object, java.lang.Object, java.lang.Object)'> (0x00000000fe9fb078) 
thrown [s\open\src\hotspot\share\interpreter\linkResolver.cpp, line 773]
Event: 0.638 Thread 0x000001a24c9a08b0 Exception <a 'java/lang/NoSuchMethodError'{0x00000000fff0e330}: 'java.lang.Object java.lang.invoke.DirectMethodHandle$Holder.invokeStatic(java.lang.Object, java.lang.Object, int)'> (0x00000000fff0e330) 
thrown [s\open\src\hotspot\share\interpreter\linkResolver.cpp, line 773]
Event: 0.639 Thread 0x000001a24c9a08b0 Exception <a 'java/lang/NoSuchMethodError'{0x00000000fff19780}: 'void java.lang.invoke.DelegatingMethodHandle$Holder.delegate(java.lang.Object, java.lang.Object, int, java.lang.Object)'> (0x00000000fff19780) 
thrown [s\open\src\hotspot\share\interpreter\linkResolver.cpp, line 773]
Event: 0.639 Thread 0x000001a24c9a08b0 Exception <a 'java/lang/NoSuchMethodError'{0x00000000fff1d5f0}: 'int java.lang.invoke.DirectMethodHandle$Holder.invokeSpecial(java.lang.Object, java.lang.Object, java.lang.Object)'> (0x00000000fff1d5f0) 
thrown [s\open\src\hotspot\share\interpreter\linkResolver.cpp, line 773]
Event: 0.661 Thread 0x000001a24c9a08b0 Exception <a 'java/lang/NoSuchMethodError'{0x00000000ffff6c70}: 'java.lang.Object java.lang.invoke.DirectMethodHandle$Holder.invokeVirtual(java.lang.Object, java.lang.Object, java.lang.Object)'> (0x00000000ffff6c70) 
thrown [s\open\src\hotspot\share\interpreter\linkResolver.cpp, line 773]
Event: 0.768 Thread 0x000001a24c9a08b0 Exception <a 'java/lang/NoSuchMethodError'{0x00000000ffb4ac08}: 'java.lang.Object java.lang.invoke.DirectMethodHandle$Holder.invokeVirtual(java.lang.Object, java.lang.Object, java.lang.Object, java.lang.Object)'> (0x00000000ffb4ac08) 
thrown [s\open\src\hotspot\share\interpreter\linkResolver.cpp, line 773]
Event: 0.789 Thread 0x000001a24c9a08b0 Exception <a 'java/lang/NoSuchMethodError'{0x00000000ffbd0808}: 'java.lang.Object java.lang.invoke.DirectMethodHandle$Holder.invokeVirtual(java.lang.Object, java.lang.Object, java.lang.Object, java.lang.Object, java.lang.Object, java.lang.Object)'> (0x00000000ffbd0808) 
thrown [s\open\src\hotspot\share\interpreter\linkResolver.cpp, line 773]
Event: 0.903 Thread 0x000001a24c9a08b0 Exception <a 'java/lang/NoSuchMethodError'{0x00000000ff7f84f8}: 'java.lang.Object java.lang.invoke.DirectMethodHandle$Holder.invokeVirtual(java.lang.Object, java.lang.Object, java.lang.Object, java.lang.Object, java.lang.Object)'> (0x00000000ff7f84f8) 
thrown [s\open\src\hotspot\share\interpreter\linkResolver.cpp, line 773]
Event: 0.905 Thread 0x000001a24c9a08b0 Exception <a 'java/lang/NoSuchMethodError'{0x00000000ff60bba0}: 'java.lang.Object java.lang.invoke.Invokers$Holder.invokeExact_MT(java.lang.Object, java.lang.Object, java.lang.Object, java.lang.Object, java.lang.Object, java.lang.Object)'> (0x00000000ff60bba0) 
thrown [s\open\src\hotspot\share\interpreter\linkResolver.cpp, line 773]
Event: 0.948 Thread 0x000001a24c9a08b0 Exception <a 'java/lang/NoSuchMethodError'{0x00000000ff575458}: 'java.lang.Object java.lang.invoke.DirectMethodHandle$Holder.invokeVirtual(java.lang.Object, java.lang.Object, java.lang.Object, java.lang.Object, java.lang.Object, java.lang.Object, java.lang.Object, java.lang.Object)'> (0x00000000ff575458) 
thrown [s\open\src\hotspot\share\interpreter\linkResolver.cpp, line 773]
Event: 0.987 Thread 0x000001a24c9a08b0 Exception <a 'java/lang/NoSuchMethodError'{0x00000000ff4a4620}: 'java.lang.Object java.lang.invoke.DirectMethodHandle$Holder.invokeStaticInit(java.lang.Object, int, int, int, int)'> (0x00000000ff4a4620) 
thrown [s\open\src\hotspot\share\interpreter\linkResolver.cpp, line 773]
Event: 1.059 Thread 0x000001a24c9a08b0 Exception <a 'java/lang/NoSuchMethodError'{0x00000000ff331618}: 'java.lang.Object java.lang.invoke.DirectMethodHandle$Holder.invokeStaticInit(java.lang.Object, java.lang.Object, int, int, int, int)'> (0x00000000ff331618) 
thrown [s\open\src\hotspot\share\interpreter\linkResolver.cpp, line 773]
Event: 1.183 Thread 0x000001a24c9a08b0 Implicit null exception at 0x000001a25c5564e0 to 0x000001a25c556a04
Event: 1.183 Thread 0x000001a24c9a08b0 Implicit null exception at 0x000001a25c572560 to 0x000001a25c572a7c
Event: 1.186 Thread 0x000001a24c9a08b0 Exception <a 'java/lang/NoSuchMethodError'{0x00000000ff2154d0}: 'void java.lang.invoke.DirectMethodHandle$Holder.invokeInterface(java.lang.Object, java.lang.Object, java.lang.Object)'> (0x00000000ff2154d0) 
thrown [s\open\src\hotspot\share\interpreter\linkResolver.cpp, line 773]

VM Operations (20 events):
Event: 0.637 Executing VM operation: HandshakeAllThreads
Event: 0.637 Executing VM operation: HandshakeAllThreads done
Event: 0.755 Executing VM operation: HandshakeAllThreads
Event: 0.755 Executing VM operation: HandshakeAllThreads done
Event: 0.815 Executing VM operation: HandshakeAllThreads
Event: 0.815 Executing VM operation: HandshakeAllThreads done
Event: 0.875 Executing VM operation: HandshakeAllThreads
Event: 0.875 Executing VM operation: HandshakeAllThreads done
Event: 0.930 Executing VM operation: HandshakeAllThreads
Event: 0.930 Executing VM operation: HandshakeAllThreads done
Event: 1.047 Executing VM operation: HandshakeAllThreads
Event: 1.047 Executing VM operation: HandshakeAllThreads done
Event: 1.302 Executing VM operation: HandshakeAllThreads
Event: 1.302 Executing VM operation: HandshakeAllThreads done
Event: 2.311 Executing VM operation: Cleanup
Event: 2.311 Executing VM operation: Cleanup done
Event: 5.329 Executing VM operation: Cleanup
Event: 5.329 Executing VM operation: Cleanup done
Event: 6.343 Executing VM operation: Cleanup
Event: 6.343 Executing VM operation: Cleanup done

Events (14 events):
Event: 0.023 Thread 0x000001a24c9a08b0 Thread added: 0x000001a24c9a08b0
Event: 0.040 Thread 0x000001a26682c240 Thread added: 0x000001a26682c240
Event: 0.040 Thread 0x000001a26682ce40 Thread added: 0x000001a26682ce40
Event: 0.041 Thread 0x000001a266830e20 Thread added: 0x000001a266830e20
Event: 0.041 Thread 0x000001a2668335e0 Thread added: 0x000001a2668335e0
Event: 0.041 Thread 0x000001a2668367d0 Thread added: 0x000001a2668367d0
Event: 0.041 Thread 0x000001a266837110 Thread added: 0x000001a266837110
Event: 0.041 Thread 0x000001a266838520 Thread added: 0x000001a266838520
Event: 0.041 Thread 0x000001a26683afe0 Thread added: 0x000001a26683afe0
Event: 0.063 Thread 0x000001a26ac7c250 Thread added: 0x000001a26ac7c250
Event: 0.067 Thread 0x000001a26ac881e0 Thread added: 0x000001a26ac881e0
Event: 0.696 Thread 0x000001a26b5a1e30 Thread added: 0x000001a26b5a1e30
Event: 1.322 Thread 0x000001a26b9a14f0 Thread added: 0x000001a26b9a14f0
Event: 1.329 Thread 0x000001a26b868f60 Thread added: 0x000001a26b868f60


Dynamic libraries:
0x00007ff7c3a80000 - 0x00007ff7c3a90000 	C:\Program Files\Java\jdk-20\bin\java.exe
0x00007ffafcd90000 - 0x00007ffafcfa7000 	C:\WINDOWS\SYSTEM32\ntdll.dll
0x00007ffafc550000 - 0x00007ffafc614000 	C:\WINDOWS\System32\KERNEL32.DLL
0x00007ffafa6a0000 - 0x00007ffafaa4d000 	C:\WINDOWS\System32\KERNELBASE.dll
0x00007ffafa4e0000 - 0x00007ffafa5f1000 	C:\WINDOWS\System32\ucrtbase.dll
0x00007ffad8430000 - 0x00007ffad844b000 	C:\Program Files\Java\jdk-20\bin\VCRUNTIME140.dll
0x00007ffad8180000 - 0x00007ffad8199000 	C:\Program Files\Java\jdk-20\bin\jli.dll
0x00007ffafb250000 - 0x00007ffafb302000 	C:\WINDOWS\System32\ADVAPI32.dll
0x00007ffafc680000 - 0x00007ffafc727000 	C:\WINDOWS\System32\msvcrt.dll
0x00007ffafbbf0000 - 0x00007ffafbc99000 	C:\WINDOWS\System32\sechost.dll
0x00007ffafa0c0000 - 0x00007ffafa0e8000 	C:\WINDOWS\System32\bcrypt.dll
0x00007ffafb740000 - 0x00007ffafb854000 	C:\WINDOWS\System32\RPCRT4.dll
0x00007ffafc770000 - 0x00007ffafc91e000 	C:\WINDOWS\System32\USER32.dll
0x00007ffafa4b0000 - 0x00007ffafa4d6000 	C:\WINDOWS\System32\win32u.dll
0x00007ffae1da0000 - 0x00007ffae2033000 	C:\WINDOWS\WinSxS\amd64_microsoft.windows.common-controls_6595b64144ccf1df_6.0.22621.3672_none_2713b9d173822955\COMCTL32.dll
0x00007ffafc520000 - 0x00007ffafc549000 	C:\WINDOWS\System32\GDI32.dll
0x00007ffafa220000 - 0x00007ffafa339000 	C:\WINDOWS\System32\gdi32full.dll
0x00007ffafa600000 - 0x00007ffafa69a000 	C:\WINDOWS\System32\msvcp_win.dll
0x00007ffaeee60000 - 0x00007ffaeee6a000 	C:\WINDOWS\SYSTEM32\VERSION.dll
0x00007ffafc730000 - 0x00007ffafc761000 	C:\WINDOWS\System32\IMM32.DLL
0x00007ffaee500000 - 0x00007ffaee50c000 	C:\Program Files\Java\jdk-20\bin\vcruntime140_1.dll
0x00007ffabdd40000 - 0x00007ffabddce000 	C:\Program Files\Java\jdk-20\bin\msvcp140.dll
0x00007ffa89e40000 - 0x00007ffa8aad7000 	C:\Program Files\Java\jdk-20\bin\server\jvm.dll
0x00007ffadbc10000 - 0x00007ffadbc44000 	C:\WINDOWS\SYSTEM32\WINMM.dll
0x00007ffaf0b20000 - 0x00007ffaf0b29000 	C:\WINDOWS\SYSTEM32\WSOCK32.dll
0x00007ffafb530000 - 0x00007ffafb5a1000 	C:\WINDOWS\System32\WS2_32.dll
0x00007ffaf90b0000 - 0x00007ffaf90c8000 	C:\WINDOWS\SYSTEM32\kernel.appcore.dll
0x00007ffaedd60000 - 0x00007ffaedd6a000 	C:\Program Files\Java\jdk-20\bin\jimage.dll
0x00007ffaf4b00000 - 0x00007ffaf4d32000 	C:\WINDOWS\SYSTEM32\DBGHELP.DLL
0x00007ffafb860000 - 0x00007ffafbbe8000 	C:\WINDOWS\System32\combase.dll
0x00007ffafc930000 - 0x00007ffafca07000 	C:\WINDOWS\System32\OLEAUT32.dll
0x00007ffaef570000 - 0x00007ffaef5a2000 	C:\WINDOWS\SYSTEM32\dbgcore.DLL
0x00007ffafaa50000 - 0x00007ffafaacb000 	C:\WINDOWS\System32\bcryptPrimitives.dll
0x00007ffad1f30000 - 0x00007ffad1f56000 	C:\Program Files\Java\jdk-20\bin\java.dll
0x00007ffabc8e0000 - 0x00007ffabc9b7000 	C:\Program Files\Java\jdk-20\bin\jsvml.dll
0x00007ffafbcc0000 - 0x00007ffafc51f000 	C:\WINDOWS\System32\SHELL32.dll
0x00007ffaf7fc0000 - 0x00007ffaf88bc000 	C:\WINDOWS\SYSTEM32\windows.storage.dll
0x00007ffaf7e80000 - 0x00007ffaf7fbf000 	C:\WINDOWS\SYSTEM32\wintypes.dll
0x00007ffafb5b0000 - 0x00007ffafb6a4000 	C:\WINDOWS\System32\SHCORE.dll
0x00007ffafb4d0000 - 0x00007ffafb52e000 	C:\WINDOWS\System32\shlwapi.dll
0x00007ffaf9ff0000 - 0x00007ffafa011000 	C:\WINDOWS\SYSTEM32\profapi.dll
0x00007ffad8000000 - 0x00007ffad8013000 	C:\Program Files\Java\jdk-20\bin\net.dll
0x00007ffaf26c0000 - 0x00007ffaf27f6000 	C:\WINDOWS\SYSTEM32\WINHTTP.dll
0x00007ffaf9510000 - 0x00007ffaf9579000 	C:\WINDOWS\system32\mswsock.dll
0x00007ffad2dd0000 - 0x00007ffad2de6000 	C:\Program Files\Java\jdk-20\bin\nio.dll
0x00007ffad2d00000 - 0x00007ffad2d18000 	C:\Program Files\Java\jdk-20\bin\zip.dll
0x00007ffaed660000 - 0x00007ffaed670000 	C:\Program Files\Java\jdk-20\bin\verify.dll
0x00007ffad5580000 - 0x00007ffad55a7000 	C:\Users\MI\.gradle\native\c067742578af261105cb4f569cf0c3c89f3d7b1fecec35dd04571415982c5e48\windows-amd64\native-platform.dll
0x00007ffaef220000 - 0x00007ffaef22a000 	C:\Users\MI\.gradle\native\jansi\1.18\windows64\jansi.dll
0x00007ffae0180000 - 0x00007ffae018a000 	C:\Program Files\Java\jdk-20\bin\management.dll
0x00007ffadf370000 - 0x00007ffadf37b000 	C:\Program Files\Java\jdk-20\bin\management_ext.dll
0x00007ffafcd00000 - 0x00007ffafcd08000 	C:\WINDOWS\System32\PSAPI.DLL
0x00007ffaf97b0000 - 0x00007ffaf97cb000 	C:\WINDOWS\SYSTEM32\CRYPTSP.dll
0x00007ffaf9010000 - 0x00007ffaf9045000 	C:\WINDOWS\system32\rsaenh.dll
0x00007ffaf95b0000 - 0x00007ffaf95d8000 	C:\WINDOWS\SYSTEM32\USERENV.dll
0x00007ffaf9710000 - 0x00007ffaf971c000 	C:\WINDOWS\SYSTEM32\CRYPTBASE.dll
0x00007ffaf8b20000 - 0x00007ffaf8b4d000 	C:\WINDOWS\SYSTEM32\IPHLPAPI.DLL
0x00007ffafbcb0000 - 0x00007ffafbcb9000 	C:\WINDOWS\System32\NSI.dll
0x00007ffaf2300000 - 0x00007ffaf2319000 	C:\WINDOWS\SYSTEM32\dhcpcsvc6.DLL
0x00007ffaf22e0000 - 0x00007ffaf22ff000 	C:\WINDOWS\SYSTEM32\dhcpcsvc.DLL
0x00007ffaf8b50000 - 0x00007ffaf8c48000 	C:\WINDOWS\SYSTEM32\DNSAPI.dll
0x00007ffadf280000 - 0x00007ffadf287000 	C:\Program Files\Java\jdk-20\bin\extnet.dll
0x00007ffad4ce0000 - 0x00007ffad4cee000 	C:\Program Files\Java\jdk-20\bin\sunmscapi.dll
0x00007ffafa340000 - 0x00007ffafa4a7000 	C:\WINDOWS\System32\CRYPT32.dll
0x00007ffaf9980000 - 0x00007ffaf99ae000 	C:\WINDOWS\SYSTEM32\ncrypt.dll
0x00007ffaf9940000 - 0x00007ffaf9977000 	C:\WINDOWS\SYSTEM32\NTASN1.dll
0x00007ffada280000 - 0x00007ffada288000 	C:\WINDOWS\system32\wshunix.dll

dbghelp: loaded successfully - version: 4.0.5 - missing functions: none
symbol engine: initialized successfully - sym options: 0x614 - pdb path: .;C:\Program Files\Java\jdk-20\bin;C:\WINDOWS\SYSTEM32;C:\WINDOWS\WinSxS\amd64_microsoft.windows.common-controls_6595b64144ccf1df_6.0.22621.3672_none_2713b9d173822955;C:\Program Files\Java\jdk-20\bin\server;C:\Users\MI\.gradle\native\c067742578af261105cb4f569cf0c3c89f3d7b1fecec35dd04571415982c5e48\windows-amd64;C:\Users\MI\.gradle\native\jansi\1.18\windows64

VM Arguments:
jvm_args: -Xmx64m -Xms64m -Dorg.gradle.appname=gradlew 
java_command: org.gradle.wrapper.GradleWrapperMain run
java_class_path (initial): C:\Users\MI\Downloads\starter\\gradle\wrapper\gradle-wrapper.jar
Launcher Type: SUN_STANDARD

[Global flags]
     intx CICompilerCount                          = 4                                         {product} {ergonomic}
     uint ConcGCThreads                            = 2                                         {product} {ergonomic}
     uint G1ConcRefinementThreads                  = 8                                         {product} {ergonomic}
   size_t G1HeapRegionSize                         = 1048576                                   {product} {ergonomic}
    uintx GCDrainStackTargetSize                   = 64                                        {product} {ergonomic}
   size_t InitialHeapSize                          = 67108864                                  {product} {command line}
   size_t MarkStackSize                            = 4194304                                   {product} {ergonomic}
   size_t MaxHeapSize                              = 67108864                                  {product} {command line}
   size_t MaxNewSize                               = 39845888                                  {product} {ergonomic}
   size_t MinHeapDeltaBytes                        = 1048576                                   {product} {ergonomic}
   size_t MinHeapSize                              = 67108864                                  {product} {command line}
    uintx NonNMethodCodeHeapSize                   = 5839372                                {pd product} {ergonomic}
    uintx NonProfiledCodeHeapSize                  = 122909434                              {pd product} {ergonomic}
    uintx ProfiledCodeHeapSize                     = 122909434                              {pd product} {ergonomic}
    uintx ReservedCodeCacheSize                    = 251658240                              {pd product} {ergonomic}
     bool SegmentedCodeCache                       = true                                      {product} {ergonomic}
   size_t SoftMaxHeapSize                          = 67108864                               {manageable} {ergonomic}
     bool UseCompressedClassPointers               = true                           {product lp64_product} {ergonomic}
     bool UseCompressedOops                        = true                           {product lp64_product} {ergonomic}
     bool UseG1GC                                  = true                                      {product} {ergonomic}
     bool UseLargePagesIndividualAllocation        = false                                  {pd product} {ergonomic}

Logging:
Log output configuration:
 #0: stdout all=warning uptime,level,tags foldmultilines=false
 #1: stderr all=off uptime,level,tags foldmultilines=false

Environment Variables:
JAVA_HOME=C:\Program Files\Java\jdk-20\
CLASSPATH=C:\Users\MI\Downloads\starter\\gradle\wrapper\gradle-wrapper.jar
PATH=C:\Python312\Scripts\;C:\Python312\;C:\Program Files\Common Files\Oracle\Java\javapath;C:\WINDOWS\system32;C:\WINDOWS;C:\WINDOWS\System32\Wbem;C:\WINDOWS\System32\WindowsPowerShell\v1.0\;C:\WINDOWS\System32\OpenSSH\;C:\Program Files\Java\jdk-20\bin;C:\Program Files\MySQL\MySQL Server 8.0\bin;C:\ProgramData\chocolatey\bin;C:\Program Files\nodejs\node_modules\npm;C:\Program Files\nodejs;C:\Program Files\nodejs\;C:\Program Files\Docker\Docker\resources\bin;C:\Program Files\MySQL\MySQL Shell 8.0\bin\;C:\Users\MI\AppData\Local\Programs\Python\Python311\Scripts\;C:\Users\MI\AppData\Local\Programs\Python\Python311\;C:\Users\MI\AppData\Local\Microsoft\WindowsApps;C:\Program Files\Java\jdk-20\bin;C:\Users\MI\AppData\Local\Programs\Microsoft VS Code\bin;C:\Program Files\MongoDB\Server\7.0\bin;C:\Users\MI\Downloads\gradle-8.4-all\gradle-8.4\bin;C:\Users\MI\AppData\Roaming\npm;C:\Users\MI\Downloads\apache-maven-3.9.6\bin;
USERNAME=Harshita
OS=Windows_NT
PROCESSOR_IDENTIFIER=Intel64 Family 6 Model 142 Stepping 12, GenuineIntel
TMP=C:\Users\MI\AppData\Local\Temp
TEMP=C:\Users\MI\AppData\Local\Temp




---------------  S Y S T E M  ---------------

OS:
 Windows 11 , 64 bit Build 22621 (10.0.22621.3672)
OS uptime: 3 days 0:11 hours
Hyper-V role detected

CPU: total 8 (initial active 8) (4 cores per cpu, 2 threads per core) family 6 model 142 stepping 12 microcode 0xde, cx8, cmov, fxsr, ht, mmx, 3dnowpref, sse, sse2, sse3, ssse3, sse4.1, sse4.2, popcnt, lzcnt, tsc, tscinvbit, avx, avx2, aes, erms, clmul, bmi1, bmi2, adx, fma, vzeroupper, clflush, clflushopt, hv, rdtscp, f16c

Memory: 4k page, system-wide physical 8022M (177M free)
TotalPageFile size 26806M (AvailPageFile size 217M)
current process WorkingSet (physical memory assigned to process): 88M, peak: 91M
current process commit charge ("private bytes"): 163M, peak: 165M

vm_info: Java HotSpot(TM) 64-Bit Server VM (20+36-2344) for windows-amd64 JRE (20+36-2344), built on 2023-02-10T19:30:15Z by "mach5one" with MS VC++ 17.1 (VS2022)

END.
